Added Pin To Net: NetName=VCC Pin=C9_REG1-1
Added Pin To Net: NetName=GND Pin=C9_REG1-2
Added Pin To Net: NetName=VCC Pin=C9_REG2-1
Added Pin To Net: NetName=GND Pin=C9_REG2-2
Added Pin To Net: NetName=VCC Pin=C9_REG3-1
Added Pin To Net: NetName=GND Pin=C9_REG3-2
Added Pin To Net: NetName=DOT_7SEG1 Pin=R6_7SEG1-2
Added Pin To Net: NetName=DOT_7SEG2 Pin=R6_7SEG2-2
Added Pin To Net: NetName=DOT_7SEG3 Pin=R6_7SEG3-2
Added Pin To Net: NetName=SEGG_7SEG1 Pin=R7_L1-2
Added Pin To Net: NetName=SEGF_7SEG1 Pin=R7_L2-2
Added Pin To Net: NetName=SEGE_7SEG1 Pin=R7_L3-2
Added Pin To Net: NetName=SEGD_7SEG1 Pin=R7_L4-2
Added Pin To Net: NetName=SEGB_7SEG1 Pin=R7_L5-2
Added Pin To Net: NetName=SEGC_7SEG1 Pin=R7_L6-2
Added Pin To Net: NetName=SEGA_7SEG1 Pin=R7_L7-2
Added Pin To Net: NetName=SEGG_7SEG2 Pin=R7_L8-2
Added Pin To Net: NetName=SEGF_7SEG2 Pin=R7_L9-2
Added Pin To Net: NetName=SEGE_7SEG2 Pin=R7_L10-2
Added Pin To Net: NetName=SEGD_7SEG2 Pin=R7_L11-2
Added Pin To Net: NetName=SEGB_7SEG2 Pin=R7_L12-2
Added Pin To Net: NetName=SEGC_7SEG2 Pin=R7_L13-2
Added Pin To Net: NetName=SEGA_7SEG2 Pin=R7_L14-2
Added Pin To Net: NetName=SEGG_7SEG3 Pin=R7_L15-2
Added Pin To Net: NetName=SEGF_7SEG3 Pin=R7_L16-2
Added Pin To Net: NetName=SEGE_7SEG3 Pin=R7_L17-2
Added Pin To Net: NetName=SEGD_7SEG3 Pin=R7_L18-2
Added Pin To Net: NetName=SEGB_7SEG3 Pin=R7_L19-2
Added Pin To Net: NetName=SEGC_7SEG3 Pin=R7_L20-2
Added Pin To Net: NetName=SEGA_7SEG3 Pin=R7_L21-2
Added Pin To Net: NetName=VCC Pin=U3_REG1-1
Added Pin To Net: NetName=NetU3_REG1_2 Pin=U3_REG1-2
Added Pin To Net: NetName=SEGC_7SEG1 Pin=U3_REG1-3
Added Pin To Net: NetName=SEGF_7SEG1 Pin=U3_REG1-4
Added Pin To Net: NetName=SEGG_7SEG1 Pin=U3_REG1-5
Added Pin To Net: NetName=SEGD_7SEG1 Pin=U3_REG1-6
Added Pin To Net: NetName=VCC Pin=U3_REG1-7
Added Pin To Net: NetName=GND Pin=U3_REG1-8
Added Pin To Net: NetName=OUTPUT Pin=U3_REG1-9
Added Pin To Net: NetName=RCK Pin=U3_REG1-10
Added Pin To Net: NetName=SEGE_7SEG1 Pin=U3_REG1-11
Added Pin To Net: NetName=SEGA_7SEG1 Pin=U3_REG1-12
Added Pin To Net: NetName=SEGB_7SEG1 Pin=U3_REG1-13
Added Pin To Net: NetName=DOT_7SEG1 Pin=U3_REG1-14
Added Pin To Net: NetName=CLK Pin=U3_REG1-15
Added Pin To Net: NetName=GND Pin=U3_REG1-16
Added Pin To Net: NetName=VCC Pin=U3_REG2-1
Added Pin To Net: NetName=NetU3_REG2_2 Pin=U3_REG2-2
Added Pin To Net: NetName=SEGC_7SEG2 Pin=U3_REG2-3
Added Pin To Net: NetName=SEGF_7SEG2 Pin=U3_REG2-4
Added Pin To Net: NetName=SEGG_7SEG2 Pin=U3_REG2-5
Added Pin To Net: NetName=SEGD_7SEG2 Pin=U3_REG2-6
Added Pin To Net: NetName=VCC Pin=U3_REG2-7
Added Pin To Net: NetName=GND Pin=U3_REG2-8
Added Pin To Net: NetName=NetU3_REG1_2 Pin=U3_REG2-9
Added Pin To Net: NetName=RCK Pin=U3_REG2-10
Added Pin To Net: NetName=SEGE_7SEG2 Pin=U3_REG2-11
Added Pin To Net: NetName=SEGA_7SEG2 Pin=U3_REG2-12
Added Pin To Net: NetName=SEGB_7SEG2 Pin=U3_REG2-13
Added Pin To Net: NetName=DOT_7SEG2 Pin=U3_REG2-14
Added Pin To Net: NetName=CLK Pin=U3_REG2-15
Added Pin To Net: NetName=GND Pin=U3_REG2-16
Added Pin To Net: NetName=VCC Pin=U3_REG3-1
Added Pin To Net: NetName=NetU3_REG3_2 Pin=U3_REG3-2
Added Pin To Net: NetName=SEGC_7SEG3 Pin=U3_REG3-3
Added Pin To Net: NetName=SEGF_7SEG3 Pin=U3_REG3-4
Added Pin To Net: NetName=SEGG_7SEG3 Pin=U3_REG3-5
Added Pin To Net: NetName=SEGD_7SEG3 Pin=U3_REG3-6
Added Pin To Net: NetName=VCC Pin=U3_REG3-7
Added Pin To Net: NetName=GND Pin=U3_REG3-8
Added Pin To Net: NetName=NetU3_REG2_2 Pin=U3_REG3-9
Added Pin To Net: NetName=RCK Pin=U3_REG3-10
Added Pin To Net: NetName=SEGE_7SEG3 Pin=U3_REG3-11
Added Pin To Net: NetName=SEGA_7SEG3 Pin=U3_REG3-12
Added Pin To Net: NetName=SEGB_7SEG3 Pin=U3_REG3-13
Added Pin To Net: NetName=DOT_7SEG3 Pin=U3_REG3-14
Added Pin To Net: NetName=CLK Pin=U3_REG3-15
Added Pin To Net: NetName=GND Pin=U3_REG3-16
