Added Pin To Net: NetName=EXTSUPP Pin=D6_7SEG1-A
Added Pin To Net: NetName=NetD6_7SEG1_K Pin=D6_7SEG1-K
Added Pin To Net: NetName=NetD6_7SEG2_K Pin=D6_7SEG2-K
Added Pin To Net: NetName=NetD6_7SEG3_K Pin=D6_7SEG3-K
Added Pin To Net: NetName=NetD7_L1_K Pin=D7_L1-K
Added Pin To Net: NetName=NetD7_L2_K Pin=D7_L2-K
Added Pin To Net: NetName=NetD7_L3_K Pin=D7_L3-K
Added Pin To Net: NetName=NetD7_L4_K Pin=D7_L4-K
Added Pin To Net: NetName=EXTSUPP Pin=D7_L5-A
Added Pin To Net: NetName=NetD7_L5_K Pin=D7_L5-K
Added Pin To Net: NetName=NetD7_L6_K Pin=D7_L6-K
Added Pin To Net: NetName=NetD7_L7_K Pin=D7_L7-K
Added Pin To Net: NetName=NetD7_L8_K Pin=D7_L8-K
Added Pin To Net: NetName=NetD7_L9_K Pin=D7_L9-K
Added Pin To Net: NetName=NetD7_L10_K Pin=D7_L10-K
Added Pin To Net: NetName=NetD7_L11_K Pin=D7_L11-K
Added Pin To Net: NetName=NetD7_L12_K Pin=D7_L12-K
Added Pin To Net: NetName=NetD7_L13_K Pin=D7_L13-K
Added Pin To Net: NetName=NetD7_L14_K Pin=D7_L14-K
Added Pin To Net: NetName=NetD7_L15_K Pin=D7_L15-K
Added Pin To Net: NetName=NetD7_L16_K Pin=D7_L16-K
Added Pin To Net: NetName=NetD7_L17_K Pin=D7_L17-K
Added Pin To Net: NetName=NetD7_L18_K Pin=D7_L18-K
Added Pin To Net: NetName=NetD7_L19_K Pin=D7_L19-K
Added Pin To Net: NetName=NetD7_L20_K Pin=D7_L20-K
Added Pin To Net: NetName=NetD7_L21_K Pin=D7_L21-K
Added Pin To Net: NetName=NetD7_L1_K Pin=D8_L1-A
Added Pin To Net: NetName=NetD8_L1_K Pin=D8_L1-K
Added Pin To Net: NetName=NetD7_L2_K Pin=D8_L2-A
Added Pin To Net: NetName=NetD8_L2_K Pin=D8_L2-K
Added Pin To Net: NetName=NetD7_L3_K Pin=D8_L3-A
Added Pin To Net: NetName=NetD8_L3_K Pin=D8_L3-K
Added Pin To Net: NetName=NetD7_L4_K Pin=D8_L4-A
Added Pin To Net: NetName=NetD8_L4_K Pin=D8_L4-K
Added Pin To Net: NetName=NetD7_L5_K Pin=D8_L5-A
Added Pin To Net: NetName=NetD8_L5_K Pin=D8_L5-K
Added Pin To Net: NetName=NetD7_L6_K Pin=D8_L6-A
Added Pin To Net: NetName=NetD8_L6_K Pin=D8_L6-K
Added Pin To Net: NetName=NetD7_L7_K Pin=D8_L7-A
Added Pin To Net: NetName=NetD8_L7_K Pin=D8_L7-K
Added Pin To Net: NetName=NetD7_L8_K Pin=D8_L8-A
Added Pin To Net: NetName=NetD8_L8_K Pin=D8_L8-K
Added Pin To Net: NetName=NetD7_L9_K Pin=D8_L9-A
Added Pin To Net: NetName=NetD8_L9_K Pin=D8_L9-K
Added Pin To Net: NetName=NetD7_L10_K Pin=D8_L10-A
Added Pin To Net: NetName=NetD8_L10_K Pin=D8_L10-K
Added Pin To Net: NetName=NetD7_L11_K Pin=D8_L11-A
Added Pin To Net: NetName=NetD8_L11_K Pin=D8_L11-K
Added Pin To Net: NetName=NetD7_L12_K Pin=D8_L12-A
Added Pin To Net: NetName=NetD8_L12_K Pin=D8_L12-K
Added Pin To Net: NetName=NetD7_L13_K Pin=D8_L13-A
Added Pin To Net: NetName=NetD8_L13_K Pin=D8_L13-K
Added Pin To Net: NetName=NetD7_L14_K Pin=D8_L14-A
Added Pin To Net: NetName=NetD8_L14_K Pin=D8_L14-K
Added Pin To Net: NetName=NetD7_L15_K Pin=D8_L15-A
Added Pin To Net: NetName=NetD8_L15_K Pin=D8_L15-K
Added Pin To Net: NetName=NetD7_L16_K Pin=D8_L16-A
Added Pin To Net: NetName=NetD8_L16_K Pin=D8_L16-K
Added Pin To Net: NetName=NetD7_L17_K Pin=D8_L17-A
Added Pin To Net: NetName=NetD8_L17_K Pin=D8_L17-K
Added Pin To Net: NetName=NetD7_L18_K Pin=D8_L18-A
Added Pin To Net: NetName=NetD8_L18_K Pin=D8_L18-K
Added Pin To Net: NetName=NetD7_L19_K Pin=D8_L19-A
Added Pin To Net: NetName=NetD8_L19_K Pin=D8_L19-K
Added Pin To Net: NetName=NetD7_L20_K Pin=D8_L20-A
Added Pin To Net: NetName=NetD8_L20_K Pin=D8_L20-K
Added Pin To Net: NetName=NetD7_L21_K Pin=D8_L21-A
Added Pin To Net: NetName=NetD8_L21_K Pin=D8_L21-K
Added Pin To Net: NetName=NetD8_L1_K Pin=D9_L1-A
Added Pin To Net: NetName=NetD9_L1_K Pin=D9_L1-K
Added Pin To Net: NetName=NetD8_L2_K Pin=D9_L2-A
Added Pin To Net: NetName=NetD9_L2_K Pin=D9_L2-K
Added Pin To Net: NetName=NetD8_L3_K Pin=D9_L3-A
Added Pin To Net: NetName=NetD9_L3_K Pin=D9_L3-K
Added Pin To Net: NetName=NetD8_L4_K Pin=D9_L4-A
Added Pin To Net: NetName=NetD9_L4_K Pin=D9_L4-K
Added Pin To Net: NetName=NetD8_L5_K Pin=D9_L5-A
Added Pin To Net: NetName=NetD9_L5_K Pin=D9_L5-K
Added Pin To Net: NetName=NetD8_L6_K Pin=D9_L6-A
Added Pin To Net: NetName=NetD9_L6_K Pin=D9_L6-K
Added Pin To Net: NetName=NetD8_L7_K Pin=D9_L7-A
Added Pin To Net: NetName=NetD9_L7_K Pin=D9_L7-K
Added Pin To Net: NetName=NetD8_L8_K Pin=D9_L8-A
Added Pin To Net: NetName=NetD9_L8_K Pin=D9_L8-K
Added Pin To Net: NetName=NetD8_L9_K Pin=D9_L9-A
Added Pin To Net: NetName=NetD9_L9_K Pin=D9_L9-K
Added Pin To Net: NetName=NetD8_L10_K Pin=D9_L10-A
Added Pin To Net: NetName=NetD9_L10_K Pin=D9_L10-K
Added Pin To Net: NetName=NetD8_L11_K Pin=D9_L11-A
Added Pin To Net: NetName=NetD9_L11_K Pin=D9_L11-K
Added Pin To Net: NetName=NetD8_L12_K Pin=D9_L12-A
Added Pin To Net: NetName=NetD9_L12_K Pin=D9_L12-K
Added Pin To Net: NetName=NetD8_L13_K Pin=D9_L13-A
Added Pin To Net: NetName=NetD9_L13_K Pin=D9_L13-K
Added Pin To Net: NetName=NetD8_L14_K Pin=D9_L14-A
Added Pin To Net: NetName=NetD9_L14_K Pin=D9_L14-K
Added Pin To Net: NetName=NetD8_L15_K Pin=D9_L15-A
Added Pin To Net: NetName=NetD9_L15_K Pin=D9_L15-K
Added Pin To Net: NetName=NetD8_L16_K Pin=D9_L16-A
Added Pin To Net: NetName=NetD9_L16_K Pin=D9_L16-K
Added Pin To Net: NetName=NetD8_L17_K Pin=D9_L17-A
Added Pin To Net: NetName=NetD9_L17_K Pin=D9_L17-K
Added Pin To Net: NetName=NetD8_L18_K Pin=D9_L18-A
Added Pin To Net: NetName=NetD9_L18_K Pin=D9_L18-K
Added Pin To Net: NetName=NetD8_L19_K Pin=D9_L19-A
Added Pin To Net: NetName=NetD9_L19_K Pin=D9_L19-K
Added Pin To Net: NetName=NetD8_L20_K Pin=D9_L20-A
Added Pin To Net: NetName=NetD9_L20_K Pin=D9_L20-K
Added Pin To Net: NetName=NetD8_L21_K Pin=D9_L21-A
Added Pin To Net: NetName=NetD9_L21_K Pin=D9_L21-K
Added Pin To Net: NetName=NetD9_L1_K Pin=D10_L1-A
Added Pin To Net: NetName=NetD10_L1_K Pin=D10_L1-K
Added Pin To Net: NetName=NetD9_L2_K Pin=D10_L2-A
Added Pin To Net: NetName=NetD10_L2_K Pin=D10_L2-K
Added Pin To Net: NetName=NetD9_L3_K Pin=D10_L3-A
Added Pin To Net: NetName=NetD10_L3_K Pin=D10_L3-K
Added Pin To Net: NetName=NetD9_L4_K Pin=D10_L4-A
Added Pin To Net: NetName=NetD10_L4_K Pin=D10_L4-K
Added Pin To Net: NetName=NetD9_L5_K Pin=D10_L5-A
Added Pin To Net: NetName=NetD10_L5_K Pin=D10_L5-K
Added Pin To Net: NetName=NetD9_L6_K Pin=D10_L6-A
Added Pin To Net: NetName=NetD10_L6_K Pin=D10_L6-K
Added Pin To Net: NetName=NetD9_L7_K Pin=D10_L7-A
Added Pin To Net: NetName=NetD10_L7_K Pin=D10_L7-K
Added Pin To Net: NetName=NetD9_L8_K Pin=D10_L8-A
Added Pin To Net: NetName=NetD10_L8_K Pin=D10_L8-K
Added Pin To Net: NetName=NetD9_L9_K Pin=D10_L9-A
Added Pin To Net: NetName=NetD10_L9_K Pin=D10_L9-K
Added Pin To Net: NetName=NetD9_L10_K Pin=D10_L10-A
Added Pin To Net: NetName=NetD10_L10_K Pin=D10_L10-K
Added Pin To Net: NetName=NetD9_L11_K Pin=D10_L11-A
Added Pin To Net: NetName=NetD10_L11_K Pin=D10_L11-K
Added Pin To Net: NetName=NetD9_L12_K Pin=D10_L12-A
Added Pin To Net: NetName=NetD10_L12_K Pin=D10_L12-K
Added Pin To Net: NetName=NetD9_L13_K Pin=D10_L13-A
Added Pin To Net: NetName=NetD10_L13_K Pin=D10_L13-K
Added Pin To Net: NetName=NetD9_L14_K Pin=D10_L14-A
Added Pin To Net: NetName=NetD10_L14_K Pin=D10_L14-K
Added Pin To Net: NetName=NetD9_L15_K Pin=D10_L15-A
Added Pin To Net: NetName=NetD10_L15_K Pin=D10_L15-K
Added Pin To Net: NetName=NetD9_L16_K Pin=D10_L16-A
Added Pin To Net: NetName=NetD10_L16_K Pin=D10_L16-K
Added Pin To Net: NetName=NetD9_L17_K Pin=D10_L17-A
Added Pin To Net: NetName=NetD10_L17_K Pin=D10_L17-K
Added Pin To Net: NetName=NetD9_L18_K Pin=D10_L18-A
Added Pin To Net: NetName=NetD10_L18_K Pin=D10_L18-K
Added Pin To Net: NetName=NetD9_L19_K Pin=D10_L19-A
Added Pin To Net: NetName=NetD10_L19_K Pin=D10_L19-K
Added Pin To Net: NetName=NetD9_L20_K Pin=D10_L20-A
Added Pin To Net: NetName=NetD10_L20_K Pin=D10_L20-K
Added Pin To Net: NetName=NetD9_L21_K Pin=D10_L21-A
Added Pin To Net: NetName=NetD10_L21_K Pin=D10_L21-K
Added Pin To Net: NetName=NetD10_L1_K Pin=D11_L1-A
Added Pin To Net: NetName=NetD11_L1_K Pin=D11_L1-K
Added Pin To Net: NetName=NetD10_L2_K Pin=D11_L2-A
Added Pin To Net: NetName=NetD11_L2_K Pin=D11_L2-K
Added Pin To Net: NetName=NetD10_L3_K Pin=D11_L3-A
Added Pin To Net: NetName=NetD11_L3_K Pin=D11_L3-K
Added Pin To Net: NetName=NetD10_L4_K Pin=D11_L4-A
Added Pin To Net: NetName=NetD11_L4_K Pin=D11_L4-K
Added Pin To Net: NetName=NetD10_L5_K Pin=D11_L5-A
Added Pin To Net: NetName=NetD11_L5_K Pin=D11_L5-K
Added Pin To Net: NetName=NetD10_L6_K Pin=D11_L6-A
Added Pin To Net: NetName=NetD11_L6_K Pin=D11_L6-K
Added Pin To Net: NetName=NetD10_L7_K Pin=D11_L7-A
Added Pin To Net: NetName=NetD11_L7_K Pin=D11_L7-K
Added Pin To Net: NetName=NetD10_L8_K Pin=D11_L8-A
Added Pin To Net: NetName=NetD11_L8_K Pin=D11_L8-K
Added Pin To Net: NetName=NetD10_L9_K Pin=D11_L9-A
Added Pin To Net: NetName=NetD11_L9_K Pin=D11_L9-K
Added Pin To Net: NetName=NetD10_L10_K Pin=D11_L10-A
Added Pin To Net: NetName=NetD11_L10_K Pin=D11_L10-K
Added Pin To Net: NetName=NetD10_L11_K Pin=D11_L11-A
Added Pin To Net: NetName=NetD11_L11_K Pin=D11_L11-K
Added Pin To Net: NetName=NetD10_L12_K Pin=D11_L12-A
Added Pin To Net: NetName=NetD11_L12_K Pin=D11_L12-K
Added Pin To Net: NetName=NetD10_L13_K Pin=D11_L13-A
Added Pin To Net: NetName=NetD11_L13_K Pin=D11_L13-K
Added Pin To Net: NetName=NetD10_L14_K Pin=D11_L14-A
Added Pin To Net: NetName=NetD11_L14_K Pin=D11_L14-K
Added Pin To Net: NetName=NetD10_L15_K Pin=D11_L15-A
Added Pin To Net: NetName=NetD11_L15_K Pin=D11_L15-K
Added Pin To Net: NetName=NetD10_L16_K Pin=D11_L16-A
Added Pin To Net: NetName=NetD11_L16_K Pin=D11_L16-K
Added Pin To Net: NetName=NetD10_L17_K Pin=D11_L17-A
Added Pin To Net: NetName=NetD11_L17_K Pin=D11_L17-K
Added Pin To Net: NetName=NetD10_L18_K Pin=D11_L18-A
Added Pin To Net: NetName=NetD11_L18_K Pin=D11_L18-K
Added Pin To Net: NetName=NetD10_L19_K Pin=D11_L19-A
Added Pin To Net: NetName=NetD11_L19_K Pin=D11_L19-K
Added Pin To Net: NetName=NetD10_L20_K Pin=D11_L20-A
Added Pin To Net: NetName=NetD11_L20_K Pin=D11_L20-K
Added Pin To Net: NetName=NetD10_L21_K Pin=D11_L21-A
Added Pin To Net: NetName=NetD11_L21_K Pin=D11_L21-K
