Removed Pin From Net: NetName=SEGB_7SEG1 Pin=U3_REG1-3
Removed Pin From Net: NetName=SEGA_7SEG1 Pin=U3_REG1-4
Removed Pin From Net: NetName=SEGE_7SEG1 Pin=U3_REG1-5
Removed Pin From Net: NetName=SEGG_7SEG1 Pin=U3_REG1-6
Removed Pin From Net: NetName=SEGD_7SEG1 Pin=U3_REG1-11
Removed Pin From Net: NetName=SEGC_7SEG1 Pin=U3_REG1-12
Removed Pin From Net: NetName=SEGF_7SEG1 Pin=U3_REG1-13
Removed Pin From Net: NetName=SEGB_7SEG2 Pin=U3_REG2-3
Removed Pin From Net: NetName=SEGA_7SEG2 Pin=U3_REG2-4
Removed Pin From Net: NetName=SEGE_7SEG2 Pin=U3_REG2-5
Removed Pin From Net: NetName=SEGG_7SEG2 Pin=U3_REG2-6
Removed Pin From Net: NetName=SEGD_7SEG2 Pin=U3_REG2-11
Removed Pin From Net: NetName=SEGC_7SEG2 Pin=U3_REG2-12
Removed Pin From Net: NetName=SEGF_7SEG2 Pin=U3_REG2-13
Removed Pin From Net: NetName=SEGB_7SEG3 Pin=U3_REG3-3
Removed Pin From Net: NetName=SEGA_7SEG3 Pin=U3_REG3-4
Removed Pin From Net: NetName=SEGE_7SEG3 Pin=U3_REG3-5
Removed Pin From Net: NetName=SEGG_7SEG3 Pin=U3_REG3-6
Removed Pin From Net: NetName=SEGD_7SEG3 Pin=U3_REG3-11
Removed Pin From Net: NetName=SEGC_7SEG3 Pin=U3_REG3-12
Removed Pin From Net: NetName=SEGF_7SEG3 Pin=U3_REG3-13
Removed Pin From Net: NetName=SEGB_7SEG4 Pin=U3_REG4-3
Removed Pin From Net: NetName=SEGA_7SEG4 Pin=U3_REG4-4
Removed Pin From Net: NetName=SEGE_7SEG4 Pin=U3_REG4-5
Removed Pin From Net: NetName=SEGG_7SEG4 Pin=U3_REG4-6
Removed Pin From Net: NetName=SEGD_7SEG4 Pin=U3_REG4-11
Removed Pin From Net: NetName=SEGC_7SEG4 Pin=U3_REG4-12
Removed Pin From Net: NetName=SEGF_7SEG4 Pin=U3_REG4-13
Added Pin To Net: NetName=SEGC_7SEG1 Pin=U3_REG1-3
Added Pin To Net: NetName=SEGF_7SEG1 Pin=U3_REG1-4
Added Pin To Net: NetName=SEGG_7SEG1 Pin=U3_REG1-5
Added Pin To Net: NetName=SEGD_7SEG1 Pin=U3_REG1-6
Added Pin To Net: NetName=SEGE_7SEG1 Pin=U3_REG1-11
Added Pin To Net: NetName=SEGA_7SEG1 Pin=U3_REG1-12
Added Pin To Net: NetName=SEGB_7SEG1 Pin=U3_REG1-13
Added Pin To Net: NetName=SEGC_7SEG2 Pin=U3_REG2-3
Added Pin To Net: NetName=SEGF_7SEG2 Pin=U3_REG2-4
Added Pin To Net: NetName=SEGG_7SEG2 Pin=U3_REG2-5
Added Pin To Net: NetName=SEGD_7SEG2 Pin=U3_REG2-6
Added Pin To Net: NetName=SEGE_7SEG2 Pin=U3_REG2-11
Added Pin To Net: NetName=SEGA_7SEG2 Pin=U3_REG2-12
Added Pin To Net: NetName=SEGB_7SEG2 Pin=U3_REG2-13
Added Pin To Net: NetName=SEGC_7SEG3 Pin=U3_REG3-3
Added Pin To Net: NetName=SEGF_7SEG3 Pin=U3_REG3-4
Added Pin To Net: NetName=SEGG_7SEG3 Pin=U3_REG3-5
Added Pin To Net: NetName=SEGD_7SEG3 Pin=U3_REG3-6
Added Pin To Net: NetName=SEGE_7SEG3 Pin=U3_REG3-11
Added Pin To Net: NetName=SEGA_7SEG3 Pin=U3_REG3-12
Added Pin To Net: NetName=SEGB_7SEG3 Pin=U3_REG3-13
Added Pin To Net: NetName=SEGC_7SEG4 Pin=U3_REG4-3
Added Pin To Net: NetName=SEGF_7SEG4 Pin=U3_REG4-4
Added Pin To Net: NetName=SEGG_7SEG4 Pin=U3_REG4-5
Added Pin To Net: NetName=SEGD_7SEG4 Pin=U3_REG4-6
Added Pin To Net: NetName=SEGE_7SEG4 Pin=U3_REG4-11
Added Pin To Net: NetName=SEGA_7SEG4 Pin=U3_REG4-12
Added Pin To Net: NetName=SEGB_7SEG4 Pin=U3_REG4-13
Added Room: Name=L4
Added Room: Name=L6
Added Room: Name=REG2
