Removed Pin From Net: NetName=VCC Pin=U3_TPIC6B5951-2
Removed Pin From Net: NetName=SEGB_7SEG1 Pin=U3_TPIC6B5951-4
Removed Pin From Net: NetName=SEGA_7SEG1 Pin=U3_TPIC6B5951-5
Removed Pin From Net: NetName=SEGE_7SEG1 Pin=U3_TPIC6B5951-6
Removed Pin From Net: NetName=SEGG_7SEG1 Pin=U3_TPIC6B5951-7
Removed Pin From Net: NetName=VCC Pin=U3_TPIC6B5951-8
Removed Pin From Net: NetName=GND Pin=U3_TPIC6B5951-9
Removed Pin From Net: NetName=GND Pin=U3_TPIC6B5951-10
Removed Pin From Net: NetName=GND Pin=U3_TPIC6B5951-11
Removed Pin From Net: NetName=RCK Pin=U3_TPIC6B5951-12
Removed Pin From Net: NetName=CLK Pin=U3_TPIC6B5951-13
Removed Pin From Net: NetName=SEGD_7SEG1 Pin=U3_TPIC6B5951-14
Removed Pin From Net: NetName=SEGC_7SEG1 Pin=U3_TPIC6B5951-15
Removed Pin From Net: NetName=SEGF_7SEG1 Pin=U3_TPIC6B5951-16
Removed Pin From Net: NetName=DOT_7SEG1 Pin=U3_TPIC6B5951-17
Removed Pin From Net: NetName=MISO Pin=U3_TPIC6B5951-18
Removed Pin From Net: NetName=GND Pin=U3_TPIC6B5951-19
Removed Pin From Net: NetName=VCC Pin=U3_TPIC6B5952-2
Removed Pin From Net: NetName=SEGB_7SEG2 Pin=U3_TPIC6B5952-4
Removed Pin From Net: NetName=SEGA_7SEG2 Pin=U3_TPIC6B5952-5
Removed Pin From Net: NetName=SEGE_7SEG2 Pin=U3_TPIC6B5952-6
Removed Pin From Net: NetName=SEGG_7SEG2 Pin=U3_TPIC6B5952-7
Removed Pin From Net: NetName=VCC Pin=U3_TPIC6B5952-8
Removed Pin From Net: NetName=GND Pin=U3_TPIC6B5952-9
Removed Pin From Net: NetName=GND Pin=U3_TPIC6B5952-10
Removed Pin From Net: NetName=GND Pin=U3_TPIC6B5952-11
Removed Pin From Net: NetName=RCK Pin=U3_TPIC6B5952-12
Removed Pin From Net: NetName=CLK Pin=U3_TPIC6B5952-13
Removed Pin From Net: NetName=SEGD_7SEG2 Pin=U3_TPIC6B5952-14
Removed Pin From Net: NetName=SEGC_7SEG2 Pin=U3_TPIC6B5952-15
Removed Pin From Net: NetName=SEGF_7SEG2 Pin=U3_TPIC6B5952-16
Removed Pin From Net: NetName=DOT_7SEG2 Pin=U3_TPIC6B5952-17
Removed Pin From Net: NetName=GND Pin=U3_TPIC6B5952-19
Removed Pin From Net: NetName=VCC Pin=U3_TPIC6B5953-2
Removed Pin From Net: NetName=SEGB_7SEG3 Pin=U3_TPIC6B5953-4
Removed Pin From Net: NetName=SEGA_7SEG3 Pin=U3_TPIC6B5953-5
Removed Pin From Net: NetName=SEGE_7SEG3 Pin=U3_TPIC6B5953-6
Removed Pin From Net: NetName=SEGG_7SEG3 Pin=U3_TPIC6B5953-7
Removed Pin From Net: NetName=VCC Pin=U3_TPIC6B5953-8
Removed Pin From Net: NetName=GND Pin=U3_TPIC6B5953-9
Removed Pin From Net: NetName=GND Pin=U3_TPIC6B5953-10
Removed Pin From Net: NetName=GND Pin=U3_TPIC6B5953-11
Removed Pin From Net: NetName=RCK Pin=U3_TPIC6B5953-12
Removed Pin From Net: NetName=CLK Pin=U3_TPIC6B5953-13
Removed Pin From Net: NetName=SEGD_7SEG3 Pin=U3_TPIC6B5953-14
Removed Pin From Net: NetName=SEGC_7SEG3 Pin=U3_TPIC6B5953-15
Removed Pin From Net: NetName=SEGF_7SEG3 Pin=U3_TPIC6B5953-16
Removed Pin From Net: NetName=DOT_7SEG3 Pin=U3_TPIC6B5953-17
Removed Pin From Net: NetName=GND Pin=U3_TPIC6B5953-19
Removed Pin From Net: NetName=VCC Pin=U3_TPIC6B5954-2
Removed Pin From Net: NetName=INPUT Pin=U3_TPIC6B5954-3
Removed Pin From Net: NetName=SEGB_7SEG4 Pin=U3_TPIC6B5954-4
Removed Pin From Net: NetName=SEGA_7SEG4 Pin=U3_TPIC6B5954-5
Removed Pin From Net: NetName=SEGE_7SEG4 Pin=U3_TPIC6B5954-6
Removed Pin From Net: NetName=SEGG_7SEG4 Pin=U3_TPIC6B5954-7
Removed Pin From Net: NetName=VCC Pin=U3_TPIC6B5954-8
Removed Pin From Net: NetName=GND Pin=U3_TPIC6B5954-9
Removed Pin From Net: NetName=GND Pin=U3_TPIC6B5954-10
Removed Pin From Net: NetName=GND Pin=U3_TPIC6B5954-11
Removed Pin From Net: NetName=RCK Pin=U3_TPIC6B5954-12
Removed Pin From Net: NetName=CLK Pin=U3_TPIC6B5954-13
Removed Pin From Net: NetName=SEGD_7SEG4 Pin=U3_TPIC6B5954-14
Removed Pin From Net: NetName=SEGC_7SEG4 Pin=U3_TPIC6B5954-15
Removed Pin From Net: NetName=SEGF_7SEG4 Pin=U3_TPIC6B5954-16
Removed Pin From Net: NetName=DOT_7SEG4 Pin=U3_TPIC6B5954-17
Removed Pin From Net: NetName=GND Pin=U3_TPIC6B5954-19
Change Component Footprint: Designator=U3_TPIC6B5951 Old Footprint=TPIC6B595DWR New Footprint=NPIC6C595_Q100_SOIC16
Change Component Footprint: Designator=U3_TPIC6B5952 Old Footprint=TPIC6B595DWR New Footprint=NPIC6C595_Q100_SOIC16
Change Component Footprint: Designator=U3_TPIC6B5953 Old Footprint=TPIC6B595DWR New Footprint=NPIC6C595_Q100_SOIC16
Change Component Footprint: Designator=U3_TPIC6B5954 Old Footprint=TPIC6B595DWR New Footprint=NPIC6C595_Q100_SOIC16
Change Component Comment : Designator=U3_TPIC6B5954 Old Comment=TPIC6B595 New Comment=NPIC6C595-Q100 
Change Component Comment : Designator=U3_TPIC6B5953 Old Comment=TPIC6B595 New Comment=NPIC6C595-Q100 
Change Component Comment : Designator=U3_TPIC6B5952 Old Comment=TPIC6B595 New Comment=NPIC6C595-Q100 
Change Component Comment : Designator=U3_TPIC6B5951 Old Comment=TPIC6B595 New Comment=NPIC6C595-Q100 
Added Pin To Net: NetName=VCC Pin=U3_TPIC6B5951-1
Added Pin To Net: NetName=SEGB_7SEG1 Pin=U3_TPIC6B5951-3
Added Pin To Net: NetName=SEGA_7SEG1 Pin=U3_TPIC6B5951-4
Added Pin To Net: NetName=SEGE_7SEG1 Pin=U3_TPIC6B5951-5
Added Pin To Net: NetName=SEGG_7SEG1 Pin=U3_TPIC6B5951-6
Added Pin To Net: NetName=VCC Pin=U3_TPIC6B5951-7
Added Pin To Net: NetName=GND Pin=U3_TPIC6B5951-8
Added Pin To Net: NetName=MISO Pin=U3_TPIC6B5951-9
Added Pin To Net: NetName=RCK Pin=U3_TPIC6B5951-10
Added Pin To Net: NetName=SEGD_7SEG1 Pin=U3_TPIC6B5951-11
Added Pin To Net: NetName=SEGC_7SEG1 Pin=U3_TPIC6B5951-12
Added Pin To Net: NetName=SEGF_7SEG1 Pin=U3_TPIC6B5951-13
Added Pin To Net: NetName=DOT_7SEG1 Pin=U3_TPIC6B5951-14
Added Pin To Net: NetName=CLK Pin=U3_TPIC6B5951-15
Added Pin To Net: NetName=GND Pin=U3_TPIC6B5951-16
Added Pin To Net: NetName=VCC Pin=U3_TPIC6B5952-1
Added Pin To Net: NetName=SEGB_7SEG2 Pin=U3_TPIC6B5952-3
Added Pin To Net: NetName=SEGA_7SEG2 Pin=U3_TPIC6B5952-4
Added Pin To Net: NetName=SEGE_7SEG2 Pin=U3_TPIC6B5952-5
Added Pin To Net: NetName=SEGG_7SEG2 Pin=U3_TPIC6B5952-6
Added Pin To Net: NetName=VCC Pin=U3_TPIC6B5952-7
Added Pin To Net: NetName=GND Pin=U3_TPIC6B5952-8
Added Pin To Net: NetName=RCK Pin=U3_TPIC6B5952-10
Added Pin To Net: NetName=SEGD_7SEG2 Pin=U3_TPIC6B5952-11
Added Pin To Net: NetName=SEGC_7SEG2 Pin=U3_TPIC6B5952-12
Added Pin To Net: NetName=SEGF_7SEG2 Pin=U3_TPIC6B5952-13
Added Pin To Net: NetName=DOT_7SEG2 Pin=U3_TPIC6B5952-14
Added Pin To Net: NetName=CLK Pin=U3_TPIC6B5952-15
Added Pin To Net: NetName=GND Pin=U3_TPIC6B5952-16
Added Pin To Net: NetName=VCC Pin=U3_TPIC6B5953-1
Added Pin To Net: NetName=SEGB_7SEG3 Pin=U3_TPIC6B5953-3
Added Pin To Net: NetName=SEGA_7SEG3 Pin=U3_TPIC6B5953-4
Added Pin To Net: NetName=SEGE_7SEG3 Pin=U3_TPIC6B5953-5
Added Pin To Net: NetName=SEGG_7SEG3 Pin=U3_TPIC6B5953-6
Added Pin To Net: NetName=VCC Pin=U3_TPIC6B5953-7
Added Pin To Net: NetName=GND Pin=U3_TPIC6B5953-8
Added Pin To Net: NetName=RCK Pin=U3_TPIC6B5953-10
Added Pin To Net: NetName=SEGD_7SEG3 Pin=U3_TPIC6B5953-11
Added Pin To Net: NetName=SEGC_7SEG3 Pin=U3_TPIC6B5953-12
Added Pin To Net: NetName=SEGF_7SEG3 Pin=U3_TPIC6B5953-13
Added Pin To Net: NetName=DOT_7SEG3 Pin=U3_TPIC6B5953-14
Added Pin To Net: NetName=CLK Pin=U3_TPIC6B5953-15
Added Pin To Net: NetName=GND Pin=U3_TPIC6B5953-16
Added Pin To Net: NetName=VCC Pin=U3_TPIC6B5954-1
Added Pin To Net: NetName=INPUT Pin=U3_TPIC6B5954-2
Added Pin To Net: NetName=SEGB_7SEG4 Pin=U3_TPIC6B5954-3
Added Pin To Net: NetName=SEGA_7SEG4 Pin=U3_TPIC6B5954-4
Added Pin To Net: NetName=SEGE_7SEG4 Pin=U3_TPIC6B5954-5
Added Pin To Net: NetName=SEGG_7SEG4 Pin=U3_TPIC6B5954-6
Added Pin To Net: NetName=VCC Pin=U3_TPIC6B5954-7
Added Pin To Net: NetName=GND Pin=U3_TPIC6B5954-8
Added Pin To Net: NetName=RCK Pin=U3_TPIC6B5954-10
Added Pin To Net: NetName=SEGD_7SEG4 Pin=U3_TPIC6B5954-11
Added Pin To Net: NetName=SEGC_7SEG4 Pin=U3_TPIC6B5954-12
Added Pin To Net: NetName=SEGF_7SEG4 Pin=U3_TPIC6B5954-13
Added Pin To Net: NetName=DOT_7SEG4 Pin=U3_TPIC6B5954-14
Added Pin To Net: NetName=CLK Pin=U3_TPIC6B5954-15
Added Pin To Net: NetName=GND Pin=U3_TPIC6B5954-16
Added Pin To Net: NetName=NetU3_TPIC6B5951_2 Pin=U3_TPIC6B5951-2
Added Pin To Net: NetName=NetU3_TPIC6B5951_2 Pin=U3_TPIC6B5952-9
Added Net: Name=NetU3_TPIC6B5951_2
Added Pin To Net: NetName=NetU3_TPIC6B5952_2 Pin=U3_TPIC6B5952-2
Added Pin To Net: NetName=NetU3_TPIC6B5952_2 Pin=U3_TPIC6B5953-9
Added Net: Name=NetU3_TPIC6B5952_2
Added Pin To Net: NetName=NetU3_TPIC6B5953_2 Pin=U3_TPIC6B5953-2
Added Pin To Net: NetName=NetU3_TPIC6B5953_2 Pin=U3_TPIC6B5954-9
Added Net: Name=NetU3_TPIC6B5953_2
