Change Component Designator: OldDesignator=D5 NewDesignator=D12
Change Component Designator: OldDesignator=D6 NewDesignator=D13
Change Component Designator: OldDesignator=D7 NewDesignator=D14
Change Component Designator: OldDesignator=D8 NewDesignator=D15
Change Component Designator: OldDesignator=D9 NewDesignator=D16
Added Component: Designator=D6_7SEG1(LED)
Added Component: Designator=D6_7SEG2(LED)
Added Component: Designator=D6_7SEG3(LED)
Added Component: Designator=D6_7SEG4(LED)
Added Component: Designator=D7_L1(LED)
Added Component: Designator=D7_L2(LED)
Added Component: Designator=D7_L3(LED)
Added Component: Designator=D7_L4(LED)
Added Component: Designator=D7_L5(LED)
Added Component: Designator=D7_L6(LED)
Added Component: Designator=D7_L7(LED)
Added Component: Designator=D7_L8(LED)
Added Component: Designator=D7_L9(LED)
Added Component: Designator=D7_L10(LED)
Added Component: Designator=D7_L11(LED)
Added Component: Designator=D7_L12(LED)
Added Component: Designator=D7_L13(LED)
Added Component: Designator=D7_L14(LED)
Added Component: Designator=D7_L15(LED)
Added Component: Designator=D7_L16(LED)
Added Component: Designator=D7_L17(LED)
Added Component: Designator=D7_L18(LED)
Added Component: Designator=D7_L19(LED)
Added Component: Designator=D7_L20(LED)
Added Component: Designator=D7_L21(LED)
Added Component: Designator=D7_L22(LED)
Added Component: Designator=D7_L23(LED)
Added Component: Designator=D7_L24(LED)
Added Component: Designator=D7_L25(LED)
Added Component: Designator=D7_L26(LED)
Added Component: Designator=D7_L27(LED)
Added Component: Designator=D7_L28(LED)
Added Component: Designator=D8_L1(LED)
Added Component: Designator=D8_L2(LED)
Added Component: Designator=D8_L3(LED)
Added Component: Designator=D8_L4(LED)
Added Component: Designator=D8_L5(LED)
Added Component: Designator=D8_L6(LED)
Added Component: Designator=D8_L7(LED)
Added Component: Designator=D8_L8(LED)
Added Component: Designator=D8_L9(LED)
Added Component: Designator=D8_L10(LED)
Added Component: Designator=D8_L11(LED)
Added Component: Designator=D8_L12(LED)
Added Component: Designator=D8_L13(LED)
Added Component: Designator=D8_L14(LED)
Added Component: Designator=D8_L15(LED)
Added Component: Designator=D8_L16(LED)
Added Component: Designator=D8_L17(LED)
Added Component: Designator=D8_L18(LED)
Added Component: Designator=D8_L19(LED)
Added Component: Designator=D8_L20(LED)
Added Component: Designator=D8_L21(LED)
Added Component: Designator=D8_L22(LED)
Added Component: Designator=D8_L23(LED)
Added Component: Designator=D8_L24(LED)
Added Component: Designator=D8_L25(LED)
Added Component: Designator=D8_L26(LED)
Added Component: Designator=D8_L27(LED)
Added Component: Designator=D8_L28(LED)
Added Component: Designator=D9_L1(LED)
Added Component: Designator=D9_L2(LED)
Added Component: Designator=D9_L3(LED)
Added Component: Designator=D9_L4(LED)
Added Component: Designator=D9_L5(LED)
Added Component: Designator=D9_L6(LED)
Added Component: Designator=D9_L7(LED)
Added Component: Designator=D9_L8(LED)
Added Component: Designator=D9_L9(LED)
Added Component: Designator=D9_L10(LED)
Added Component: Designator=D9_L11(LED)
Added Component: Designator=D9_L12(LED)
Added Component: Designator=D9_L13(LED)
Added Component: Designator=D9_L14(LED)
Added Component: Designator=D9_L15(LED)
Added Component: Designator=D9_L16(LED)
Added Component: Designator=D9_L17(LED)
Added Component: Designator=D9_L18(LED)
Added Component: Designator=D9_L19(LED)
Added Component: Designator=D9_L20(LED)
Added Component: Designator=D9_L21(LED)
Added Component: Designator=D9_L22(LED)
Added Component: Designator=D9_L23(LED)
Added Component: Designator=D9_L24(LED)
Added Component: Designator=D9_L25(LED)
Added Component: Designator=D9_L26(LED)
Added Component: Designator=D9_L27(LED)
Added Component: Designator=D9_L28(LED)
Added Component: Designator=D10_L1(LED)
Added Component: Designator=D10_L2(LED)
Added Component: Designator=D10_L3(LED)
Added Component: Designator=D10_L4(LED)
Added Component: Designator=D10_L5(LED)
Added Component: Designator=D10_L6(LED)
Added Component: Designator=D10_L7(LED)
Added Component: Designator=D10_L8(LED)
Added Component: Designator=D10_L9(LED)
Added Component: Designator=D10_L10(LED)
Added Component: Designator=D10_L11(LED)
Added Component: Designator=D10_L12(LED)
Added Component: Designator=D10_L13(LED)
Added Component: Designator=D10_L14(LED)
Added Component: Designator=D10_L15(LED)
Added Component: Designator=D10_L16(LED)
Added Component: Designator=D10_L17(LED)
Added Component: Designator=D10_L18(LED)
Added Component: Designator=D10_L19(LED)
Added Component: Designator=D10_L20(LED)
Added Component: Designator=D10_L21(LED)
Added Component: Designator=D10_L22(LED)
Added Component: Designator=D10_L23(LED)
Added Component: Designator=D10_L24(LED)
Added Component: Designator=D10_L25(LED)
Added Component: Designator=D10_L26(LED)
Added Component: Designator=D10_L27(LED)
Added Component: Designator=D10_L28(LED)
Added Component: Designator=D11_L1(LED)
Added Component: Designator=D11_L2(LED)
Added Component: Designator=D11_L3(LED)
Added Component: Designator=D11_L4(LED)
Added Component: Designator=D11_L5(LED)
Added Component: Designator=D11_L6(LED)
Added Component: Designator=D11_L7(LED)
Added Component: Designator=D11_L8(LED)
Added Component: Designator=D11_L9(LED)
Added Component: Designator=D11_L10(LED)
Added Component: Designator=D11_L11(LED)
Added Component: Designator=D11_L12(LED)
Added Component: Designator=D11_L13(LED)
Added Component: Designator=D11_L14(LED)
Added Component: Designator=D11_L15(LED)
Added Component: Designator=D11_L16(LED)
Added Component: Designator=D11_L17(LED)
Added Component: Designator=D11_L18(LED)
Added Component: Designator=D11_L19(LED)
Added Component: Designator=D11_L20(LED)
Added Component: Designator=D11_L21(LED)
Added Component: Designator=D11_L22(LED)
Added Component: Designator=D11_L23(LED)
Added Component: Designator=D11_L24(LED)
Added Component: Designator=D11_L25(LED)
Added Component: Designator=D11_L26(LED)
Added Component: Designator=D11_L27(LED)
Added Component: Designator=D11_L28(LED)
Added Pin To Net: NetName=EXTSUPP Pin=D6_7SEG1-A
Added Pin To Net: NetName=EXTSUPP Pin=D6_7SEG2-A
Added Pin To Net: NetName=EXTSUPP Pin=D6_7SEG3-A
Added Pin To Net: NetName=EXTSUPP Pin=D6_7SEG4-A
Added Pin To Net: NetName=EXTSUPP Pin=D7_L1-A
Added Pin To Net: NetName=EXTSUPP Pin=D7_L2-A
Added Pin To Net: NetName=EXTSUPP Pin=D7_L3-A
Added Pin To Net: NetName=EXTSUPP Pin=D7_L4-A
Added Pin To Net: NetName=EXTSUPP Pin=D7_L5-A
Added Pin To Net: NetName=EXTSUPP Pin=D7_L6-A
Added Pin To Net: NetName=EXTSUPP Pin=D7_L7-A
Added Pin To Net: NetName=EXTSUPP Pin=D7_L8-A
Added Pin To Net: NetName=EXTSUPP Pin=D7_L9-A
Added Pin To Net: NetName=EXTSUPP Pin=D7_L10-A
Added Pin To Net: NetName=EXTSUPP Pin=D7_L11-A
Added Pin To Net: NetName=EXTSUPP Pin=D7_L12-A
Added Pin To Net: NetName=EXTSUPP Pin=D7_L13-A
Added Pin To Net: NetName=EXTSUPP Pin=D7_L14-A
Added Pin To Net: NetName=EXTSUPP Pin=D7_L15-A
Added Pin To Net: NetName=EXTSUPP Pin=D7_L16-A
Added Pin To Net: NetName=EXTSUPP Pin=D7_L17-A
Added Pin To Net: NetName=EXTSUPP Pin=D7_L18-A
Added Pin To Net: NetName=EXTSUPP Pin=D7_L19-A
Added Pin To Net: NetName=EXTSUPP Pin=D7_L20-A
Added Pin To Net: NetName=EXTSUPP Pin=D7_L21-A
Added Pin To Net: NetName=EXTSUPP Pin=D7_L22-A
Added Pin To Net: NetName=EXTSUPP Pin=D7_L23-A
Added Pin To Net: NetName=EXTSUPP Pin=D7_L24-A
Added Pin To Net: NetName=EXTSUPP Pin=D7_L25-A
Added Pin To Net: NetName=EXTSUPP Pin=D7_L26-A
Added Pin To Net: NetName=EXTSUPP Pin=D7_L27-A
Added Pin To Net: NetName=EXTSUPP Pin=D7_L28-A
Change Net Name : Old Net Name=NetD7_1 New Net Name=NetD14_1
Added Pin To Net: NetName=NetD6_7SEG1_K Pin=D6_7SEG1-K
Added Pin To Net: NetName=NetD6_7SEG1_K Pin=R6_7SEG1-1
Added Net: Name=NetD6_7SEG1_K
Added Pin To Net: NetName=NetD6_7SEG2_K Pin=D6_7SEG2-K
Added Pin To Net: NetName=NetD6_7SEG2_K Pin=R6_7SEG2-1
Added Net: Name=NetD6_7SEG2_K
Added Pin To Net: NetName=NetD6_7SEG3_K Pin=D6_7SEG3-K
Added Pin To Net: NetName=NetD6_7SEG3_K Pin=R6_7SEG3-1
Added Net: Name=NetD6_7SEG3_K
Added Pin To Net: NetName=NetD6_7SEG4_K Pin=D6_7SEG4-K
Added Pin To Net: NetName=NetD6_7SEG4_K Pin=R6_7SEG4-1
Added Net: Name=NetD6_7SEG4_K
Added Pin To Net: NetName=NetD7_L1_K Pin=D7_L1-K
Added Pin To Net: NetName=NetD7_L1_K Pin=D8_L1-A
Added Net: Name=NetD7_L1_K
Added Pin To Net: NetName=NetD7_L2_K Pin=D7_L2-K
Added Pin To Net: NetName=NetD7_L2_K Pin=D8_L2-A
Added Net: Name=NetD7_L2_K
Added Pin To Net: NetName=NetD7_L3_K Pin=D7_L3-K
Added Pin To Net: NetName=NetD7_L3_K Pin=D8_L3-A
Added Net: Name=NetD7_L3_K
Added Pin To Net: NetName=NetD7_L4_K Pin=D7_L4-K
Added Pin To Net: NetName=NetD7_L4_K Pin=D8_L4-A
Added Net: Name=NetD7_L4_K
Added Pin To Net: NetName=NetD7_L5_K Pin=D7_L5-K
Added Pin To Net: NetName=NetD7_L5_K Pin=D8_L5-A
Added Net: Name=NetD7_L5_K
Added Pin To Net: NetName=NetD7_L6_K Pin=D7_L6-K
Added Pin To Net: NetName=NetD7_L6_K Pin=D8_L6-A
Added Net: Name=NetD7_L6_K
Added Pin To Net: NetName=NetD7_L7_K Pin=D7_L7-K
Added Pin To Net: NetName=NetD7_L7_K Pin=D8_L7-A
Added Net: Name=NetD7_L7_K
Added Pin To Net: NetName=NetD7_L8_K Pin=D7_L8-K
Added Pin To Net: NetName=NetD7_L8_K Pin=D8_L8-A
Added Net: Name=NetD7_L8_K
Added Pin To Net: NetName=NetD7_L9_K Pin=D7_L9-K
Added Pin To Net: NetName=NetD7_L9_K Pin=D8_L9-A
Added Net: Name=NetD7_L9_K
Added Pin To Net: NetName=NetD7_L10_K Pin=D7_L10-K
Added Pin To Net: NetName=NetD7_L10_K Pin=D8_L10-A
Added Net: Name=NetD7_L10_K
Added Pin To Net: NetName=NetD7_L11_K Pin=D7_L11-K
Added Pin To Net: NetName=NetD7_L11_K Pin=D8_L11-A
Added Net: Name=NetD7_L11_K
Added Pin To Net: NetName=NetD7_L12_K Pin=D7_L12-K
Added Pin To Net: NetName=NetD7_L12_K Pin=D8_L12-A
Added Net: Name=NetD7_L12_K
Added Pin To Net: NetName=NetD7_L13_K Pin=D7_L13-K
Added Pin To Net: NetName=NetD7_L13_K Pin=D8_L13-A
Added Net: Name=NetD7_L13_K
Added Pin To Net: NetName=NetD7_L14_K Pin=D7_L14-K
Added Pin To Net: NetName=NetD7_L14_K Pin=D8_L14-A
Added Net: Name=NetD7_L14_K
Added Pin To Net: NetName=NetD7_L15_K Pin=D7_L15-K
Added Pin To Net: NetName=NetD7_L15_K Pin=D8_L15-A
Added Net: Name=NetD7_L15_K
Added Pin To Net: NetName=NetD7_L16_K Pin=D7_L16-K
Added Pin To Net: NetName=NetD7_L16_K Pin=D8_L16-A
Added Net: Name=NetD7_L16_K
Added Pin To Net: NetName=NetD7_L17_K Pin=D7_L17-K
Added Pin To Net: NetName=NetD7_L17_K Pin=D8_L17-A
Added Net: Name=NetD7_L17_K
Added Pin To Net: NetName=NetD7_L18_K Pin=D7_L18-K
Added Pin To Net: NetName=NetD7_L18_K Pin=D8_L18-A
Added Net: Name=NetD7_L18_K
Added Pin To Net: NetName=NetD7_L19_K Pin=D7_L19-K
Added Pin To Net: NetName=NetD7_L19_K Pin=D8_L19-A
Added Net: Name=NetD7_L19_K
Added Pin To Net: NetName=NetD7_L20_K Pin=D7_L20-K
Added Pin To Net: NetName=NetD7_L20_K Pin=D8_L20-A
Added Net: Name=NetD7_L20_K
Added Pin To Net: NetName=NetD7_L21_K Pin=D7_L21-K
Added Pin To Net: NetName=NetD7_L21_K Pin=D8_L21-A
Added Net: Name=NetD7_L21_K
Added Pin To Net: NetName=NetD7_L22_K Pin=D7_L22-K
Added Pin To Net: NetName=NetD7_L22_K Pin=D8_L22-A
Added Net: Name=NetD7_L22_K
Added Pin To Net: NetName=NetD7_L23_K Pin=D7_L23-K
Added Pin To Net: NetName=NetD7_L23_K Pin=D8_L23-A
Added Net: Name=NetD7_L23_K
Added Pin To Net: NetName=NetD7_L24_K Pin=D7_L24-K
Added Pin To Net: NetName=NetD7_L24_K Pin=D8_L24-A
Added Net: Name=NetD7_L24_K
Added Pin To Net: NetName=NetD7_L25_K Pin=D7_L25-K
Added Pin To Net: NetName=NetD7_L25_K Pin=D8_L25-A
Added Net: Name=NetD7_L25_K
Added Pin To Net: NetName=NetD7_L26_K Pin=D7_L26-K
Added Pin To Net: NetName=NetD7_L26_K Pin=D8_L26-A
Added Net: Name=NetD7_L26_K
Added Pin To Net: NetName=NetD7_L27_K Pin=D7_L27-K
Added Pin To Net: NetName=NetD7_L27_K Pin=D8_L27-A
Added Net: Name=NetD7_L27_K
Added Pin To Net: NetName=NetD7_L28_K Pin=D7_L28-K
Added Pin To Net: NetName=NetD7_L28_K Pin=D8_L28-A
Added Net: Name=NetD7_L28_K
Added Pin To Net: NetName=NetD8_L1_K Pin=D8_L1-K
Added Pin To Net: NetName=NetD8_L1_K Pin=D9_L1-A
Added Net: Name=NetD8_L1_K
Added Pin To Net: NetName=NetD8_L2_K Pin=D8_L2-K
Added Pin To Net: NetName=NetD8_L2_K Pin=D9_L2-A
Added Net: Name=NetD8_L2_K
Added Pin To Net: NetName=NetD8_L3_K Pin=D8_L3-K
Added Pin To Net: NetName=NetD8_L3_K Pin=D9_L3-A
Added Net: Name=NetD8_L3_K
Added Pin To Net: NetName=NetD8_L4_K Pin=D8_L4-K
Added Pin To Net: NetName=NetD8_L4_K Pin=D9_L4-A
Added Net: Name=NetD8_L4_K
Added Pin To Net: NetName=NetD8_L5_K Pin=D8_L5-K
Added Pin To Net: NetName=NetD8_L5_K Pin=D9_L5-A
Added Net: Name=NetD8_L5_K
Added Pin To Net: NetName=NetD8_L6_K Pin=D8_L6-K
Added Pin To Net: NetName=NetD8_L6_K Pin=D9_L6-A
Added Net: Name=NetD8_L6_K
Added Pin To Net: NetName=NetD8_L7_K Pin=D8_L7-K
Added Pin To Net: NetName=NetD8_L7_K Pin=D9_L7-A
Added Net: Name=NetD8_L7_K
Added Pin To Net: NetName=NetD8_L8_K Pin=D8_L8-K
Added Pin To Net: NetName=NetD8_L8_K Pin=D9_L8-A
Added Net: Name=NetD8_L8_K
Added Pin To Net: NetName=NetD8_L9_K Pin=D8_L9-K
Added Pin To Net: NetName=NetD8_L9_K Pin=D9_L9-A
Added Net: Name=NetD8_L9_K
Added Pin To Net: NetName=NetD8_L10_K Pin=D8_L10-K
Added Pin To Net: NetName=NetD8_L10_K Pin=D9_L10-A
Added Net: Name=NetD8_L10_K
Added Pin To Net: NetName=NetD8_L11_K Pin=D8_L11-K
Added Pin To Net: NetName=NetD8_L11_K Pin=D9_L11-A
Added Net: Name=NetD8_L11_K
Added Pin To Net: NetName=NetD8_L12_K Pin=D8_L12-K
Added Pin To Net: NetName=NetD8_L12_K Pin=D9_L12-A
Added Net: Name=NetD8_L12_K
Added Pin To Net: NetName=NetD8_L13_K Pin=D8_L13-K
Added Pin To Net: NetName=NetD8_L13_K Pin=D9_L13-A
Added Net: Name=NetD8_L13_K
Added Pin To Net: NetName=NetD8_L14_K Pin=D8_L14-K
Added Pin To Net: NetName=NetD8_L14_K Pin=D9_L14-A
Added Net: Name=NetD8_L14_K
Added Pin To Net: NetName=NetD8_L15_K Pin=D8_L15-K
Added Pin To Net: NetName=NetD8_L15_K Pin=D9_L15-A
Added Net: Name=NetD8_L15_K
Added Pin To Net: NetName=NetD8_L16_K Pin=D8_L16-K
Added Pin To Net: NetName=NetD8_L16_K Pin=D9_L16-A
Added Net: Name=NetD8_L16_K
Added Pin To Net: NetName=NetD8_L17_K Pin=D8_L17-K
Added Pin To Net: NetName=NetD8_L17_K Pin=D9_L17-A
Added Net: Name=NetD8_L17_K
Added Pin To Net: NetName=NetD8_L18_K Pin=D8_L18-K
Added Pin To Net: NetName=NetD8_L18_K Pin=D9_L18-A
Added Net: Name=NetD8_L18_K
Added Pin To Net: NetName=NetD8_L19_K Pin=D8_L19-K
Added Pin To Net: NetName=NetD8_L19_K Pin=D9_L19-A
Added Net: Name=NetD8_L19_K
Added Pin To Net: NetName=NetD8_L20_K Pin=D8_L20-K
Added Pin To Net: NetName=NetD8_L20_K Pin=D9_L20-A
Added Net: Name=NetD8_L20_K
Added Pin To Net: NetName=NetD8_L21_K Pin=D8_L21-K
Added Pin To Net: NetName=NetD8_L21_K Pin=D9_L21-A
Added Net: Name=NetD8_L21_K
Added Pin To Net: NetName=NetD8_L22_K Pin=D8_L22-K
Added Pin To Net: NetName=NetD8_L22_K Pin=D9_L22-A
Added Net: Name=NetD8_L22_K
Added Pin To Net: NetName=NetD8_L23_K Pin=D8_L23-K
Added Pin To Net: NetName=NetD8_L23_K Pin=D9_L23-A
Added Net: Name=NetD8_L23_K
Added Pin To Net: NetName=NetD8_L24_K Pin=D8_L24-K
Added Pin To Net: NetName=NetD8_L24_K Pin=D9_L24-A
Added Net: Name=NetD8_L24_K
Added Pin To Net: NetName=NetD8_L25_K Pin=D8_L25-K
Added Pin To Net: NetName=NetD8_L25_K Pin=D9_L25-A
Added Net: Name=NetD8_L25_K
Added Pin To Net: NetName=NetD8_L26_K Pin=D8_L26-K
Added Pin To Net: NetName=NetD8_L26_K Pin=D9_L26-A
Added Net: Name=NetD8_L26_K
Added Pin To Net: NetName=NetD8_L27_K Pin=D8_L27-K
Added Pin To Net: NetName=NetD8_L27_K Pin=D9_L27-A
Added Net: Name=NetD8_L27_K
Added Pin To Net: NetName=NetD8_L28_K Pin=D8_L28-K
Added Pin To Net: NetName=NetD8_L28_K Pin=D9_L28-A
Added Net: Name=NetD8_L28_K
Added Pin To Net: NetName=NetD9_L1_K Pin=D9_L1-K
Added Pin To Net: NetName=NetD9_L1_K Pin=D10_L1-A
Added Net: Name=NetD9_L1_K
Added Pin To Net: NetName=NetD9_L2_K Pin=D9_L2-K
Added Pin To Net: NetName=NetD9_L2_K Pin=D10_L2-A
Added Net: Name=NetD9_L2_K
Added Pin To Net: NetName=NetD9_L3_K Pin=D9_L3-K
Added Pin To Net: NetName=NetD9_L3_K Pin=D10_L3-A
Added Net: Name=NetD9_L3_K
Added Pin To Net: NetName=NetD9_L4_K Pin=D9_L4-K
Added Pin To Net: NetName=NetD9_L4_K Pin=D10_L4-A
Added Net: Name=NetD9_L4_K
Added Pin To Net: NetName=NetD9_L5_K Pin=D9_L5-K
Added Pin To Net: NetName=NetD9_L5_K Pin=D10_L5-A
Added Net: Name=NetD9_L5_K
Added Pin To Net: NetName=NetD9_L6_K Pin=D9_L6-K
Added Pin To Net: NetName=NetD9_L6_K Pin=D10_L6-A
Added Net: Name=NetD9_L6_K
Added Pin To Net: NetName=NetD9_L7_K Pin=D9_L7-K
Added Pin To Net: NetName=NetD9_L7_K Pin=D10_L7-A
Added Net: Name=NetD9_L7_K
Added Pin To Net: NetName=NetD9_L8_K Pin=D9_L8-K
Added Pin To Net: NetName=NetD9_L8_K Pin=D10_L8-A
Added Net: Name=NetD9_L8_K
Added Pin To Net: NetName=NetD9_L9_K Pin=D9_L9-K
Added Pin To Net: NetName=NetD9_L9_K Pin=D10_L9-A
Added Net: Name=NetD9_L9_K
Added Pin To Net: NetName=NetD9_L10_K Pin=D9_L10-K
Added Pin To Net: NetName=NetD9_L10_K Pin=D10_L10-A
Added Net: Name=NetD9_L10_K
Added Pin To Net: NetName=NetD9_L11_K Pin=D9_L11-K
Added Pin To Net: NetName=NetD9_L11_K Pin=D10_L11-A
Added Net: Name=NetD9_L11_K
Added Pin To Net: NetName=NetD9_L12_K Pin=D9_L12-K
Added Pin To Net: NetName=NetD9_L12_K Pin=D10_L12-A
Added Net: Name=NetD9_L12_K
Added Pin To Net: NetName=NetD9_L13_K Pin=D9_L13-K
Added Pin To Net: NetName=NetD9_L13_K Pin=D10_L13-A
Added Net: Name=NetD9_L13_K
Added Pin To Net: NetName=NetD9_L14_K Pin=D9_L14-K
Added Pin To Net: NetName=NetD9_L14_K Pin=D10_L14-A
Added Net: Name=NetD9_L14_K
Added Pin To Net: NetName=NetD9_L15_K Pin=D9_L15-K
Added Pin To Net: NetName=NetD9_L15_K Pin=D10_L15-A
Added Net: Name=NetD9_L15_K
Added Pin To Net: NetName=NetD9_L16_K Pin=D9_L16-K
Added Pin To Net: NetName=NetD9_L16_K Pin=D10_L16-A
Added Net: Name=NetD9_L16_K
Added Pin To Net: NetName=NetD9_L17_K Pin=D9_L17-K
Added Pin To Net: NetName=NetD9_L17_K Pin=D10_L17-A
Added Net: Name=NetD9_L17_K
Added Pin To Net: NetName=NetD9_L18_K Pin=D9_L18-K
Added Pin To Net: NetName=NetD9_L18_K Pin=D10_L18-A
Added Net: Name=NetD9_L18_K
Added Pin To Net: NetName=NetD9_L19_K Pin=D9_L19-K
Added Pin To Net: NetName=NetD9_L19_K Pin=D10_L19-A
Added Net: Name=NetD9_L19_K
Added Pin To Net: NetName=NetD9_L20_K Pin=D9_L20-K
Added Pin To Net: NetName=NetD9_L20_K Pin=D10_L20-A
Added Net: Name=NetD9_L20_K
Added Pin To Net: NetName=NetD9_L21_K Pin=D9_L21-K
Added Pin To Net: NetName=NetD9_L21_K Pin=D10_L21-A
Added Net: Name=NetD9_L21_K
Added Pin To Net: NetName=NetD9_L22_K Pin=D9_L22-K
Added Pin To Net: NetName=NetD9_L22_K Pin=D10_L22-A
Added Net: Name=NetD9_L22_K
Added Pin To Net: NetName=NetD9_L23_K Pin=D9_L23-K
Added Pin To Net: NetName=NetD9_L23_K Pin=D10_L23-A
Added Net: Name=NetD9_L23_K
Added Pin To Net: NetName=NetD9_L24_K Pin=D9_L24-K
Added Pin To Net: NetName=NetD9_L24_K Pin=D10_L24-A
Added Net: Name=NetD9_L24_K
Added Pin To Net: NetName=NetD9_L25_K Pin=D9_L25-K
Added Pin To Net: NetName=NetD9_L25_K Pin=D10_L25-A
Added Net: Name=NetD9_L25_K
Added Pin To Net: NetName=NetD9_L26_K Pin=D9_L26-K
Added Pin To Net: NetName=NetD9_L26_K Pin=D10_L26-A
Added Net: Name=NetD9_L26_K
Added Pin To Net: NetName=NetD9_L27_K Pin=D9_L27-K
Added Pin To Net: NetName=NetD9_L27_K Pin=D10_L27-A
Added Net: Name=NetD9_L27_K
Added Pin To Net: NetName=NetD9_L28_K Pin=D9_L28-K
Added Pin To Net: NetName=NetD9_L28_K Pin=D10_L28-A
Added Net: Name=NetD9_L28_K
Added Pin To Net: NetName=NetD10_L1_K Pin=D10_L1-K
Added Pin To Net: NetName=NetD10_L1_K Pin=D11_L1-A
Added Net: Name=NetD10_L1_K
Added Pin To Net: NetName=NetD10_L2_K Pin=D10_L2-K
Added Pin To Net: NetName=NetD10_L2_K Pin=D11_L2-A
Added Net: Name=NetD10_L2_K
Added Pin To Net: NetName=NetD10_L3_K Pin=D10_L3-K
Added Pin To Net: NetName=NetD10_L3_K Pin=D11_L3-A
Added Net: Name=NetD10_L3_K
Added Pin To Net: NetName=NetD10_L4_K Pin=D10_L4-K
Added Pin To Net: NetName=NetD10_L4_K Pin=D11_L4-A
Added Net: Name=NetD10_L4_K
Added Pin To Net: NetName=NetD10_L5_K Pin=D10_L5-K
Added Pin To Net: NetName=NetD10_L5_K Pin=D11_L5-A
Added Net: Name=NetD10_L5_K
Added Pin To Net: NetName=NetD10_L6_K Pin=D10_L6-K
Added Pin To Net: NetName=NetD10_L6_K Pin=D11_L6-A
Added Net: Name=NetD10_L6_K
Added Pin To Net: NetName=NetD10_L7_K Pin=D10_L7-K
Added Pin To Net: NetName=NetD10_L7_K Pin=D11_L7-A
Added Net: Name=NetD10_L7_K
Added Pin To Net: NetName=NetD10_L8_K Pin=D10_L8-K
Added Pin To Net: NetName=NetD10_L8_K Pin=D11_L8-A
Added Net: Name=NetD10_L8_K
Added Pin To Net: NetName=NetD10_L9_K Pin=D10_L9-K
Added Pin To Net: NetName=NetD10_L9_K Pin=D11_L9-A
Added Net: Name=NetD10_L9_K
Added Pin To Net: NetName=NetD10_L10_K Pin=D10_L10-K
Added Pin To Net: NetName=NetD10_L10_K Pin=D11_L10-A
Added Net: Name=NetD10_L10_K
Added Pin To Net: NetName=NetD10_L11_K Pin=D10_L11-K
Added Pin To Net: NetName=NetD10_L11_K Pin=D11_L11-A
Added Net: Name=NetD10_L11_K
Added Pin To Net: NetName=NetD10_L12_K Pin=D10_L12-K
Added Pin To Net: NetName=NetD10_L12_K Pin=D11_L12-A
Added Net: Name=NetD10_L12_K
Added Pin To Net: NetName=NetD10_L13_K Pin=D10_L13-K
Added Pin To Net: NetName=NetD10_L13_K Pin=D11_L13-A
Added Net: Name=NetD10_L13_K
Added Pin To Net: NetName=NetD10_L14_K Pin=D10_L14-K
Added Pin To Net: NetName=NetD10_L14_K Pin=D11_L14-A
Added Net: Name=NetD10_L14_K
Added Pin To Net: NetName=NetD10_L15_K Pin=D10_L15-K
Added Pin To Net: NetName=NetD10_L15_K Pin=D11_L15-A
Added Net: Name=NetD10_L15_K
Added Pin To Net: NetName=NetD10_L16_K Pin=D10_L16-K
Added Pin To Net: NetName=NetD10_L16_K Pin=D11_L16-A
Added Net: Name=NetD10_L16_K
Added Pin To Net: NetName=NetD10_L17_K Pin=D10_L17-K
Added Pin To Net: NetName=NetD10_L17_K Pin=D11_L17-A
Added Net: Name=NetD10_L17_K
Added Pin To Net: NetName=NetD10_L18_K Pin=D10_L18-K
Added Pin To Net: NetName=NetD10_L18_K Pin=D11_L18-A
Added Net: Name=NetD10_L18_K
Added Pin To Net: NetName=NetD10_L19_K Pin=D10_L19-K
Added Pin To Net: NetName=NetD10_L19_K Pin=D11_L19-A
Added Net: Name=NetD10_L19_K
Added Pin To Net: NetName=NetD10_L20_K Pin=D10_L20-K
Added Pin To Net: NetName=NetD10_L20_K Pin=D11_L20-A
Added Net: Name=NetD10_L20_K
Added Pin To Net: NetName=NetD10_L21_K Pin=D10_L21-K
Added Pin To Net: NetName=NetD10_L21_K Pin=D11_L21-A
Added Net: Name=NetD10_L21_K
Added Pin To Net: NetName=NetD10_L22_K Pin=D10_L22-K
Added Pin To Net: NetName=NetD10_L22_K Pin=D11_L22-A
Added Net: Name=NetD10_L22_K
Added Pin To Net: NetName=NetD10_L23_K Pin=D10_L23-K
Added Pin To Net: NetName=NetD10_L23_K Pin=D11_L23-A
Added Net: Name=NetD10_L23_K
Added Pin To Net: NetName=NetD10_L24_K Pin=D10_L24-K
Added Pin To Net: NetName=NetD10_L24_K Pin=D11_L24-A
Added Net: Name=NetD10_L24_K
Added Pin To Net: NetName=NetD10_L25_K Pin=D10_L25-K
Added Pin To Net: NetName=NetD10_L25_K Pin=D11_L25-A
Added Net: Name=NetD10_L25_K
Added Pin To Net: NetName=NetD10_L26_K Pin=D10_L26-K
Added Pin To Net: NetName=NetD10_L26_K Pin=D11_L26-A
Added Net: Name=NetD10_L26_K
Added Pin To Net: NetName=NetD10_L27_K Pin=D10_L27-K
Added Pin To Net: NetName=NetD10_L27_K Pin=D11_L27-A
Added Net: Name=NetD10_L27_K
Added Pin To Net: NetName=NetD10_L28_K Pin=D10_L28-K
Added Pin To Net: NetName=NetD10_L28_K Pin=D11_L28-A
Added Net: Name=NetD10_L28_K
Added Pin To Net: NetName=NetD11_L1_K Pin=D11_L1-K
Added Pin To Net: NetName=NetD11_L1_K Pin=R7_L1-1
Added Net: Name=NetD11_L1_K
Added Pin To Net: NetName=NetD11_L2_K Pin=D11_L2-K
Added Pin To Net: NetName=NetD11_L2_K Pin=R7_L2-1
Added Net: Name=NetD11_L2_K
Added Pin To Net: NetName=NetD11_L3_K Pin=D11_L3-K
Added Pin To Net: NetName=NetD11_L3_K Pin=R7_L3-1
Added Net: Name=NetD11_L3_K
Added Pin To Net: NetName=NetD11_L4_K Pin=D11_L4-K
Added Pin To Net: NetName=NetD11_L4_K Pin=R7_L4-1
Added Net: Name=NetD11_L4_K
Added Pin To Net: NetName=NetD11_L5_K Pin=D11_L5-K
Added Pin To Net: NetName=NetD11_L5_K Pin=R7_L5-1
Added Net: Name=NetD11_L5_K
Added Pin To Net: NetName=NetD11_L6_K Pin=D11_L6-K
Added Pin To Net: NetName=NetD11_L6_K Pin=R7_L6-1
Added Net: Name=NetD11_L6_K
Added Pin To Net: NetName=NetD11_L7_K Pin=D11_L7-K
Added Pin To Net: NetName=NetD11_L7_K Pin=R7_L7-1
Added Net: Name=NetD11_L7_K
Added Pin To Net: NetName=NetD11_L8_K Pin=D11_L8-K
Added Pin To Net: NetName=NetD11_L8_K Pin=R7_L8-1
Added Net: Name=NetD11_L8_K
Added Pin To Net: NetName=NetD11_L9_K Pin=D11_L9-K
Added Pin To Net: NetName=NetD11_L9_K Pin=R7_L9-1
Added Net: Name=NetD11_L9_K
Added Pin To Net: NetName=NetD11_L10_K Pin=D11_L10-K
Added Pin To Net: NetName=NetD11_L10_K Pin=R7_L10-1
Added Net: Name=NetD11_L10_K
Added Pin To Net: NetName=NetD11_L11_K Pin=D11_L11-K
Added Pin To Net: NetName=NetD11_L11_K Pin=R7_L11-1
Added Net: Name=NetD11_L11_K
Added Pin To Net: NetName=NetD11_L12_K Pin=D11_L12-K
Added Pin To Net: NetName=NetD11_L12_K Pin=R7_L12-1
Added Net: Name=NetD11_L12_K
Added Pin To Net: NetName=NetD11_L13_K Pin=D11_L13-K
Added Pin To Net: NetName=NetD11_L13_K Pin=R7_L13-1
Added Net: Name=NetD11_L13_K
Added Pin To Net: NetName=NetD11_L14_K Pin=D11_L14-K
Added Pin To Net: NetName=NetD11_L14_K Pin=R7_L14-1
Added Net: Name=NetD11_L14_K
Added Pin To Net: NetName=NetD11_L15_K Pin=D11_L15-K
Added Pin To Net: NetName=NetD11_L15_K Pin=R7_L15-1
Added Net: Name=NetD11_L15_K
Added Pin To Net: NetName=NetD11_L16_K Pin=D11_L16-K
Added Pin To Net: NetName=NetD11_L16_K Pin=R7_L16-1
Added Net: Name=NetD11_L16_K
Added Pin To Net: NetName=NetD11_L17_K Pin=D11_L17-K
Added Pin To Net: NetName=NetD11_L17_K Pin=R7_L17-1
Added Net: Name=NetD11_L17_K
Added Pin To Net: NetName=NetD11_L18_K Pin=D11_L18-K
Added Pin To Net: NetName=NetD11_L18_K Pin=R7_L18-1
Added Net: Name=NetD11_L18_K
Added Pin To Net: NetName=NetD11_L19_K Pin=D11_L19-K
Added Pin To Net: NetName=NetD11_L19_K Pin=R7_L19-1
Added Net: Name=NetD11_L19_K
Added Pin To Net: NetName=NetD11_L20_K Pin=D11_L20-K
Added Pin To Net: NetName=NetD11_L20_K Pin=R7_L20-1
Added Net: Name=NetD11_L20_K
Added Pin To Net: NetName=NetD11_L21_K Pin=D11_L21-K
Added Pin To Net: NetName=NetD11_L21_K Pin=R7_L21-1
Added Net: Name=NetD11_L21_K
Added Pin To Net: NetName=NetD11_L22_K Pin=D11_L22-K
Added Pin To Net: NetName=NetD11_L22_K Pin=R7_L22-1
Added Net: Name=NetD11_L22_K
Added Pin To Net: NetName=NetD11_L23_K Pin=D11_L23-K
Added Pin To Net: NetName=NetD11_L23_K Pin=R7_L23-1
Added Net: Name=NetD11_L23_K
Added Pin To Net: NetName=NetD11_L24_K Pin=D11_L24-K
Added Pin To Net: NetName=NetD11_L24_K Pin=R7_L24-1
Added Net: Name=NetD11_L24_K
Added Pin To Net: NetName=NetD11_L25_K Pin=D11_L25-K
Added Pin To Net: NetName=NetD11_L25_K Pin=R7_L25-1
Added Net: Name=NetD11_L25_K
Added Pin To Net: NetName=NetD11_L26_K Pin=D11_L26-K
Added Pin To Net: NetName=NetD11_L26_K Pin=R7_L26-1
Added Net: Name=NetD11_L26_K
Added Pin To Net: NetName=NetD11_L27_K Pin=D11_L27-K
Added Pin To Net: NetName=NetD11_L27_K Pin=R7_L27-1
Added Net: Name=NetD11_L27_K
Added Pin To Net: NetName=NetD11_L28_K Pin=D11_L28-K
Added Pin To Net: NetName=NetD11_L28_K Pin=R7_L28-1
Added Net: Name=NetD11_L28_K
Added Member To Class: ClassName=7SEG1 Member=Component D6_7SEG1 (D6) HBLED
Added Member To Class: ClassName=7SEG2 Member=Component D6_7SEG2 (D6) HBLED
Added Member To Class: ClassName=7SEG3 Member=Component D6_7SEG3 (D6) HBLED
Added Member To Class: ClassName=7SEG4 Member=Component D6_7SEG4 (D6) HBLED
Added Member To Class: ClassName=L1 Member=Component D7_L1 (D7) HBLED
Added Member To Class: ClassName=L2 Member=Component D7_L2 (D7) HBLED
Added Member To Class: ClassName=L3 Member=Component D7_L3 (D7) HBLED
Added Member To Class: ClassName=L4 Member=Component D7_L4 (D7) HBLED
Added Member To Class: ClassName=L5 Member=Component D7_L5 (D7) HBLED
Added Member To Class: ClassName=L6 Member=Component D7_L6 (D7) HBLED
Added Member To Class: ClassName=L7 Member=Component D7_L7 (D7) HBLED
Added Member To Class: ClassName=L8 Member=Component D7_L8 (D7) HBLED
Added Member To Class: ClassName=L9 Member=Component D7_L9 (D7) HBLED
Added Member To Class: ClassName=L10 Member=Component D7_L10 (D7) HBLED
Added Member To Class: ClassName=L11 Member=Component D7_L11 (D7) HBLED
Added Member To Class: ClassName=L12 Member=Component D7_L12 (D7) HBLED
Added Member To Class: ClassName=L13 Member=Component D7_L13 (D7) HBLED
Added Member To Class: ClassName=L14 Member=Component D7_L14 (D7) HBLED
Added Member To Class: ClassName=L15 Member=Component D7_L15 (D7) HBLED
Added Member To Class: ClassName=L16 Member=Component D7_L16 (D7) HBLED
Added Member To Class: ClassName=L17 Member=Component D7_L17 (D7) HBLED
Added Member To Class: ClassName=L18 Member=Component D7_L18 (D7) HBLED
Added Member To Class: ClassName=L19 Member=Component D7_L19 (D7) HBLED
Added Member To Class: ClassName=L20 Member=Component D7_L20 (D7) HBLED
Added Member To Class: ClassName=L21 Member=Component D7_L21 (D7) HBLED
Added Member To Class: ClassName=L22 Member=Component D7_L22 (D7) HBLED
Added Member To Class: ClassName=L23 Member=Component D7_L23 (D7) HBLED
Added Member To Class: ClassName=L24 Member=Component D7_L24 (D7) HBLED
Added Member To Class: ClassName=L25 Member=Component D7_L25 (D7) HBLED
Added Member To Class: ClassName=L26 Member=Component D7_L26 (D7) HBLED
Added Member To Class: ClassName=L27 Member=Component D7_L27 (D7) HBLED
Added Member To Class: ClassName=L28 Member=Component D7_L28 (D7) HBLED
Added Member To Class: ClassName=L1 Member=Component D8_L1 (D8) HBLED
Added Member To Class: ClassName=L2 Member=Component D8_L2 (D8) HBLED
Added Member To Class: ClassName=L3 Member=Component D8_L3 (D8) HBLED
Added Member To Class: ClassName=L4 Member=Component D8_L4 (D8) HBLED
Added Member To Class: ClassName=L5 Member=Component D8_L5 (D8) HBLED
Added Member To Class: ClassName=L6 Member=Component D8_L6 (D8) HBLED
Added Member To Class: ClassName=L7 Member=Component D8_L7 (D8) HBLED
Added Member To Class: ClassName=L8 Member=Component D8_L8 (D8) HBLED
Added Member To Class: ClassName=L9 Member=Component D8_L9 (D8) HBLED
Added Member To Class: ClassName=L10 Member=Component D8_L10 (D8) HBLED
Added Member To Class: ClassName=L11 Member=Component D8_L11 (D8) HBLED
Added Member To Class: ClassName=L12 Member=Component D8_L12 (D8) HBLED
Added Member To Class: ClassName=L13 Member=Component D8_L13 (D8) HBLED
Added Member To Class: ClassName=L14 Member=Component D8_L14 (D8) HBLED
Added Member To Class: ClassName=L15 Member=Component D8_L15 (D8) HBLED
Added Member To Class: ClassName=L16 Member=Component D8_L16 (D8) HBLED
Added Member To Class: ClassName=L17 Member=Component D8_L17 (D8) HBLED
Added Member To Class: ClassName=L18 Member=Component D8_L18 (D8) HBLED
Added Member To Class: ClassName=L19 Member=Component D8_L19 (D8) HBLED
Added Member To Class: ClassName=L20 Member=Component D8_L20 (D8) HBLED
Added Member To Class: ClassName=L21 Member=Component D8_L21 (D8) HBLED
Added Member To Class: ClassName=L22 Member=Component D8_L22 (D8) HBLED
Added Member To Class: ClassName=L23 Member=Component D8_L23 (D8) HBLED
Added Member To Class: ClassName=L24 Member=Component D8_L24 (D8) HBLED
Added Member To Class: ClassName=L25 Member=Component D8_L25 (D8) HBLED
Added Member To Class: ClassName=L26 Member=Component D8_L26 (D8) HBLED
Added Member To Class: ClassName=L27 Member=Component D8_L27 (D8) HBLED
Added Member To Class: ClassName=L28 Member=Component D8_L28 (D8) HBLED
Added Member To Class: ClassName=L1 Member=Component D9_L1 (D9) HBLED
Added Member To Class: ClassName=L2 Member=Component D9_L2 (D9) HBLED
Added Member To Class: ClassName=L3 Member=Component D9_L3 (D9) HBLED
Added Member To Class: ClassName=L4 Member=Component D9_L4 (D9) HBLED
Added Member To Class: ClassName=L5 Member=Component D9_L5 (D9) HBLED
Added Member To Class: ClassName=L6 Member=Component D9_L6 (D9) HBLED
Added Member To Class: ClassName=L7 Member=Component D9_L7 (D9) HBLED
Added Member To Class: ClassName=L8 Member=Component D9_L8 (D9) HBLED
Added Member To Class: ClassName=L9 Member=Component D9_L9 (D9) HBLED
Added Member To Class: ClassName=L10 Member=Component D9_L10 (D9) HBLED
Added Member To Class: ClassName=L11 Member=Component D9_L11 (D9) HBLED
Added Member To Class: ClassName=L12 Member=Component D9_L12 (D9) HBLED
Added Member To Class: ClassName=L13 Member=Component D9_L13 (D9) HBLED
Added Member To Class: ClassName=L14 Member=Component D9_L14 (D9) HBLED
Added Member To Class: ClassName=L15 Member=Component D9_L15 (D9) HBLED
Added Member To Class: ClassName=L16 Member=Component D9_L16 (D9) HBLED
Added Member To Class: ClassName=L17 Member=Component D9_L17 (D9) HBLED
Added Member To Class: ClassName=L18 Member=Component D9_L18 (D9) HBLED
Added Member To Class: ClassName=L19 Member=Component D9_L19 (D9) HBLED
Added Member To Class: ClassName=L20 Member=Component D9_L20 (D9) HBLED
Added Member To Class: ClassName=L21 Member=Component D9_L21 (D9) HBLED
Added Member To Class: ClassName=L22 Member=Component D9_L22 (D9) HBLED
Added Member To Class: ClassName=L23 Member=Component D9_L23 (D9) HBLED
Added Member To Class: ClassName=L24 Member=Component D9_L24 (D9) HBLED
Added Member To Class: ClassName=L25 Member=Component D9_L25 (D9) HBLED
Added Member To Class: ClassName=L26 Member=Component D9_L26 (D9) HBLED
Added Member To Class: ClassName=L27 Member=Component D9_L27 (D9) HBLED
Added Member To Class: ClassName=L28 Member=Component D9_L28 (D9) HBLED
Added Member To Class: ClassName=L1 Member=Component D10_L1 (D10) HBLED
Added Member To Class: ClassName=L2 Member=Component D10_L2 (D10) HBLED
Added Member To Class: ClassName=L3 Member=Component D10_L3 (D10) HBLED
Added Member To Class: ClassName=L4 Member=Component D10_L4 (D10) HBLED
Added Member To Class: ClassName=L5 Member=Component D10_L5 (D10) HBLED
Added Member To Class: ClassName=L6 Member=Component D10_L6 (D10) HBLED
Added Member To Class: ClassName=L7 Member=Component D10_L7 (D10) HBLED
Added Member To Class: ClassName=L8 Member=Component D10_L8 (D10) HBLED
Added Member To Class: ClassName=L9 Member=Component D10_L9 (D10) HBLED
Added Member To Class: ClassName=L10 Member=Component D10_L10 (D10) HBLED
Added Member To Class: ClassName=L11 Member=Component D10_L11 (D10) HBLED
Added Member To Class: ClassName=L12 Member=Component D10_L12 (D10) HBLED
Added Member To Class: ClassName=L13 Member=Component D10_L13 (D10) HBLED
Added Member To Class: ClassName=L14 Member=Component D10_L14 (D10) HBLED
Added Member To Class: ClassName=L15 Member=Component D10_L15 (D10) HBLED
Added Member To Class: ClassName=L16 Member=Component D10_L16 (D10) HBLED
Added Member To Class: ClassName=L17 Member=Component D10_L17 (D10) HBLED
Added Member To Class: ClassName=L18 Member=Component D10_L18 (D10) HBLED
Added Member To Class: ClassName=L19 Member=Component D10_L19 (D10) HBLED
Added Member To Class: ClassName=L20 Member=Component D10_L20 (D10) HBLED
Added Member To Class: ClassName=L21 Member=Component D10_L21 (D10) HBLED
Added Member To Class: ClassName=L22 Member=Component D10_L22 (D10) HBLED
Added Member To Class: ClassName=L23 Member=Component D10_L23 (D10) HBLED
Added Member To Class: ClassName=L24 Member=Component D10_L24 (D10) HBLED
Added Member To Class: ClassName=L25 Member=Component D10_L25 (D10) HBLED
Added Member To Class: ClassName=L26 Member=Component D10_L26 (D10) HBLED
Added Member To Class: ClassName=L27 Member=Component D10_L27 (D10) HBLED
Added Member To Class: ClassName=L28 Member=Component D10_L28 (D10) HBLED
Added Member To Class: ClassName=L1 Member=Component D11_L1 (D11) HBLED
Added Member To Class: ClassName=L2 Member=Component D11_L2 (D11) HBLED
Added Member To Class: ClassName=L3 Member=Component D11_L3 (D11) HBLED
Added Member To Class: ClassName=L4 Member=Component D11_L4 (D11) HBLED
Added Member To Class: ClassName=L5 Member=Component D11_L5 (D11) HBLED
Added Member To Class: ClassName=L6 Member=Component D11_L6 (D11) HBLED
Added Member To Class: ClassName=L7 Member=Component D11_L7 (D11) HBLED
Added Member To Class: ClassName=L8 Member=Component D11_L8 (D11) HBLED
Added Member To Class: ClassName=L9 Member=Component D11_L9 (D11) HBLED
Added Member To Class: ClassName=L10 Member=Component D11_L10 (D11) HBLED
Added Member To Class: ClassName=L11 Member=Component D11_L11 (D11) HBLED
Added Member To Class: ClassName=L12 Member=Component D11_L12 (D11) HBLED
Added Member To Class: ClassName=L13 Member=Component D11_L13 (D11) HBLED
Added Member To Class: ClassName=L14 Member=Component D11_L14 (D11) HBLED
Added Member To Class: ClassName=L15 Member=Component D11_L15 (D11) HBLED
Added Member To Class: ClassName=L16 Member=Component D11_L16 (D11) HBLED
Added Member To Class: ClassName=L17 Member=Component D11_L17 (D11) HBLED
Added Member To Class: ClassName=L18 Member=Component D11_L18 (D11) HBLED
Added Member To Class: ClassName=L19 Member=Component D11_L19 (D11) HBLED
Added Member To Class: ClassName=L20 Member=Component D11_L20 (D11) HBLED
Added Member To Class: ClassName=L21 Member=Component D11_L21 (D11) HBLED
Added Member To Class: ClassName=L22 Member=Component D11_L22 (D11) HBLED
Added Member To Class: ClassName=L23 Member=Component D11_L23 (D11) HBLED
Added Member To Class: ClassName=L24 Member=Component D11_L24 (D11) HBLED
Added Member To Class: ClassName=L25 Member=Component D11_L25 (D11) HBLED
Added Member To Class: ClassName=L26 Member=Component D11_L26 (D11) HBLED
Added Member To Class: ClassName=L27 Member=Component D11_L27 (D11) HBLED
Added Member To Class: ClassName=L28 Member=Component D11_L28 (D11) HBLED
Added Member To Class: ClassName=SUPPLY Member=Component D14 150060YS75000
Change Room Name: Old Name=BUS1 New Name=BUS2
Change Room Name: Old Name=BUS2 New Name=BUS3
