Added Room: Name=7SEG1
Added Room: Name=7SEG2
Added Room: Name=7SEG3
Added Room: Name=7SEG4
Added Room: Name=BUS2
Added Room: Name=BUS3
Added Room: Name=COM485
Added Room: Name=CPU
Added Room: Name=L1
Added Room: Name=L2
Added Room: Name=L3
Added Room: Name=L4
Added Room: Name=L5
Added Room: Name=L6
Added Room: Name=L7
Added Room: Name=L8
Added Room: Name=L9
Added Room: Name=L10
Added Room: Name=L11
Added Room: Name=L12
Added Room: Name=L13
Added Room: Name=L14
Added Room: Name=L15
Added Room: Name=L16
Added Room: Name=L17
Added Room: Name=L18
Added Room: Name=L19
Added Room: Name=L20
Added Room: Name=L21
Added Room: Name=L22
Added Room: Name=L23
Added Room: Name=L24
Added Room: Name=L25
Added Room: Name=L26
Added Room: Name=L27
Added Room: Name=L28
Added Room: Name=REG1
Added Room: Name=REG2
Added Room: Name=REG3
Added Room: Name=REG4
Added Room: Name=SUPPLY
