Change Component Designator: OldDesignator=D5 NewDesignator=D6
Change Component Designator: OldDesignator=D6 NewDesignator=D7
Change Component Designator: OldDesignator=D7 NewDesignator=D8
Change Component Designator: OldDesignator=D8 NewDesignator=D9
Change Component Designator: OldDesignator=D9 NewDesignator=D10
Added Component: Designator=D5_DOT1(LED)
Added Component: Designator=D5_DOT2(LED)
Added Component: Designator=D5_DOT3(LED)
Added Component: Designator=D5_DOT4(LED)
Added Component: Designator=D5_DOT5(LED)
Added Component: Designator=D5_DOT6(LED)
Added Component: Designator=D5_DOT7(LED)
Added Component: Designator=D5_DOT8(LED)
Added Component: Designator=D5_DOT9(LED)
Added Component: Designator=D5_DOT10(LED)
Added Component: Designator=D5_DOT11(LED)
Added Component: Designator=D5_DOT12(LED)
Added Component: Designator=D5_DOT13(LED)
Added Component: Designator=D5_DOT14(LED)
Added Component: Designator=D5_DOT15(LED)
Added Component: Designator=D5_DOT16(LED)
Added Component: Designator=D5_DOT17(LED)
Added Component: Designator=D5_DOT18(LED)
Added Component: Designator=D5_DOT19(LED)
Added Component: Designator=D5_DOT20(LED)
Added Component: Designator=D5_DOT21(LED)
Added Component: Designator=D5_DOT22(LED)
Added Component: Designator=D5_DOT23(LED)
Added Component: Designator=D5_DOT24(LED)
Added Component: Designator=D5_DOT25(LED)
Added Component: Designator=D5_DOT26(LED)
Added Component: Designator=D5_DOT27(LED)
Added Component: Designator=D5_DOT28(LED)
Added Component: Designator=D5_DOT29(LED)
Added Component: Designator=D5_DOT30(LED)
Added Component: Designator=D5_DOT31(LED)
Added Component: Designator=D5_DOT32(LED)
Added Component: Designator=D5_DOT33(LED)
Added Component: Designator=D5_DOT34(LED)
Added Component: Designator=D5_DOT35(LED)
Added Component: Designator=D5_DOT36(LED)
Added Component: Designator=D5_DOT37(LED)
Added Component: Designator=D5_DOT38(LED)
Added Component: Designator=D5_DOT39(LED)
Added Component: Designator=D5_DOT40(LED)
Added Component: Designator=D5_DOT41(LED)
Added Component: Designator=D5_DOT42(LED)
Added Component: Designator=D5_DOT43(LED)
Added Component: Designator=D5_DOT44(LED)
Added Component: Designator=D5_DOT45(LED)
Added Component: Designator=D5_DOT46(LED)
Added Component: Designator=D5_DOT47(LED)
Added Component: Designator=D5_DOT48(LED)
Added Component: Designator=D5_DOT49(LED)
Added Component: Designator=D5_DOT50(LED)
Added Component: Designator=D5_DOT51(LED)
Added Component: Designator=D5_DOT52(LED)
Added Component: Designator=D5_DOT53(LED)
Added Component: Designator=D5_DOT54(LED)
Added Component: Designator=D5_DOT55(LED)
Added Component: Designator=D5_DOT56(LED)
Added Component: Designator=D5_DOT57(LED)
Added Component: Designator=D5_DOT58(LED)
Added Component: Designator=D5_DOT59(LED)
Added Component: Designator=D5_DOT60(LED)
Added Component: Designator=D5_DOT61(LED)
Added Component: Designator=D5_DOT62(LED)
Added Component: Designator=D5_DOT63(LED)
Added Component: Designator=D5_DOT64(LED)
Added Component: Designator=D5_DOT65(LED)
Added Component: Designator=D5_DOT66(LED)
Added Component: Designator=D5_DOT67(LED)
Added Component: Designator=D5_DOT68(LED)
Added Component: Designator=D5_DOT69(LED)
Added Component: Designator=D5_DOT70(LED)
Added Component: Designator=D5_DOT71(LED)
Added Component: Designator=D5_DOT72(LED)
Added Component: Designator=D5_DOT73(LED)
Added Component: Designator=D5_DOT74(LED)
Added Component: Designator=D5_DOT75(LED)
Added Component: Designator=D5_DOT76(LED)
Added Component: Designator=D5_DOT77(LED)
Added Component: Designator=D5_DOT78(LED)
Added Component: Designator=D5_DOT79(LED)
Added Component: Designator=D5_DOT80(LED)
Added Component: Designator=D5_DOT81(LED)
Added Component: Designator=D5_DOT82(LED)
Added Component: Designator=D5_DOT83(LED)
Added Component: Designator=D5_DOT84(LED)
Added Component: Designator=D5_DOT85(LED)
Added Component: Designator=D5_DOT86(LED)
Added Component: Designator=D5_DOT87(LED)
Added Component: Designator=D5_DOT88(LED)
Added Component: Designator=D5_DOT89(LED)
Added Component: Designator=D5_DOT90(LED)
Added Component: Designator=D5_DOT91(LED)
Added Component: Designator=D5_DOT92(LED)
Added Component: Designator=D5_DOT93(LED)
Added Component: Designator=D5_DOT94(LED)
Added Component: Designator=D5_DOT95(LED)
Added Component: Designator=D5_DOT96(LED)
Added Component: Designator=D5_DOT97(LED)
Added Component: Designator=D5_DOT98(LED)
Added Component: Designator=D5_DOT99(LED)
Added Component: Designator=D5_DOT100(LED)
Added Component: Designator=D5_DOT101(LED)
Added Component: Designator=D5_DOT102(LED)
Added Component: Designator=D5_DOT103(LED)
Added Component: Designator=D5_DOT104(LED)
Added Component: Designator=D5_DOT105(LED)
Added Component: Designator=D5_DOT106(LED)
Added Component: Designator=D5_DOT107(LED)
Added Component: Designator=D5_DOT108(LED)
Added Component: Designator=D5_DOT109(LED)
Added Component: Designator=D5_DOT110(LED)
Added Component: Designator=D5_DOT111(LED)
Added Component: Designator=D5_DOT112(LED)
Added Component: Designator=D5_DOT113(LED)
Added Component: Designator=D5_DOT114(LED)
Added Component: Designator=D5_DOT115(LED)
Added Component: Designator=D5_DOT116(LED)
Added Component: Designator=D5_DOT117(LED)
Added Component: Designator=D5_DOT118(LED)
Added Component: Designator=D5_DOT119(LED)
Added Component: Designator=D5_DOT120(LED)
Added Component: Designator=D5_DOT121(LED)
Added Component: Designator=D5_DOT122(LED)
Added Component: Designator=D5_DOT123(LED)
Added Component: Designator=D5_DOT124(LED)
Added Component: Designator=D5_DOT125(LED)
Added Component: Designator=D5_DOT126(LED)
Added Component: Designator=D5_DOT127(LED)
Added Component: Designator=D5_DOT128(LED)
Added Component: Designator=D5_DOT129(LED)
Added Component: Designator=D5_DOT130(LED)
Added Component: Designator=D5_DOT131(LED)
Added Component: Designator=D5_DOT132(LED)
Added Component: Designator=D5_DOT133(LED)
Added Component: Designator=D5_DOT134(LED)
Added Component: Designator=D5_DOT135(LED)
Added Component: Designator=D5_DOT136(LED)
Added Component: Designator=D5_DOT137(LED)
Added Component: Designator=D5_DOT138(LED)
Added Component: Designator=D5_DOT139(LED)
Added Component: Designator=D5_DOT140(LED)
Added Component: Designator=D5_DOT141(LED)
Added Component: Designator=D5_DOT142(LED)
Added Component: Designator=D5_DOT143(LED)
Added Component: Designator=D5_DOT144(LED)
Added Pin To Net: NetName=EXTSUPP Pin=D5_DOT1-A
Added Pin To Net: NetName=EXTSUPP Pin=D5_DOT6-A
Added Pin To Net: NetName=EXTSUPP Pin=D5_DOT11-A
Added Pin To Net: NetName=EXTSUPP Pin=D5_DOT16-A
Added Pin To Net: NetName=EXTSUPP Pin=D5_DOT21-A
Added Pin To Net: NetName=EXTSUPP Pin=D5_DOT26-A
Added Pin To Net: NetName=EXTSUPP Pin=D5_DOT31-A
Added Pin To Net: NetName=EXTSUPP Pin=D5_DOT36-A
Added Pin To Net: NetName=EXTSUPP Pin=D5_DOT37-A
Added Pin To Net: NetName=EXTSUPP Pin=D5_DOT42-A
Added Pin To Net: NetName=EXTSUPP Pin=D5_DOT47-A
Added Pin To Net: NetName=EXTSUPP Pin=D5_DOT52-A
Added Pin To Net: NetName=EXTSUPP Pin=D5_DOT57-A
Added Pin To Net: NetName=EXTSUPP Pin=D5_DOT62-A
Added Pin To Net: NetName=EXTSUPP Pin=D5_DOT67-A
Added Pin To Net: NetName=EXTSUPP Pin=D5_DOT72-A
Added Pin To Net: NetName=EXTSUPP Pin=D5_DOT73-A
Added Pin To Net: NetName=EXTSUPP Pin=D5_DOT78-A
Added Pin To Net: NetName=EXTSUPP Pin=D5_DOT83-A
Added Pin To Net: NetName=EXTSUPP Pin=D5_DOT88-A
Added Pin To Net: NetName=EXTSUPP Pin=D5_DOT93-A
Added Pin To Net: NetName=EXTSUPP Pin=D5_DOT98-A
Added Pin To Net: NetName=EXTSUPP Pin=D5_DOT103-A
Added Pin To Net: NetName=EXTSUPP Pin=D5_DOT108-A
Added Pin To Net: NetName=EXTSUPP Pin=D5_DOT109-A
Added Pin To Net: NetName=EXTSUPP Pin=D5_DOT114-A
Added Pin To Net: NetName=EXTSUPP Pin=D5_DOT119-A
Added Pin To Net: NetName=EXTSUPP Pin=D5_DOT124-A
Added Pin To Net: NetName=EXTSUPP Pin=D5_DOT129-A
Added Pin To Net: NetName=EXTSUPP Pin=D5_DOT134-A
Added Pin To Net: NetName=EXTSUPP Pin=D5_DOT139-A
Added Pin To Net: NetName=EXTSUPP Pin=D5_DOT144-A
Change Net Name : Old Net Name=NetD7_1 New Net Name=NetD8_1
Added Pin To Net: NetName=NetD5_DOT1_K Pin=D5_DOT1-K
Added Pin To Net: NetName=NetD5_DOT1_K Pin=R6_7SEG1-1
Added Net: Name=NetD5_DOT1_K
Added Pin To Net: NetName=NetD5_DOT2_A Pin=D5_DOT2-A
Added Pin To Net: NetName=NetD5_DOT2_A Pin=D5_DOT3-K
Added Net: Name=NetD5_DOT2_A
Added Pin To Net: NetName=NetD5_DOT2_K Pin=D5_DOT2-K
Added Pin To Net: NetName=NetD5_DOT2_K Pin=R7_L1-1
Added Net: Name=NetD5_DOT2_K
Added Pin To Net: NetName=NetD5_DOT3_A Pin=D5_DOT3-A
Added Pin To Net: NetName=NetD5_DOT3_A Pin=D5_DOT4-K
Added Net: Name=NetD5_DOT3_A
Added Pin To Net: NetName=NetD5_DOT4_A Pin=D5_DOT4-A
Added Pin To Net: NetName=NetD5_DOT4_A Pin=D5_DOT5-K
Added Net: Name=NetD5_DOT4_A
Added Pin To Net: NetName=NetD5_DOT5_A Pin=D5_DOT5-A
Added Pin To Net: NetName=NetD5_DOT5_A Pin=D5_DOT6-K
Added Net: Name=NetD5_DOT5_A
Added Pin To Net: NetName=NetD5_DOT7_A Pin=D5_DOT7-A
Added Pin To Net: NetName=NetD5_DOT7_A Pin=D5_DOT8-K
Added Net: Name=NetD5_DOT7_A
Added Pin To Net: NetName=NetD5_DOT7_K Pin=D5_DOT7-K
Added Pin To Net: NetName=NetD5_DOT7_K Pin=R7_L2-1
Added Net: Name=NetD5_DOT7_K
Added Pin To Net: NetName=NetD5_DOT8_A Pin=D5_DOT8-A
Added Pin To Net: NetName=NetD5_DOT8_A Pin=D5_DOT9-K
Added Net: Name=NetD5_DOT8_A
Added Pin To Net: NetName=NetD5_DOT9_A Pin=D5_DOT9-A
Added Pin To Net: NetName=NetD5_DOT9_A Pin=D5_DOT10-K
Added Net: Name=NetD5_DOT9_A
Added Pin To Net: NetName=NetD5_DOT10_A Pin=D5_DOT10-A
Added Pin To Net: NetName=NetD5_DOT10_A Pin=D5_DOT11-K
Added Net: Name=NetD5_DOT10_A
Added Pin To Net: NetName=NetD5_DOT12_A Pin=D5_DOT12-A
Added Pin To Net: NetName=NetD5_DOT12_A Pin=D5_DOT13-K
Added Net: Name=NetD5_DOT12_A
Added Pin To Net: NetName=NetD5_DOT12_K Pin=D5_DOT12-K
Added Pin To Net: NetName=NetD5_DOT12_K Pin=R7_L3-1
Added Net: Name=NetD5_DOT12_K
Added Pin To Net: NetName=NetD5_DOT13_A Pin=D5_DOT13-A
Added Pin To Net: NetName=NetD5_DOT13_A Pin=D5_DOT14-K
Added Net: Name=NetD5_DOT13_A
Added Pin To Net: NetName=NetD5_DOT14_A Pin=D5_DOT14-A
Added Pin To Net: NetName=NetD5_DOT14_A Pin=D5_DOT15-K
Added Net: Name=NetD5_DOT14_A
Added Pin To Net: NetName=NetD5_DOT15_A Pin=D5_DOT15-A
Added Pin To Net: NetName=NetD5_DOT15_A Pin=D5_DOT16-K
Added Net: Name=NetD5_DOT15_A
Added Pin To Net: NetName=NetD5_DOT17_A Pin=D5_DOT17-A
Added Pin To Net: NetName=NetD5_DOT17_A Pin=D5_DOT18-K
Added Net: Name=NetD5_DOT17_A
Added Pin To Net: NetName=NetD5_DOT17_K Pin=D5_DOT17-K
Added Pin To Net: NetName=NetD5_DOT17_K Pin=R7_L4-1
Added Net: Name=NetD5_DOT17_K
Added Pin To Net: NetName=NetD5_DOT18_A Pin=D5_DOT18-A
Added Pin To Net: NetName=NetD5_DOT18_A Pin=D5_DOT19-K
Added Net: Name=NetD5_DOT18_A
Added Pin To Net: NetName=NetD5_DOT19_A Pin=D5_DOT19-A
Added Pin To Net: NetName=NetD5_DOT19_A Pin=D5_DOT20-K
Added Net: Name=NetD5_DOT19_A
Added Pin To Net: NetName=NetD5_DOT20_A Pin=D5_DOT20-A
Added Pin To Net: NetName=NetD5_DOT20_A Pin=D5_DOT21-K
Added Net: Name=NetD5_DOT20_A
Added Pin To Net: NetName=NetD5_DOT22_A Pin=D5_DOT22-A
Added Pin To Net: NetName=NetD5_DOT22_A Pin=D5_DOT23-K
Added Net: Name=NetD5_DOT22_A
Added Pin To Net: NetName=NetD5_DOT22_K Pin=D5_DOT22-K
Added Pin To Net: NetName=NetD5_DOT22_K Pin=R7_L5-1
Added Net: Name=NetD5_DOT22_K
Added Pin To Net: NetName=NetD5_DOT23_A Pin=D5_DOT23-A
Added Pin To Net: NetName=NetD5_DOT23_A Pin=D5_DOT24-K
Added Net: Name=NetD5_DOT23_A
Added Pin To Net: NetName=NetD5_DOT24_A Pin=D5_DOT24-A
Added Pin To Net: NetName=NetD5_DOT24_A Pin=D5_DOT25-K
Added Net: Name=NetD5_DOT24_A
Added Pin To Net: NetName=NetD5_DOT25_A Pin=D5_DOT25-A
Added Pin To Net: NetName=NetD5_DOT25_A Pin=D5_DOT26-K
Added Net: Name=NetD5_DOT25_A
Added Pin To Net: NetName=NetD5_DOT27_A Pin=D5_DOT27-A
Added Pin To Net: NetName=NetD5_DOT27_A Pin=D5_DOT28-K
Added Net: Name=NetD5_DOT27_A
Added Pin To Net: NetName=NetD5_DOT27_K Pin=D5_DOT27-K
Added Pin To Net: NetName=NetD5_DOT27_K Pin=R7_L6-1
Added Net: Name=NetD5_DOT27_K
Added Pin To Net: NetName=NetD5_DOT28_A Pin=D5_DOT28-A
Added Pin To Net: NetName=NetD5_DOT28_A Pin=D5_DOT29-K
Added Net: Name=NetD5_DOT28_A
Added Pin To Net: NetName=NetD5_DOT29_A Pin=D5_DOT29-A
Added Pin To Net: NetName=NetD5_DOT29_A Pin=D5_DOT30-K
Added Net: Name=NetD5_DOT29_A
Added Pin To Net: NetName=NetD5_DOT30_A Pin=D5_DOT30-A
Added Pin To Net: NetName=NetD5_DOT30_A Pin=D5_DOT31-K
Added Net: Name=NetD5_DOT30_A
Added Pin To Net: NetName=NetD5_DOT32_A Pin=D5_DOT32-A
Added Pin To Net: NetName=NetD5_DOT32_A Pin=D5_DOT33-K
Added Net: Name=NetD5_DOT32_A
Added Pin To Net: NetName=NetD5_DOT32_K Pin=D5_DOT32-K
Added Pin To Net: NetName=NetD5_DOT32_K Pin=R7_L7-1
Added Net: Name=NetD5_DOT32_K
Added Pin To Net: NetName=NetD5_DOT33_A Pin=D5_DOT33-A
Added Pin To Net: NetName=NetD5_DOT33_A Pin=D5_DOT34-K
Added Net: Name=NetD5_DOT33_A
Added Pin To Net: NetName=NetD5_DOT34_A Pin=D5_DOT34-A
Added Pin To Net: NetName=NetD5_DOT34_A Pin=D5_DOT35-K
Added Net: Name=NetD5_DOT34_A
Added Pin To Net: NetName=NetD5_DOT35_A Pin=D5_DOT35-A
Added Pin To Net: NetName=NetD5_DOT35_A Pin=D5_DOT36-K
Added Net: Name=NetD5_DOT35_A
Added Pin To Net: NetName=NetD5_DOT37_K Pin=D5_DOT37-K
Added Pin To Net: NetName=NetD5_DOT37_K Pin=R6_7SEG2-1
Added Net: Name=NetD5_DOT37_K
Added Pin To Net: NetName=NetD5_DOT38_A Pin=D5_DOT38-A
Added Pin To Net: NetName=NetD5_DOT38_A Pin=D5_DOT39-K
Added Net: Name=NetD5_DOT38_A
Added Pin To Net: NetName=NetD5_DOT38_K Pin=D5_DOT38-K
Added Pin To Net: NetName=NetD5_DOT38_K Pin=R7_L8-1
Added Net: Name=NetD5_DOT38_K
Added Pin To Net: NetName=NetD5_DOT39_A Pin=D5_DOT39-A
Added Pin To Net: NetName=NetD5_DOT39_A Pin=D5_DOT40-K
Added Net: Name=NetD5_DOT39_A
Added Pin To Net: NetName=NetD5_DOT40_A Pin=D5_DOT40-A
Added Pin To Net: NetName=NetD5_DOT40_A Pin=D5_DOT41-K
Added Net: Name=NetD5_DOT40_A
Added Pin To Net: NetName=NetD5_DOT41_A Pin=D5_DOT41-A
Added Pin To Net: NetName=NetD5_DOT41_A Pin=D5_DOT42-K
Added Net: Name=NetD5_DOT41_A
Added Pin To Net: NetName=NetD5_DOT43_A Pin=D5_DOT43-A
Added Pin To Net: NetName=NetD5_DOT43_A Pin=D5_DOT44-K
Added Net: Name=NetD5_DOT43_A
Added Pin To Net: NetName=NetD5_DOT43_K Pin=D5_DOT43-K
Added Pin To Net: NetName=NetD5_DOT43_K Pin=R7_L9-1
Added Net: Name=NetD5_DOT43_K
Added Pin To Net: NetName=NetD5_DOT44_A Pin=D5_DOT44-A
Added Pin To Net: NetName=NetD5_DOT44_A Pin=D5_DOT45-K
Added Net: Name=NetD5_DOT44_A
Added Pin To Net: NetName=NetD5_DOT45_A Pin=D5_DOT45-A
Added Pin To Net: NetName=NetD5_DOT45_A Pin=D5_DOT46-K
Added Net: Name=NetD5_DOT45_A
Added Pin To Net: NetName=NetD5_DOT46_A Pin=D5_DOT46-A
Added Pin To Net: NetName=NetD5_DOT46_A Pin=D5_DOT47-K
Added Net: Name=NetD5_DOT46_A
Added Pin To Net: NetName=NetD5_DOT48_A Pin=D5_DOT48-A
Added Pin To Net: NetName=NetD5_DOT48_A Pin=D5_DOT49-K
Added Net: Name=NetD5_DOT48_A
Added Pin To Net: NetName=NetD5_DOT48_K Pin=D5_DOT48-K
Added Pin To Net: NetName=NetD5_DOT48_K Pin=R7_L10-1
Added Net: Name=NetD5_DOT48_K
Added Pin To Net: NetName=NetD5_DOT49_A Pin=D5_DOT49-A
Added Pin To Net: NetName=NetD5_DOT49_A Pin=D5_DOT50-K
Added Net: Name=NetD5_DOT49_A
Added Pin To Net: NetName=NetD5_DOT50_A Pin=D5_DOT50-A
Added Pin To Net: NetName=NetD5_DOT50_A Pin=D5_DOT51-K
Added Net: Name=NetD5_DOT50_A
Added Pin To Net: NetName=NetD5_DOT51_A Pin=D5_DOT51-A
Added Pin To Net: NetName=NetD5_DOT51_A Pin=D5_DOT52-K
Added Net: Name=NetD5_DOT51_A
Added Pin To Net: NetName=NetD5_DOT53_A Pin=D5_DOT53-A
Added Pin To Net: NetName=NetD5_DOT53_A Pin=D5_DOT54-K
Added Net: Name=NetD5_DOT53_A
Added Pin To Net: NetName=NetD5_DOT53_K Pin=D5_DOT53-K
Added Pin To Net: NetName=NetD5_DOT53_K Pin=R7_L11-1
Added Net: Name=NetD5_DOT53_K
Added Pin To Net: NetName=NetD5_DOT54_A Pin=D5_DOT54-A
Added Pin To Net: NetName=NetD5_DOT54_A Pin=D5_DOT55-K
Added Net: Name=NetD5_DOT54_A
Added Pin To Net: NetName=NetD5_DOT55_A Pin=D5_DOT55-A
Added Pin To Net: NetName=NetD5_DOT55_A Pin=D5_DOT56-K
Added Net: Name=NetD5_DOT55_A
Added Pin To Net: NetName=NetD5_DOT56_A Pin=D5_DOT56-A
Added Pin To Net: NetName=NetD5_DOT56_A Pin=D5_DOT57-K
Added Net: Name=NetD5_DOT56_A
Added Pin To Net: NetName=NetD5_DOT58_A Pin=D5_DOT58-A
Added Pin To Net: NetName=NetD5_DOT58_A Pin=D5_DOT59-K
Added Net: Name=NetD5_DOT58_A
Added Pin To Net: NetName=NetD5_DOT58_K Pin=D5_DOT58-K
Added Pin To Net: NetName=NetD5_DOT58_K Pin=R7_L12-1
Added Net: Name=NetD5_DOT58_K
Added Pin To Net: NetName=NetD5_DOT59_A Pin=D5_DOT59-A
Added Pin To Net: NetName=NetD5_DOT59_A Pin=D5_DOT60-K
Added Net: Name=NetD5_DOT59_A
Added Pin To Net: NetName=NetD5_DOT60_A Pin=D5_DOT60-A
Added Pin To Net: NetName=NetD5_DOT60_A Pin=D5_DOT61-K
Added Net: Name=NetD5_DOT60_A
Added Pin To Net: NetName=NetD5_DOT61_A Pin=D5_DOT61-A
Added Pin To Net: NetName=NetD5_DOT61_A Pin=D5_DOT62-K
Added Net: Name=NetD5_DOT61_A
Added Pin To Net: NetName=NetD5_DOT63_A Pin=D5_DOT63-A
Added Pin To Net: NetName=NetD5_DOT63_A Pin=D5_DOT64-K
Added Net: Name=NetD5_DOT63_A
Added Pin To Net: NetName=NetD5_DOT63_K Pin=D5_DOT63-K
Added Pin To Net: NetName=NetD5_DOT63_K Pin=R7_L13-1
Added Net: Name=NetD5_DOT63_K
Added Pin To Net: NetName=NetD5_DOT64_A Pin=D5_DOT64-A
Added Pin To Net: NetName=NetD5_DOT64_A Pin=D5_DOT65-K
Added Net: Name=NetD5_DOT64_A
Added Pin To Net: NetName=NetD5_DOT65_A Pin=D5_DOT65-A
Added Pin To Net: NetName=NetD5_DOT65_A Pin=D5_DOT66-K
Added Net: Name=NetD5_DOT65_A
Added Pin To Net: NetName=NetD5_DOT66_A Pin=D5_DOT66-A
Added Pin To Net: NetName=NetD5_DOT66_A Pin=D5_DOT67-K
Added Net: Name=NetD5_DOT66_A
Added Pin To Net: NetName=NetD5_DOT68_A Pin=D5_DOT68-A
Added Pin To Net: NetName=NetD5_DOT68_A Pin=D5_DOT69-K
Added Net: Name=NetD5_DOT68_A
Added Pin To Net: NetName=NetD5_DOT68_K Pin=D5_DOT68-K
Added Pin To Net: NetName=NetD5_DOT68_K Pin=R7_L14-1
Added Net: Name=NetD5_DOT68_K
Added Pin To Net: NetName=NetD5_DOT69_A Pin=D5_DOT69-A
Added Pin To Net: NetName=NetD5_DOT69_A Pin=D5_DOT70-K
Added Net: Name=NetD5_DOT69_A
Added Pin To Net: NetName=NetD5_DOT70_A Pin=D5_DOT70-A
Added Pin To Net: NetName=NetD5_DOT70_A Pin=D5_DOT71-K
Added Net: Name=NetD5_DOT70_A
Added Pin To Net: NetName=NetD5_DOT71_A Pin=D5_DOT71-A
Added Pin To Net: NetName=NetD5_DOT71_A Pin=D5_DOT72-K
Added Net: Name=NetD5_DOT71_A
Added Pin To Net: NetName=NetD5_DOT73_K Pin=D5_DOT73-K
Added Pin To Net: NetName=NetD5_DOT73_K Pin=R6_7SEG3-1
Added Net: Name=NetD5_DOT73_K
Added Pin To Net: NetName=NetD5_DOT74_A Pin=D5_DOT74-A
Added Pin To Net: NetName=NetD5_DOT74_A Pin=D5_DOT75-K
Added Net: Name=NetD5_DOT74_A
Added Pin To Net: NetName=NetD5_DOT74_K Pin=D5_DOT74-K
Added Pin To Net: NetName=NetD5_DOT74_K Pin=R7_L15-1
Added Net: Name=NetD5_DOT74_K
Added Pin To Net: NetName=NetD5_DOT75_A Pin=D5_DOT75-A
Added Pin To Net: NetName=NetD5_DOT75_A Pin=D5_DOT76-K
Added Net: Name=NetD5_DOT75_A
Added Pin To Net: NetName=NetD5_DOT76_A Pin=D5_DOT76-A
Added Pin To Net: NetName=NetD5_DOT76_A Pin=D5_DOT77-K
Added Net: Name=NetD5_DOT76_A
Added Pin To Net: NetName=NetD5_DOT77_A Pin=D5_DOT77-A
Added Pin To Net: NetName=NetD5_DOT77_A Pin=D5_DOT78-K
Added Net: Name=NetD5_DOT77_A
Added Pin To Net: NetName=NetD5_DOT79_A Pin=D5_DOT79-A
Added Pin To Net: NetName=NetD5_DOT79_A Pin=D5_DOT80-K
Added Net: Name=NetD5_DOT79_A
Added Pin To Net: NetName=NetD5_DOT79_K Pin=D5_DOT79-K
Added Pin To Net: NetName=NetD5_DOT79_K Pin=R7_L16-1
Added Net: Name=NetD5_DOT79_K
Added Pin To Net: NetName=NetD5_DOT80_A Pin=D5_DOT80-A
Added Pin To Net: NetName=NetD5_DOT80_A Pin=D5_DOT81-K
Added Net: Name=NetD5_DOT80_A
Added Pin To Net: NetName=NetD5_DOT81_A Pin=D5_DOT81-A
Added Pin To Net: NetName=NetD5_DOT81_A Pin=D5_DOT82-K
Added Net: Name=NetD5_DOT81_A
Added Pin To Net: NetName=NetD5_DOT82_A Pin=D5_DOT82-A
Added Pin To Net: NetName=NetD5_DOT82_A Pin=D5_DOT83-K
Added Net: Name=NetD5_DOT82_A
Added Pin To Net: NetName=NetD5_DOT84_A Pin=D5_DOT84-A
Added Pin To Net: NetName=NetD5_DOT84_A Pin=D5_DOT85-K
Added Net: Name=NetD5_DOT84_A
Added Pin To Net: NetName=NetD5_DOT84_K Pin=D5_DOT84-K
Added Pin To Net: NetName=NetD5_DOT84_K Pin=R7_L17-1
Added Net: Name=NetD5_DOT84_K
Added Pin To Net: NetName=NetD5_DOT85_A Pin=D5_DOT85-A
Added Pin To Net: NetName=NetD5_DOT85_A Pin=D5_DOT86-K
Added Net: Name=NetD5_DOT85_A
Added Pin To Net: NetName=NetD5_DOT86_A Pin=D5_DOT86-A
Added Pin To Net: NetName=NetD5_DOT86_A Pin=D5_DOT87-K
Added Net: Name=NetD5_DOT86_A
Added Pin To Net: NetName=NetD5_DOT87_A Pin=D5_DOT87-A
Added Pin To Net: NetName=NetD5_DOT87_A Pin=D5_DOT88-K
Added Net: Name=NetD5_DOT87_A
Added Pin To Net: NetName=NetD5_DOT89_A Pin=D5_DOT89-A
Added Pin To Net: NetName=NetD5_DOT89_A Pin=D5_DOT90-K
Added Net: Name=NetD5_DOT89_A
Added Pin To Net: NetName=NetD5_DOT89_K Pin=D5_DOT89-K
Added Pin To Net: NetName=NetD5_DOT89_K Pin=R7_L18-1
Added Net: Name=NetD5_DOT89_K
Added Pin To Net: NetName=NetD5_DOT90_A Pin=D5_DOT90-A
Added Pin To Net: NetName=NetD5_DOT90_A Pin=D5_DOT91-K
Added Net: Name=NetD5_DOT90_A
Added Pin To Net: NetName=NetD5_DOT91_A Pin=D5_DOT91-A
Added Pin To Net: NetName=NetD5_DOT91_A Pin=D5_DOT92-K
Added Net: Name=NetD5_DOT91_A
Added Pin To Net: NetName=NetD5_DOT92_A Pin=D5_DOT92-A
Added Pin To Net: NetName=NetD5_DOT92_A Pin=D5_DOT93-K
Added Net: Name=NetD5_DOT92_A
Added Pin To Net: NetName=NetD5_DOT94_A Pin=D5_DOT94-A
Added Pin To Net: NetName=NetD5_DOT94_A Pin=D5_DOT95-K
Added Net: Name=NetD5_DOT94_A
Added Pin To Net: NetName=NetD5_DOT94_K Pin=D5_DOT94-K
Added Pin To Net: NetName=NetD5_DOT94_K Pin=R7_L19-1
Added Net: Name=NetD5_DOT94_K
Added Pin To Net: NetName=NetD5_DOT95_A Pin=D5_DOT95-A
Added Pin To Net: NetName=NetD5_DOT95_A Pin=D5_DOT96-K
Added Net: Name=NetD5_DOT95_A
Added Pin To Net: NetName=NetD5_DOT96_A Pin=D5_DOT96-A
Added Pin To Net: NetName=NetD5_DOT96_A Pin=D5_DOT97-K
Added Net: Name=NetD5_DOT96_A
Added Pin To Net: NetName=NetD5_DOT97_A Pin=D5_DOT97-A
Added Pin To Net: NetName=NetD5_DOT97_A Pin=D5_DOT98-K
Added Net: Name=NetD5_DOT97_A
Added Pin To Net: NetName=NetD5_DOT99_A Pin=D5_DOT99-A
Added Pin To Net: NetName=NetD5_DOT99_A Pin=D5_DOT100-K
Added Net: Name=NetD5_DOT99_A
Added Pin To Net: NetName=NetD5_DOT99_K Pin=D5_DOT99-K
Added Pin To Net: NetName=NetD5_DOT99_K Pin=R7_L20-1
Added Net: Name=NetD5_DOT99_K
Added Pin To Net: NetName=NetD5_DOT100_A Pin=D5_DOT100-A
Added Pin To Net: NetName=NetD5_DOT100_A Pin=D5_DOT101-K
Added Net: Name=NetD5_DOT100_A
Added Pin To Net: NetName=NetD5_DOT101_A Pin=D5_DOT101-A
Added Pin To Net: NetName=NetD5_DOT101_A Pin=D5_DOT102-K
Added Net: Name=NetD5_DOT101_A
Added Pin To Net: NetName=NetD5_DOT102_A Pin=D5_DOT102-A
Added Pin To Net: NetName=NetD5_DOT102_A Pin=D5_DOT103-K
Added Net: Name=NetD5_DOT102_A
Added Pin To Net: NetName=NetD5_DOT104_A Pin=D5_DOT104-A
Added Pin To Net: NetName=NetD5_DOT104_A Pin=D5_DOT105-K
Added Net: Name=NetD5_DOT104_A
Added Pin To Net: NetName=NetD5_DOT104_K Pin=D5_DOT104-K
Added Pin To Net: NetName=NetD5_DOT104_K Pin=R7_L21-1
Added Net: Name=NetD5_DOT104_K
Added Pin To Net: NetName=NetD5_DOT105_A Pin=D5_DOT105-A
Added Pin To Net: NetName=NetD5_DOT105_A Pin=D5_DOT106-K
Added Net: Name=NetD5_DOT105_A
Added Pin To Net: NetName=NetD5_DOT106_A Pin=D5_DOT106-A
Added Pin To Net: NetName=NetD5_DOT106_A Pin=D5_DOT107-K
Added Net: Name=NetD5_DOT106_A
Added Pin To Net: NetName=NetD5_DOT107_A Pin=D5_DOT107-A
Added Pin To Net: NetName=NetD5_DOT107_A Pin=D5_DOT108-K
Added Net: Name=NetD5_DOT107_A
Added Pin To Net: NetName=NetD5_DOT109_K Pin=D5_DOT109-K
Added Pin To Net: NetName=NetD5_DOT109_K Pin=R6_7SEG4-1
Added Net: Name=NetD5_DOT109_K
Added Pin To Net: NetName=NetD5_DOT110_A Pin=D5_DOT110-A
Added Pin To Net: NetName=NetD5_DOT110_A Pin=D5_DOT111-K
Added Net: Name=NetD5_DOT110_A
Added Pin To Net: NetName=NetD5_DOT110_K Pin=D5_DOT110-K
Added Pin To Net: NetName=NetD5_DOT110_K Pin=R7_L22-1
Added Net: Name=NetD5_DOT110_K
Added Pin To Net: NetName=NetD5_DOT111_A Pin=D5_DOT111-A
Added Pin To Net: NetName=NetD5_DOT111_A Pin=D5_DOT112-K
Added Net: Name=NetD5_DOT111_A
Added Pin To Net: NetName=NetD5_DOT112_A Pin=D5_DOT112-A
Added Pin To Net: NetName=NetD5_DOT112_A Pin=D5_DOT113-K
Added Net: Name=NetD5_DOT112_A
Added Pin To Net: NetName=NetD5_DOT113_A Pin=D5_DOT113-A
Added Pin To Net: NetName=NetD5_DOT113_A Pin=D5_DOT114-K
Added Net: Name=NetD5_DOT113_A
Added Pin To Net: NetName=NetD5_DOT115_A Pin=D5_DOT115-A
Added Pin To Net: NetName=NetD5_DOT115_A Pin=D5_DOT116-K
Added Net: Name=NetD5_DOT115_A
Added Pin To Net: NetName=NetD5_DOT115_K Pin=D5_DOT115-K
Added Pin To Net: NetName=NetD5_DOT115_K Pin=R7_L23-1
Added Net: Name=NetD5_DOT115_K
Added Pin To Net: NetName=NetD5_DOT116_A Pin=D5_DOT116-A
Added Pin To Net: NetName=NetD5_DOT116_A Pin=D5_DOT117-K
Added Net: Name=NetD5_DOT116_A
Added Pin To Net: NetName=NetD5_DOT117_A Pin=D5_DOT117-A
Added Pin To Net: NetName=NetD5_DOT117_A Pin=D5_DOT118-K
Added Net: Name=NetD5_DOT117_A
Added Pin To Net: NetName=NetD5_DOT118_A Pin=D5_DOT118-A
Added Pin To Net: NetName=NetD5_DOT118_A Pin=D5_DOT119-K
Added Net: Name=NetD5_DOT118_A
Added Pin To Net: NetName=NetD5_DOT120_A Pin=D5_DOT120-A
Added Pin To Net: NetName=NetD5_DOT120_A Pin=D5_DOT121-K
Added Net: Name=NetD5_DOT120_A
Added Pin To Net: NetName=NetD5_DOT120_K Pin=D5_DOT120-K
Added Pin To Net: NetName=NetD5_DOT120_K Pin=R7_L24-1
Added Net: Name=NetD5_DOT120_K
Added Pin To Net: NetName=NetD5_DOT121_A Pin=D5_DOT121-A
Added Pin To Net: NetName=NetD5_DOT121_A Pin=D5_DOT122-K
Added Net: Name=NetD5_DOT121_A
Added Pin To Net: NetName=NetD5_DOT122_A Pin=D5_DOT122-A
Added Pin To Net: NetName=NetD5_DOT122_A Pin=D5_DOT123-K
Added Net: Name=NetD5_DOT122_A
Added Pin To Net: NetName=NetD5_DOT123_A Pin=D5_DOT123-A
Added Pin To Net: NetName=NetD5_DOT123_A Pin=D5_DOT124-K
Added Net: Name=NetD5_DOT123_A
Added Pin To Net: NetName=NetD5_DOT125_A Pin=D5_DOT125-A
Added Pin To Net: NetName=NetD5_DOT125_A Pin=D5_DOT126-K
Added Net: Name=NetD5_DOT125_A
Added Pin To Net: NetName=NetD5_DOT125_K Pin=D5_DOT125-K
Added Pin To Net: NetName=NetD5_DOT125_K Pin=R7_L25-1
Added Net: Name=NetD5_DOT125_K
Added Pin To Net: NetName=NetD5_DOT126_A Pin=D5_DOT126-A
Added Pin To Net: NetName=NetD5_DOT126_A Pin=D5_DOT127-K
Added Net: Name=NetD5_DOT126_A
Added Pin To Net: NetName=NetD5_DOT127_A Pin=D5_DOT127-A
Added Pin To Net: NetName=NetD5_DOT127_A Pin=D5_DOT128-K
Added Net: Name=NetD5_DOT127_A
Added Pin To Net: NetName=NetD5_DOT128_A Pin=D5_DOT128-A
Added Pin To Net: NetName=NetD5_DOT128_A Pin=D5_DOT129-K
Added Net: Name=NetD5_DOT128_A
Added Pin To Net: NetName=NetD5_DOT130_A Pin=D5_DOT130-A
Added Pin To Net: NetName=NetD5_DOT130_A Pin=D5_DOT131-K
Added Net: Name=NetD5_DOT130_A
Added Pin To Net: NetName=NetD5_DOT130_K Pin=D5_DOT130-K
Added Pin To Net: NetName=NetD5_DOT130_K Pin=R7_L26-1
Added Net: Name=NetD5_DOT130_K
Added Pin To Net: NetName=NetD5_DOT131_A Pin=D5_DOT131-A
Added Pin To Net: NetName=NetD5_DOT131_A Pin=D5_DOT132-K
Added Net: Name=NetD5_DOT131_A
Added Pin To Net: NetName=NetD5_DOT132_A Pin=D5_DOT132-A
Added Pin To Net: NetName=NetD5_DOT132_A Pin=D5_DOT133-K
Added Net: Name=NetD5_DOT132_A
Added Pin To Net: NetName=NetD5_DOT133_A Pin=D5_DOT133-A
Added Pin To Net: NetName=NetD5_DOT133_A Pin=D5_DOT134-K
Added Net: Name=NetD5_DOT133_A
Added Pin To Net: NetName=NetD5_DOT135_A Pin=D5_DOT135-A
Added Pin To Net: NetName=NetD5_DOT135_A Pin=D5_DOT136-K
Added Net: Name=NetD5_DOT135_A
Added Pin To Net: NetName=NetD5_DOT135_K Pin=D5_DOT135-K
Added Pin To Net: NetName=NetD5_DOT135_K Pin=R7_L27-1
Added Net: Name=NetD5_DOT135_K
Added Pin To Net: NetName=NetD5_DOT136_A Pin=D5_DOT136-A
Added Pin To Net: NetName=NetD5_DOT136_A Pin=D5_DOT137-K
Added Net: Name=NetD5_DOT136_A
Added Pin To Net: NetName=NetD5_DOT137_A Pin=D5_DOT137-A
Added Pin To Net: NetName=NetD5_DOT137_A Pin=D5_DOT138-K
Added Net: Name=NetD5_DOT137_A
Added Pin To Net: NetName=NetD5_DOT138_A Pin=D5_DOT138-A
Added Pin To Net: NetName=NetD5_DOT138_A Pin=D5_DOT139-K
Added Net: Name=NetD5_DOT138_A
Added Pin To Net: NetName=NetD5_DOT140_A Pin=D5_DOT140-A
Added Pin To Net: NetName=NetD5_DOT140_A Pin=D5_DOT141-K
Added Net: Name=NetD5_DOT140_A
Added Pin To Net: NetName=NetD5_DOT140_K Pin=D5_DOT140-K
Added Pin To Net: NetName=NetD5_DOT140_K Pin=R7_L28-1
Added Net: Name=NetD5_DOT140_K
Added Pin To Net: NetName=NetD5_DOT141_A Pin=D5_DOT141-A
Added Pin To Net: NetName=NetD5_DOT141_A Pin=D5_DOT142-K
Added Net: Name=NetD5_DOT141_A
Added Pin To Net: NetName=NetD5_DOT142_A Pin=D5_DOT142-A
Added Pin To Net: NetName=NetD5_DOT142_A Pin=D5_DOT143-K
Added Net: Name=NetD5_DOT142_A
Added Pin To Net: NetName=NetD5_DOT143_A Pin=D5_DOT143-A
Added Pin To Net: NetName=NetD5_DOT143_A Pin=D5_DOT144-K
Added Net: Name=NetD5_DOT143_A
Added Class: Name=DOT1
Added Class: Name=DOT2
Added Class: Name=DOT3
Added Class: Name=DOT4
Added Class: Name=DOT5
Added Class: Name=DOT6
Added Class: Name=DOT7
Added Class: Name=DOT8
Added Class: Name=DOT9
Added Class: Name=DOT10
Added Class: Name=DOT11
Added Class: Name=DOT12
Added Class: Name=DOT13
Added Class: Name=DOT14
Added Class: Name=DOT15
Added Class: Name=DOT16
Added Class: Name=DOT17
Added Class: Name=DOT18
Added Class: Name=DOT19
Added Class: Name=DOT20
Added Class: Name=DOT21
Added Class: Name=DOT22
Added Class: Name=DOT23
Added Class: Name=DOT24
Added Class: Name=DOT25
Added Class: Name=DOT26
Added Class: Name=DOT27
Added Class: Name=DOT28
Added Class: Name=DOT29
Added Class: Name=DOT30
Added Class: Name=DOT31
Added Class: Name=DOT32
Added Class: Name=DOT33
Added Class: Name=DOT34
Added Class: Name=DOT35
Added Class: Name=DOT36
Added Class: Name=DOT37
Added Class: Name=DOT38
Added Class: Name=DOT39
Added Class: Name=DOT40
Added Class: Name=DOT41
Added Class: Name=DOT42
Added Class: Name=DOT43
Added Class: Name=DOT44
Added Class: Name=DOT45
Added Class: Name=DOT46
Added Class: Name=DOT47
Added Class: Name=DOT48
Added Class: Name=DOT49
Added Class: Name=DOT50
Added Class: Name=DOT51
Added Class: Name=DOT52
Added Class: Name=DOT53
Added Class: Name=DOT54
Added Class: Name=DOT55
Added Class: Name=DOT56
Added Class: Name=DOT57
Added Class: Name=DOT58
Added Class: Name=DOT59
Added Class: Name=DOT60
Added Class: Name=DOT61
Added Class: Name=DOT62
Added Class: Name=DOT63
Added Class: Name=DOT64
Added Class: Name=DOT65
Added Class: Name=DOT66
Added Class: Name=DOT67
Added Class: Name=DOT68
Added Class: Name=DOT69
Added Class: Name=DOT70
Added Class: Name=DOT71
Added Class: Name=DOT72
Added Class: Name=DOT73
Added Class: Name=DOT74
Added Class: Name=DOT75
Added Class: Name=DOT76
Added Class: Name=DOT77
Added Class: Name=DOT78
Added Class: Name=DOT79
Added Class: Name=DOT80
Added Class: Name=DOT81
Added Class: Name=DOT82
Added Class: Name=DOT83
Added Class: Name=DOT84
Added Class: Name=DOT85
Added Class: Name=DOT86
Added Class: Name=DOT87
Added Class: Name=DOT88
Added Class: Name=DOT89
Added Class: Name=DOT90
Added Class: Name=DOT91
Added Class: Name=DOT92
Added Class: Name=DOT93
Added Class: Name=DOT94
Added Class: Name=DOT95
Added Class: Name=DOT96
Added Class: Name=DOT97
Added Class: Name=DOT98
Added Class: Name=DOT99
Added Class: Name=DOT100
Added Class: Name=DOT101
Added Class: Name=DOT102
Added Class: Name=DOT103
Added Class: Name=DOT104
Added Class: Name=DOT105
Added Class: Name=DOT106
Added Class: Name=DOT107
Added Class: Name=DOT108
Added Class: Name=DOT109
Added Class: Name=DOT110
Added Class: Name=DOT111
Added Class: Name=DOT112
Added Class: Name=DOT113
Added Class: Name=DOT114
Added Class: Name=DOT115
Added Class: Name=DOT116
Added Class: Name=DOT117
Added Class: Name=DOT118
Added Class: Name=DOT119
Added Class: Name=DOT120
Added Class: Name=DOT121
Added Class: Name=DOT122
Added Class: Name=DOT123
Added Class: Name=DOT124
Added Class: Name=DOT125
Added Class: Name=DOT126
Added Class: Name=DOT127
Added Class: Name=DOT128
Added Class: Name=DOT129
Added Class: Name=DOT130
Added Class: Name=DOT131
Added Class: Name=DOT132
Added Class: Name=DOT133
Added Class: Name=DOT134
Added Class: Name=DOT135
Added Class: Name=DOT136
Added Class: Name=DOT137
Added Class: Name=DOT138
Added Class: Name=DOT139
Added Class: Name=DOT140
Added Class: Name=DOT141
Added Class: Name=DOT142
Added Class: Name=DOT143
Added Class: Name=DOT144
Change Room Name: Old Name=BUS1 New Name=BUS2
Change Room Name: Old Name=BUS2 New Name=BUS3
Added Room: Name=DOT1
Added Room: Name=DOT2
Added Room: Name=DOT3
Added Room: Name=DOT4
Added Room: Name=DOT5
Added Room: Name=DOT6
Added Room: Name=DOT7
Added Room: Name=DOT8
Added Room: Name=DOT9
Added Room: Name=DOT10
Added Room: Name=DOT11
Added Room: Name=DOT12
Added Room: Name=DOT13
Added Room: Name=DOT14
Added Room: Name=DOT15
Added Room: Name=DOT16
Added Room: Name=DOT17
Added Room: Name=DOT18
Added Room: Name=DOT19
Added Room: Name=DOT20
Added Room: Name=DOT21
Added Room: Name=DOT22
Added Room: Name=DOT23
Added Room: Name=DOT24
Added Room: Name=DOT25
Added Room: Name=DOT26
Added Room: Name=DOT27
Added Room: Name=DOT28
Added Room: Name=DOT29
Added Room: Name=DOT30
Added Room: Name=DOT31
Added Room: Name=DOT32
Added Room: Name=DOT33
Added Room: Name=DOT34
Added Room: Name=DOT35
Added Room: Name=DOT36
Added Room: Name=DOT37
Added Room: Name=DOT38
Added Room: Name=DOT39
Added Room: Name=DOT40
Added Room: Name=DOT41
Added Room: Name=DOT42
Added Room: Name=DOT43
Added Room: Name=DOT44
Added Room: Name=DOT45
Added Room: Name=DOT46
Added Room: Name=DOT47
Added Room: Name=DOT48
Added Room: Name=DOT49
Added Room: Name=DOT50
Added Room: Name=DOT51
Added Room: Name=DOT52
Added Room: Name=DOT53
Added Room: Name=DOT54
Added Room: Name=DOT55
Added Room: Name=DOT56
Added Room: Name=DOT57
Added Room: Name=DOT58
Added Room: Name=DOT59
Added Room: Name=DOT60
Added Room: Name=DOT61
Added Room: Name=DOT62
Added Room: Name=DOT63
Added Room: Name=DOT64
Added Room: Name=DOT65
Added Room: Name=DOT66
Added Room: Name=DOT67
Added Room: Name=DOT68
Added Room: Name=DOT69
Added Room: Name=DOT70
Added Room: Name=DOT71
Added Room: Name=DOT72
Added Room: Name=DOT73
Added Room: Name=DOT74
Added Room: Name=DOT75
Added Room: Name=DOT76
Added Room: Name=DOT77
Added Room: Name=DOT78
Added Room: Name=DOT79
Added Room: Name=DOT80
Added Room: Name=DOT81
Added Room: Name=DOT82
Added Room: Name=DOT83
Added Room: Name=DOT84
Added Room: Name=DOT85
Added Room: Name=DOT86
Added Room: Name=DOT87
Added Room: Name=DOT88
Added Room: Name=DOT89
Added Room: Name=DOT90
Added Room: Name=DOT91
Added Room: Name=DOT92
Added Room: Name=DOT93
Added Room: Name=DOT94
Added Room: Name=DOT95
Added Room: Name=DOT96
Added Room: Name=DOT97
Added Room: Name=DOT98
Added Room: Name=DOT99
Added Room: Name=DOT100
Added Room: Name=DOT101
Added Room: Name=DOT102
Added Room: Name=DOT103
Added Room: Name=DOT104
Added Room: Name=DOT105
Added Room: Name=DOT106
Added Room: Name=DOT107
Added Room: Name=DOT108
Added Room: Name=DOT109
Added Room: Name=DOT110
Added Room: Name=DOT111
Added Room: Name=DOT112
Added Room: Name=DOT113
Added Room: Name=DOT114
Added Room: Name=DOT115
Added Room: Name=DOT116
Added Room: Name=DOT117
Added Room: Name=DOT118
Added Room: Name=DOT119
Added Room: Name=DOT120
Added Room: Name=DOT121
Added Room: Name=DOT122
Added Room: Name=DOT123
Added Room: Name=DOT124
Added Room: Name=DOT125
Added Room: Name=DOT126
Added Room: Name=DOT127
Added Room: Name=DOT128
Added Room: Name=DOT129
Added Room: Name=DOT130
Added Room: Name=DOT131
Added Room: Name=DOT132
Added Room: Name=DOT133
Added Room: Name=DOT134
Added Room: Name=DOT135
Added Room: Name=DOT136
Added Room: Name=DOT137
Added Room: Name=DOT138
Added Room: Name=DOT139
Added Room: Name=DOT140
Added Room: Name=DOT141
Added Room: Name=DOT142
Added Room: Name=DOT143
Added Room: Name=DOT144
