Removed Pin From Net: NetName=NetD6_7SEG3_K Pin=R6_7SEG3-2
Removed Pin From Net: NetName=NetD11_L16_K Pin=R7_L16-2
Removed Pin From Net: NetName=NetD11_L18_K Pin=R7_L18-2
Removed Pin From Net: NetName=NetD11_L20_K Pin=R7_L20-2
Removed Pin From Net: NetName=NetD11_L21_K Pin=R7_L21-2
Added Pin To Net: NetName=VCC Pin=C9_REG3-1
Added Pin To Net: NetName=GND Pin=C9_REG3-2
Added Pin To Net: NetName=NetD6_7SEG3_K Pin=R6_7SEG3-1
Added Pin To Net: NetName=DOT_7SEG3 Pin=R6_7SEG3-2
Added Pin To Net: NetName=SEGG_7SEG3 Pin=R7_L15-2
Added Pin To Net: NetName=NetD11_L16_K Pin=R7_L16-1
Added Pin To Net: NetName=SEGF_7SEG3 Pin=R7_L16-2
Added Pin To Net: NetName=SEGE_7SEG3 Pin=R7_L17-2
Added Pin To Net: NetName=NetD11_L18_K Pin=R7_L18-1
Added Pin To Net: NetName=SEGD_7SEG3 Pin=R7_L18-2
Added Pin To Net: NetName=SEGB_7SEG3 Pin=R7_L19-2
Added Pin To Net: NetName=NetD11_L20_K Pin=R7_L20-1
Added Pin To Net: NetName=SEGC_7SEG3 Pin=R7_L20-2
Added Pin To Net: NetName=NetD11_L21_K Pin=R7_L21-1
Added Pin To Net: NetName=SEGA_7SEG3 Pin=R7_L21-2
Added Pin To Net: NetName=VCC Pin=U3_REG3-1
Added Pin To Net: NetName=SEGC_7SEG3 Pin=U3_REG3-3
Added Pin To Net: NetName=SEGF_7SEG3 Pin=U3_REG3-4
Added Pin To Net: NetName=SEGG_7SEG3 Pin=U3_REG3-5
Added Pin To Net: NetName=SEGD_7SEG3 Pin=U3_REG3-6
Added Pin To Net: NetName=VCC Pin=U3_REG3-7
Added Pin To Net: NetName=GND Pin=U3_REG3-8
Added Pin To Net: NetName=NetU3_REG2_2 Pin=U3_REG3-9
Added Pin To Net: NetName=SEGE_7SEG3 Pin=U3_REG3-11
Added Pin To Net: NetName=SEGA_7SEG3 Pin=U3_REG3-12
Added Pin To Net: NetName=SEGB_7SEG3 Pin=U3_REG3-13
Added Pin To Net: NetName=DOT_7SEG3 Pin=U3_REG3-14
Added Pin To Net: NetName=GND Pin=U3_REG3-16
Change Class Name : Old Net Name=BUS2 New Net Name=BUS3
Change Class Name : Old Net Name=BUS3 New Net Name=BUS2
Added Member To Class: ClassName=BUS3 Member=Component J1_BUS3 (J1) RJ45
Added Room: Name=REG3
