Removed Pin From Net: NetName=NetD6_7SEG2_K Pin=R6_7SEG2-2
Removed Pin From Net: NetName=NetD11_L11_K Pin=R7_L11-2
Added Pin To Net: NetName=NetD6_7SEG2_K Pin=R6_7SEG2-1
Added Pin To Net: NetName=DOT_7SEG2 Pin=R6_7SEG2-2
Added Pin To Net: NetName=SEGG_7SEG2 Pin=R7_L8-2
Added Pin To Net: NetName=SEGF_7SEG2 Pin=R7_L9-2
Added Pin To Net: NetName=SEGE_7SEG2 Pin=R7_L10-2
Added Pin To Net: NetName=NetD11_L11_K Pin=R7_L11-1
Added Pin To Net: NetName=SEGD_7SEG2 Pin=R7_L11-2
Added Pin To Net: NetName=SEGB_7SEG2 Pin=R7_L12-2
Added Pin To Net: NetName=SEGC_7SEG2 Pin=R7_L13-2
Added Pin To Net: NetName=SEGA_7SEG2 Pin=R7_L14-2
Added Pin To Net: NetName=VCC Pin=U3_REG2-1
Added Pin To Net: NetName=SEGC_7SEG2 Pin=U3_REG2-3
Added Pin To Net: NetName=SEGF_7SEG2 Pin=U3_REG2-4
Added Pin To Net: NetName=SEGG_7SEG2 Pin=U3_REG2-5
Added Pin To Net: NetName=SEGD_7SEG2 Pin=U3_REG2-6
Added Pin To Net: NetName=VCC Pin=U3_REG2-7
Added Pin To Net: NetName=GND Pin=U3_REG2-8
Added Pin To Net: NetName=NetU3_REG1_2 Pin=U3_REG2-9
Added Pin To Net: NetName=SEGE_7SEG2 Pin=U3_REG2-11
Added Pin To Net: NetName=SEGA_7SEG2 Pin=U3_REG2-12
Added Pin To Net: NetName=SEGB_7SEG2 Pin=U3_REG2-13
Added Pin To Net: NetName=DOT_7SEG2 Pin=U3_REG2-14
Added Pin To Net: NetName=GND Pin=U3_REG2-16
