Removed Pin From Net: NetName=OUT_Row6 Pin=D20_Row7-A
Removed Pin From Net: NetName=OUT_Row3 Pin=D28_Row4-A
Removed Pin From Net: NetName=OUT_Row3 Pin=D28_Row5-A
Removed Pin From Net: NetName=OUT_Row3 Pin=D28_Row6-A
Removed Pin From Net: NetName=OUT_Row3 Pin=D28_Row7-A
Removed Pin From Net: NetName=OUT_Row2 Pin=D31_Row3-K
Removed Pin From Net: NetName=OUT_Row2 Pin=D31_Row4-K
Removed Pin From Net: NetName=OUT_Row2 Pin=D31_Row5-K
Removed Pin From Net: NetName=OUT_Row2 Pin=D31_Row6-K
Removed Pin From Net: NetName=OUT_Row2 Pin=D31_Row7-K
Removed Pin From Net: NetName=NetR19_2 Pin=U3_REG3-11
Added Pin To Net: NetName=VCC Pin=C9_REG3-1
Added Pin To Net: NetName=GND Pin=C9_REG3-2
Added Pin To Net: NetName=OUT_Row7 Pin=D20_Row7-A
Added Pin To Net: NetName=OUT_Row4 Pin=D28_Row4-A
Added Pin To Net: NetName=OUT_Row5 Pin=D28_Row5-A
Added Pin To Net: NetName=OUT_Row6 Pin=D28_Row6-A
Added Pin To Net: NetName=OUT_Row7 Pin=D28_Row7-A
Added Pin To Net: NetName=RES16 Pin=D31_Row3-K
Added Pin To Net: NetName=RES16 Pin=D31_Row4-K
Added Pin To Net: NetName=RES16 Pin=D31_Row5-K
Added Pin To Net: NetName=RES16 Pin=D31_Row6-K
Added Pin To Net: NetName=RES16 Pin=D31_Row7-K
Added Pin To Net: NetName=VCC Pin=U3_REG3-1
Added Pin To Net: NetName=NetR9_2 Pin=U3_REG3-3
Added Pin To Net: NetName=NetR11_2 Pin=U3_REG3-4
Added Pin To Net: NetName=NetR13_2 Pin=U3_REG3-5
Added Pin To Net: NetName=NetR15_2 Pin=U3_REG3-6
Added Pin To Net: NetName=VCC Pin=U3_REG3-7
Added Pin To Net: NetName=GND Pin=U3_REG3-8
Added Pin To Net: NetName=DOUT0 Pin=U3_REG3-9
Added Pin To Net: NetName=NetR17_2 Pin=U3_REG3-11
Added Pin To Net: NetName=NetR19_2 Pin=U3_REG3-12
Added Pin To Net: NetName=NetR21_2 Pin=U3_REG3-13
Added Pin To Net: NetName=NetR23_2 Pin=U3_REG3-14
Added Pin To Net: NetName=GND Pin=U3_REG3-16
Removed Pin From Net: NetName=RES04 Pin=R17-1
Added Pin To Net: NetName=RES05 Pin=R17-1
Removed Pin From Net: NetName=NetR15_2 Pin=R17-2
Added Pin To Net: NetName=NetR17_2 Pin=R17-2
Removed Pin From Net: NetName=GND Pin=R21-1
Added Pin To Net: NetName=RES07 Pin=R21-1
Removed Pin From Net: NetName=RES06 Pin=R23-1
Added Pin To Net: NetName=RES08 Pin=R23-1
