Change Component Comment : Designator=D33_Row7 Old Comment=HBLED New Comment=Oval Led
Change Component Comment : Designator=D33_Row6 Old Comment=HBLED New Comment=Oval Led
Change Component Comment : Designator=D33_Row5 Old Comment=HBLED New Comment=Oval Led
Change Component Comment : Designator=D33_Row4 Old Comment=HBLED New Comment=Oval Led
Change Component Comment : Designator=D33_Row3 Old Comment=HBLED New Comment=Oval Led
Change Component Comment : Designator=D33_Row2 Old Comment=HBLED New Comment=Oval Led
Change Component Comment : Designator=D33_Row1 Old Comment=HBLED New Comment=Oval Led
Change Component Comment : Designator=D32_Row7 Old Comment=HBLED New Comment=Oval Led
Change Component Comment : Designator=D32_Row6 Old Comment=HBLED New Comment=Oval Led
Change Component Comment : Designator=D32_Row5 Old Comment=HBLED New Comment=Oval Led
Change Component Comment : Designator=D32_Row4 Old Comment=HBLED New Comment=Oval Led
Change Component Comment : Designator=D32_Row3 Old Comment=HBLED New Comment=Oval Led
Change Component Comment : Designator=D32_Row2 Old Comment=HBLED New Comment=Oval Led
Change Component Comment : Designator=D32_Row1 Old Comment=HBLED New Comment=Oval Led
Change Component Comment : Designator=D31_Row7 Old Comment=HBLED New Comment=Oval Led
Change Component Comment : Designator=D31_Row6 Old Comment=HBLED New Comment=Oval Led
Change Component Comment : Designator=D31_Row5 Old Comment=HBLED New Comment=Oval Led
Change Component Comment : Designator=D31_Row4 Old Comment=HBLED New Comment=Oval Led
Change Component Comment : Designator=D31_Row3 Old Comment=HBLED New Comment=Oval Led
Change Component Comment : Designator=D31_Row2 Old Comment=HBLED New Comment=Oval Led
Change Component Comment : Designator=D31_Row1 Old Comment=HBLED New Comment=Oval Led
Change Component Comment : Designator=D30_Row7 Old Comment=HBLED New Comment=Oval Led
Change Component Comment : Designator=D30_Row6 Old Comment=HBLED New Comment=Oval Led
Change Component Comment : Designator=D30_Row5 Old Comment=HBLED New Comment=Oval Led
Change Component Comment : Designator=D30_Row4 Old Comment=HBLED New Comment=Oval Led
Change Component Comment : Designator=D30_Row3 Old Comment=HBLED New Comment=Oval Led
Change Component Comment : Designator=D30_Row2 Old Comment=HBLED New Comment=Oval Led
Change Component Comment : Designator=D30_Row1 Old Comment=HBLED New Comment=Oval Led
Change Component Comment : Designator=D29_Row7 Old Comment=HBLED New Comment=Oval Led
Change Component Comment : Designator=D29_Row6 Old Comment=HBLED New Comment=Oval Led
Change Component Comment : Designator=D29_Row5 Old Comment=HBLED New Comment=Oval Led
Change Component Comment : Designator=D29_Row4 Old Comment=HBLED New Comment=Oval Led
Change Component Comment : Designator=D29_Row3 Old Comment=HBLED New Comment=Oval Led
Change Component Comment : Designator=D29_Row2 Old Comment=HBLED New Comment=Oval Led
Change Component Comment : Designator=D29_Row1 Old Comment=HBLED New Comment=Oval Led
Change Component Comment : Designator=D28_Row7 Old Comment=HBLED New Comment=Oval Led
Change Component Comment : Designator=D28_Row6 Old Comment=HBLED New Comment=Oval Led
Change Component Comment : Designator=D28_Row5 Old Comment=HBLED New Comment=Oval Led
Change Component Comment : Designator=D28_Row4 Old Comment=HBLED New Comment=Oval Led
Change Component Comment : Designator=D28_Row3 Old Comment=HBLED New Comment=Oval Led
Change Component Comment : Designator=D28_Row2 Old Comment=HBLED New Comment=Oval Led
Change Component Comment : Designator=D28_Row1 Old Comment=HBLED New Comment=Oval Led
Change Component Comment : Designator=D27_Row7 Old Comment=HBLED New Comment=Oval Led
Change Component Comment : Designator=D27_Row6 Old Comment=HBLED New Comment=Oval Led
Change Component Comment : Designator=D27_Row5 Old Comment=HBLED New Comment=Oval Led
Change Component Comment : Designator=D27_Row4 Old Comment=HBLED New Comment=Oval Led
Change Component Comment : Designator=D27_Row3 Old Comment=HBLED New Comment=Oval Led
Change Component Comment : Designator=D27_Row2 Old Comment=HBLED New Comment=Oval Led
Change Component Comment : Designator=D27_Row1 Old Comment=HBLED New Comment=Oval Led
Change Component Comment : Designator=D26_Row7 Old Comment=HBLED New Comment=Oval Led
Change Component Comment : Designator=D26_Row6 Old Comment=HBLED New Comment=Oval Led
Change Component Comment : Designator=D26_Row5 Old Comment=HBLED New Comment=Oval Led
Change Component Comment : Designator=D26_Row4 Old Comment=HBLED New Comment=Oval Led
Change Component Comment : Designator=D26_Row3 Old Comment=HBLED New Comment=Oval Led
Change Component Comment : Designator=D26_Row2 Old Comment=HBLED New Comment=Oval Led
Change Component Comment : Designator=D26_Row1 Old Comment=HBLED New Comment=Oval Led
Change Component Comment : Designator=D25_Row7 Old Comment=HBLED New Comment=Oval Led
Change Component Comment : Designator=D25_Row6 Old Comment=HBLED New Comment=Oval Led
Change Component Comment : Designator=D25_Row5 Old Comment=HBLED New Comment=Oval Led
Change Component Comment : Designator=D25_Row4 Old Comment=HBLED New Comment=Oval Led
Change Component Comment : Designator=D25_Row3 Old Comment=HBLED New Comment=Oval Led
Change Component Comment : Designator=D25_Row2 Old Comment=HBLED New Comment=Oval Led
Change Component Comment : Designator=D25_Row1 Old Comment=HBLED New Comment=Oval Led
Change Component Comment : Designator=D24_Row7 Old Comment=HBLED New Comment=Oval Led
Change Component Comment : Designator=D24_Row6 Old Comment=HBLED New Comment=Oval Led
Change Component Comment : Designator=D24_Row5 Old Comment=HBLED New Comment=Oval Led
Change Component Comment : Designator=D24_Row4 Old Comment=HBLED New Comment=Oval Led
Change Component Comment : Designator=D24_Row3 Old Comment=HBLED New Comment=Oval Led
Change Component Comment : Designator=D24_Row2 Old Comment=HBLED New Comment=Oval Led
Change Component Comment : Designator=D24_Row1 Old Comment=HBLED New Comment=Oval Led
Change Component Comment : Designator=D23_Row7 Old Comment=HBLED New Comment=Oval Led
Change Component Comment : Designator=D23_Row6 Old Comment=HBLED New Comment=Oval Led
Change Component Comment : Designator=D23_Row5 Old Comment=HBLED New Comment=Oval Led
Change Component Comment : Designator=D23_Row4 Old Comment=HBLED New Comment=Oval Led
Change Component Comment : Designator=D23_Row3 Old Comment=HBLED New Comment=Oval Led
Change Component Comment : Designator=D23_Row2 Old Comment=HBLED New Comment=Oval Led
Change Component Comment : Designator=D23_Row1 Old Comment=HBLED New Comment=Oval Led
Change Component Comment : Designator=D22_Row7 Old Comment=HBLED New Comment=Oval Led
Change Component Comment : Designator=D22_Row6 Old Comment=HBLED New Comment=Oval Led
Change Component Comment : Designator=D22_Row5 Old Comment=HBLED New Comment=Oval Led
Change Component Comment : Designator=D22_Row4 Old Comment=HBLED New Comment=Oval Led
Change Component Comment : Designator=D22_Row3 Old Comment=HBLED New Comment=Oval Led
Change Component Comment : Designator=D22_Row2 Old Comment=HBLED New Comment=Oval Led
Change Component Comment : Designator=D22_Row1 Old Comment=HBLED New Comment=Oval Led
Change Component Comment : Designator=D21_Row7 Old Comment=HBLED New Comment=Oval Led
Change Component Comment : Designator=D21_Row6 Old Comment=HBLED New Comment=Oval Led
Change Component Comment : Designator=D21_Row5 Old Comment=HBLED New Comment=Oval Led
Change Component Comment : Designator=D21_Row4 Old Comment=HBLED New Comment=Oval Led
Change Component Comment : Designator=D21_Row3 Old Comment=HBLED New Comment=Oval Led
Change Component Comment : Designator=D21_Row2 Old Comment=HBLED New Comment=Oval Led
Change Component Comment : Designator=D21_Row1 Old Comment=HBLED New Comment=Oval Led
Change Component Comment : Designator=D20_Row7 Old Comment=HBLED New Comment=Oval Led
Change Component Comment : Designator=D20_Row6 Old Comment=HBLED New Comment=Oval Led
Change Component Comment : Designator=D20_Row5 Old Comment=HBLED New Comment=Oval Led
Change Component Comment : Designator=D20_Row4 Old Comment=HBLED New Comment=Oval Led
Change Component Comment : Designator=D20_Row3 Old Comment=HBLED New Comment=Oval Led
Change Component Comment : Designator=D20_Row2 Old Comment=HBLED New Comment=Oval Led
Change Component Comment : Designator=D20_Row1 Old Comment=HBLED New Comment=Oval Led
Change Component Comment : Designator=D19_Row7 Old Comment=HBLED New Comment=Oval Led
Change Component Comment : Designator=D19_Row6 Old Comment=HBLED New Comment=Oval Led
Change Component Comment : Designator=D19_Row5 Old Comment=HBLED New Comment=Oval Led
Change Component Comment : Designator=D19_Row4 Old Comment=HBLED New Comment=Oval Led
Change Component Comment : Designator=D19_Row3 Old Comment=HBLED New Comment=Oval Led
Change Component Comment : Designator=D19_Row2 Old Comment=HBLED New Comment=Oval Led
Change Component Comment : Designator=D19_Row1 Old Comment=HBLED New Comment=Oval Led
Change Component Comment : Designator=D18_Row7 Old Comment=HBLED New Comment=Oval Led
Change Component Comment : Designator=D18_Row6 Old Comment=HBLED New Comment=Oval Led
Change Component Comment : Designator=D18_Row5 Old Comment=HBLED New Comment=Oval Led
Change Component Comment : Designator=D18_Row4 Old Comment=HBLED New Comment=Oval Led
Change Component Comment : Designator=D18_Row3 Old Comment=HBLED New Comment=Oval Led
Change Component Comment : Designator=D18_Row2 Old Comment=HBLED New Comment=Oval Led
Change Component Comment : Designator=D18_Row1 Old Comment=HBLED New Comment=Oval Led
Change Component Comment : Designator=D17_Row7 Old Comment=HBLED New Comment=Oval Led
Change Component Comment : Designator=D17_Row6 Old Comment=HBLED New Comment=Oval Led
Change Component Comment : Designator=D17_Row5 Old Comment=HBLED New Comment=Oval Led
Change Component Comment : Designator=D17_Row4 Old Comment=HBLED New Comment=Oval Led
Change Component Comment : Designator=D17_Row3 Old Comment=HBLED New Comment=Oval Led
Change Component Comment : Designator=D17_Row2 Old Comment=HBLED New Comment=Oval Led
Change Component Comment : Designator=D17_Row1 Old Comment=HBLED New Comment=Oval Led
Change Component Comment : Designator=D11_Row7 Old Comment=HBLED New Comment=Oval Led
Change Component Comment : Designator=D11_Row6 Old Comment=HBLED New Comment=Oval Led
Change Component Comment : Designator=D11_Row5 Old Comment=HBLED New Comment=Oval Led
Change Component Comment : Designator=D11_Row4 Old Comment=HBLED New Comment=Oval Led
Change Component Comment : Designator=D11_Row3 Old Comment=HBLED New Comment=Oval Led
Change Component Comment : Designator=D11_Row2 Old Comment=HBLED New Comment=Oval Led
Change Component Comment : Designator=D11_Row1 Old Comment=HBLED New Comment=Oval Led
Change Component Comment : Designator=D10_Row7 Old Comment=HBLED New Comment=Oval Led
Change Component Comment : Designator=D10_Row6 Old Comment=HBLED New Comment=Oval Led
Change Component Comment : Designator=D10_Row5 Old Comment=HBLED New Comment=Oval Led
Change Component Comment : Designator=D10_Row4 Old Comment=HBLED New Comment=Oval Led
Change Component Comment : Designator=D10_Row3 Old Comment=HBLED New Comment=Oval Led
Change Component Comment : Designator=D10_Row2 Old Comment=HBLED New Comment=Oval Led
Change Component Comment : Designator=D10_Row1 Old Comment=HBLED New Comment=Oval Led
Change Component Comment : Designator=D9_Row7 Old Comment=HBLED New Comment=Oval Led
Change Component Comment : Designator=D9_Row6 Old Comment=HBLED New Comment=Oval Led
Change Component Comment : Designator=D9_Row5 Old Comment=HBLED New Comment=Oval Led
Change Component Comment : Designator=D9_Row4 Old Comment=HBLED New Comment=Oval Led
Change Component Comment : Designator=D9_Row3 Old Comment=HBLED New Comment=Oval Led
Change Component Comment : Designator=D9_Row2 Old Comment=HBLED New Comment=Oval Led
Change Component Comment : Designator=D9_Row1 Old Comment=HBLED New Comment=Oval Led
Change Component Comment : Designator=D8_Row7 Old Comment=HBLED New Comment=Oval Led
Change Component Comment : Designator=D8_Row6 Old Comment=HBLED New Comment=Oval Led
Change Component Comment : Designator=D8_Row5 Old Comment=HBLED New Comment=Oval Led
Change Component Comment : Designator=D8_Row4 Old Comment=HBLED New Comment=Oval Led
Change Component Comment : Designator=D8_Row3 Old Comment=HBLED New Comment=Oval Led
Change Component Comment : Designator=D8_Row2 Old Comment=HBLED New Comment=Oval Led
Change Component Comment : Designator=D8_Row1 Old Comment=HBLED New Comment=Oval Led
Change Component Comment : Designator=D7_Row7 Old Comment=HBLED New Comment=Oval Led
Change Component Comment : Designator=D7_Row6 Old Comment=HBLED New Comment=Oval Led
Change Component Comment : Designator=D7_Row5 Old Comment=HBLED New Comment=Oval Led
Change Component Comment : Designator=D7_Row4 Old Comment=HBLED New Comment=Oval Led
Change Component Comment : Designator=D7_Row3 Old Comment=HBLED New Comment=Oval Led
Change Component Comment : Designator=D7_Row2 Old Comment=HBLED New Comment=Oval Led
Change Component Comment : Designator=D7_Row1 Old Comment=HBLED New Comment=Oval Led
Change Component Comment : Designator=D6_Row7 Old Comment=HBLED New Comment=Oval Led
Change Component Comment : Designator=D6_Row6 Old Comment=HBLED New Comment=Oval Led
Change Component Comment : Designator=D6_Row5 Old Comment=HBLED New Comment=Oval Led
Change Component Comment : Designator=D6_Row4 Old Comment=HBLED New Comment=Oval Led
Change Component Comment : Designator=D6_Row3 Old Comment=HBLED New Comment=Oval Led
Change Component Comment : Designator=D6_Row2 Old Comment=HBLED New Comment=Oval Led
Change Component Comment : Designator=D6_Row1 Old Comment=HBLED New Comment=Oval Led
Change Component Comment : Designator=D5_Row7 Old Comment=HBLED New Comment=Oval Led
Change Component Comment : Designator=D5_Row6 Old Comment=HBLED New Comment=Oval Led
Change Component Comment : Designator=D5_Row5 Old Comment=HBLED New Comment=Oval Led
Change Component Comment : Designator=D5_Row4 Old Comment=HBLED New Comment=Oval Led
Change Component Comment : Designator=D5_Row3 Old Comment=HBLED New Comment=Oval Led
Change Component Comment : Designator=D5_Row2 Old Comment=HBLED New Comment=Oval Led
Change Component Comment : Designator=D5_Row1 Old Comment=HBLED New Comment=Oval Led
Added Pin To Net: NetName=EXTSUPP_Row1 Pin=C10-1
Added Pin To Net: NetName=GND Pin=C10-2
Added Pin To Net: NetName=GND Pin=C11-2
Added Pin To Net: NetName=EXTSUPP_Row1 Pin=C12-1
Added Pin To Net: NetName=GND Pin=C12-2
Added Pin To Net: NetName=GND Pin=C13-2
Added Pin To Net: NetName=EXTSUPP_Row1 Pin=D12-1
Added Pin To Net: NetName=POWER_V+ Pin=D13-1
Added Pin To Net: NetName=POWER_V- Pin=D13-2
Added Pin To Net: NetName=GND Pin=D13-3
Added Pin To Net: NetName=EXTSUPP_Row1 Pin=D13-4
Added Pin To Net: NetName=NetD14_1 Pin=D14-1
Added Pin To Net: NetName=EXTSUPP_Row1 Pin=D15-1
Added Pin To Net: NetName=GND Pin=D15-2
Added Pin To Net: NetName=GND Pin=D16-2
Added Pin To Net: NetName=POWER_V+ Pin=J1_BUS2-1
Added Pin To Net: NetName=POWER_V+ Pin=J1_BUS2-2
Added Pin To Net: NetName=POWER_V- Pin=J1_BUS2-7
Added Pin To Net: NetName=POWER_V- Pin=J1_BUS2-8
Added Pin To Net: NetName=POWER_V+ Pin=J1_BUS3-1
Added Pin To Net: NetName=POWER_V+ Pin=J1_BUS3-2
Added Pin To Net: NetName=POWER_V- Pin=J1_BUS3-7
Added Pin To Net: NetName=POWER_V- Pin=J1_BUS3-8
Added Pin To Net: NetName=NetD14_1 Pin=R8-1
Added Pin To Net: NetName=GND Pin=R8-2
Added Pin To Net: NetName=EXTSUPP_Row1 Pin=U4-1
Added Pin To Net: NetName=GND Pin=U4-4
Added Room: Name=BUS2
Added Room: Name=BUS3
Added Room: Name=COM485
Added Room: Name=SUPPLY
