Added Pin To Net: NetName=NetQ1_Row1_1 Pin=Q1_Row1-1
Added Pin To Net: NetName=EXTSUPP_Row1 Pin=Q1_Row1-3
Added Pin To Net: NetName=NetQ1_Row2_1 Pin=Q1_Row2-1
Added Pin To Net: NetName=EXTSUPP_Row1 Pin=Q1_Row2-3
Added Pin To Net: NetName=NetQ1_Row3_1 Pin=Q1_Row3-1
Added Pin To Net: NetName=EXTSUPP_Row1 Pin=Q1_Row3-3
Added Pin To Net: NetName=NetQ1_Row4_1 Pin=Q1_Row4-1
Added Pin To Net: NetName=EXTSUPP_Row1 Pin=Q1_Row4-3
Added Pin To Net: NetName=NetQ1_Row5_1 Pin=Q1_Row5-1
Added Pin To Net: NetName=EXTSUPP_Row1 Pin=Q1_Row5-3
Added Pin To Net: NetName=NetQ1_Row6_1 Pin=Q1_Row6-1
Added Pin To Net: NetName=EXTSUPP_Row1 Pin=Q1_Row6-3
Added Pin To Net: NetName=NetQ1_Row7_1 Pin=Q1_Row7-1
Added Pin To Net: NetName=EXTSUPP_Row1 Pin=Q1_Row7-3
Added Pin To Net: NetName=EXTSUPP_Row1 Pin=R6_Row1-1
Added Pin To Net: NetName=ROW6 Pin=R6_Row1-2
Added Pin To Net: NetName=EXTSUPP_Row1 Pin=R6_Row2-1
Added Pin To Net: NetName=ROW5 Pin=R6_Row2-2
Added Pin To Net: NetName=EXTSUPP_Row1 Pin=R6_Row3-1
Added Pin To Net: NetName=ROW4 Pin=R6_Row3-2
Added Pin To Net: NetName=EXTSUPP_Row1 Pin=R6_Row4-1
Added Pin To Net: NetName=ROW3 Pin=R6_Row4-2
Added Pin To Net: NetName=EXTSUPP_Row1 Pin=R6_Row5-1
Added Pin To Net: NetName=ROW2 Pin=R6_Row5-2
Added Pin To Net: NetName=EXTSUPP_Row1 Pin=R6_Row6-1
Added Pin To Net: NetName=ROW1 Pin=R6_Row6-2
Added Pin To Net: NetName=EXTSUPP_Row1 Pin=R6_Row7-1
Added Pin To Net: NetName=ROW0 Pin=R6_Row7-2
Added Pin To Net: NetName=ROW6 Pin=R7_Row1-1
Added Pin To Net: NetName=NetQ1_Row1_1 Pin=R7_Row1-2
Added Pin To Net: NetName=ROW5 Pin=R7_Row2-1
Added Pin To Net: NetName=NetQ1_Row2_1 Pin=R7_Row2-2
Added Pin To Net: NetName=ROW4 Pin=R7_Row3-1
Added Pin To Net: NetName=NetQ1_Row3_1 Pin=R7_Row3-2
Added Pin To Net: NetName=ROW3 Pin=R7_Row4-1
Added Pin To Net: NetName=NetQ1_Row4_1 Pin=R7_Row4-2
Added Pin To Net: NetName=ROW2 Pin=R7_Row5-1
Added Pin To Net: NetName=NetQ1_Row5_1 Pin=R7_Row5-2
Added Pin To Net: NetName=ROW1 Pin=R7_Row6-1
Added Pin To Net: NetName=NetQ1_Row6_1 Pin=R7_Row6-2
Added Pin To Net: NetName=ROW0 Pin=R7_Row7-1
Added Pin To Net: NetName=NetQ1_Row7_1 Pin=R7_Row7-2
