Added Pin To Net: NetName=RST Pin=C2-1
Added Pin To Net: NetName=GND Pin=C2-2
Added Pin To Net: NetName=20MHZ_1 Pin=C3-1
Added Pin To Net: NetName=GND Pin=C3-2
Added Pin To Net: NetName=VCC Pin=C4-1
Added Pin To Net: NetName=GND Pin=C4-2
Added Pin To Net: NetName=VCC Pin=C5-1
Added Pin To Net: NetName=GND Pin=C5-2
Added Pin To Net: NetName=VCC Pin=C6-1
Added Pin To Net: NetName=GND Pin=C6-2
Added Pin To Net: NetName=VCC Pin=C7-1
Added Pin To Net: NetName=GND Pin=C7-2
Added Pin To Net: NetName=20MHZ_2 Pin=C8-1
Added Pin To Net: NetName=GND Pin=C8-2
Added Pin To Net: NetName=NetD4_1 Pin=D4-1
Added Pin To Net: NetName=VCC Pin=D4-2
Added Pin To Net: NetName=INPUT Pin=P1-1
Added Pin To Net: NetName=VCC Pin=P1-2
Added Pin To Net: NetName=CLK Pin=P1-3
Added Pin To Net: NetName=MISO Pin=P1-4
Added Pin To Net: NetName=RST Pin=P1-5
Added Pin To Net: NetName=GND Pin=P1-6
Added Pin To Net: NetName=RST Pin=R4-1
Added Pin To Net: NetName=VCC Pin=R4-2
Added Pin To Net: NetName=IND Pin=R5-1
Added Pin To Net: NetName=NetD4_1 Pin=R5-2
Added Pin To Net: NetName=RST Pin=S1-1
Added Pin To Net: NetName=GND Pin=S1-2
Added Pin To Net: NetName=INPUT Pin=U2-1
Added Pin To Net: NetName=MISO Pin=U2-2
Added Pin To Net: NetName=CLK Pin=U2-3
Added Pin To Net: NetName=RST Pin=U2-4
Added Pin To Net: NetName=VCC Pin=U2-5
Added Pin To Net: NetName=GND Pin=U2-6
Added Pin To Net: NetName=20MHZ_2 Pin=U2-7
Added Pin To Net: NetName=20MHZ_1 Pin=U2-8
Added Pin To Net: NetName=RO Pin=U2-9
Added Pin To Net: NetName=DI Pin=U2-10
Added Pin To Net: NetName=USART1_RX Pin=U2-11
Added Pin To Net: NetName=USART1_TX Pin=U2-12
Added Pin To Net: NetName=TCP_RESET Pin=U2-13
Added Pin To Net: NetName=COM_485_EN Pin=U2-14
Added Pin To Net: NetName=VCC Pin=U2-17
Added Pin To Net: NetName=GND Pin=U2-18
Added Pin To Net: NetName=IND Pin=U2-22
Added Pin To Net: NetName=VCC Pin=U2-27
Added Pin To Net: NetName=GND Pin=U2-28
Added Pin To Net: NetName=PIN_D Pin=U2-30
Added Pin To Net: NetName=PIN_C Pin=U2-31
Added Pin To Net: NetName=PIN_B Pin=U2-32
Added Pin To Net: NetName=PIN_A Pin=U2-33
Added Pin To Net: NetName=RCK Pin=U2-37
Added Pin To Net: NetName=VCC Pin=U2-38
Added Pin To Net: NetName=GND Pin=U2-39
Added Pin To Net: NetName=NetU5_ 10 Pin=U5-10
Added Pin To Net: NetName=20MHZ_2 Pin=Y1-1
Added Pin To Net: NetName=20MHZ_1 Pin=Y1-2
Change Net Name : Old Net Name=NetU5_ 10 New Net Name=NetU5_10
Added Room: Name=CPU
