Added Pin To Net: NetName=VCC Pin=C9_REG2-1
Added Pin To Net: NetName=GND Pin=C9_REG2-2
Added Pin To Net: NetName=NetR22_2 Pin=R22-2
Added Pin To Net: NetName=NetR24_2 Pin=R24-2
Added Pin To Net: NetName=NetR25_2 Pin=R25-2
Added Pin To Net: NetName=NetR26_2 Pin=R26-2
Added Pin To Net: NetName=NetR27_2 Pin=R27-2
Added Pin To Net: NetName=NetR28_2 Pin=R28-2
Added Pin To Net: NetName=NetR29_2 Pin=R29-2
Added Pin To Net: NetName=NetR30_2 Pin=R30-2
Added Pin To Net: NetName=NetR31_2 Pin=R31-2
Added Pin To Net: NetName=NetR32_2 Pin=R32-2
Added Pin To Net: NetName=VCC Pin=U3_REG2-1
Added Pin To Net: NetName=DOUT1 Pin=U3_REG2-2
Added Pin To Net: NetName=NetR25_2 Pin=U3_REG2-3
Added Pin To Net: NetName=NetR26_2 Pin=U3_REG2-4
Added Pin To Net: NetName=NetR27_2 Pin=U3_REG2-5
Added Pin To Net: NetName=NetR28_2 Pin=U3_REG2-6
Added Pin To Net: NetName=VCC Pin=U3_REG2-7
Added Pin To Net: NetName=GND Pin=U3_REG2-8
Added Pin To Net: NetName=DOUT2 Pin=U3_REG2-9
Added Pin To Net: NetName=RCK Pin=U3_REG2-10
Added Pin To Net: NetName=NetR29_2 Pin=U3_REG2-11
Added Pin To Net: NetName=NetR30_2 Pin=U3_REG2-12
Added Pin To Net: NetName=NetR31_2 Pin=U3_REG2-13
Added Pin To Net: NetName=NetR32_2 Pin=U3_REG2-14
Added Pin To Net: NetName=CLK Pin=U3_REG2-15
Added Pin To Net: NetName=GND Pin=U3_REG2-16
