Added Pin To Net: NetName=VCC Pin=C9_REG1-1
Added Pin To Net: NetName=GND Pin=C9_REG1-2
Added Pin To Net: NetName=VCC Pin=C9_REG2-1
Added Pin To Net: NetName=GND Pin=C9_REG2-2
Added Pin To Net: NetName=VCC Pin=U3_REG1-1
Added Pin To Net: NetName=DOUT1 Pin=U3_REG1-2
Added Pin To Net: NetName=VCC Pin=U3_REG1-7
Added Pin To Net: NetName=GND Pin=U3_REG1-8
Added Pin To Net: NetName=DOUT2 Pin=U3_REG1-9
Added Pin To Net: NetName=RCK Pin=U3_REG1-10
Added Pin To Net: NetName=CLK Pin=U3_REG1-15
Added Pin To Net: NetName=GND Pin=U3_REG1-16
Added Pin To Net: NetName=VCC Pin=U3_REG2-1
Added Pin To Net: NetName=DOUT0 Pin=U3_REG2-2
Added Pin To Net: NetName=VCC Pin=U3_REG2-7
Added Pin To Net: NetName=GND Pin=U3_REG2-8
Added Pin To Net: NetName=DOUT1 Pin=U3_REG2-9
Added Pin To Net: NetName=RCK Pin=U3_REG2-10
Added Pin To Net: NetName=CLK Pin=U3_REG2-15
Added Pin To Net: NetName=GND Pin=U3_REG2-16
