Added Component: Designator=C1(CAP0603)
Added Component: Designator=C2(CAP0603)
Added Component: Designator=C3(CAP0603)
Added Component: Designator=C4(CAP0603)
Added Component: Designator=C5(CAP0603)
Added Component: Designator=C6(CAP0603)
Added Component: Designator=C7(CAP0603)
Added Component: Designator=C8(CAP0603)
Added Component: Designator=C9_TPIC6B5951(CAP0603)
Added Component: Designator=C9_TPIC6B5952(CAP0603)
Added Component: Designator=C9_TPIC6B5953(CAP0603)
Added Component: Designator=C10(EEH-ZA1E101XP)
Added Component: Designator=C11(EEH-ZA1E101XP)
Added Component: Designator=C12(CAP0603)
Added Component: Designator=C13(CAP0603)
Added Component: Designator=C14(CAP0603)
Added Component: Designator=D1(SW712)
Added Component: Designator=D2(150060YS75000)
Added Component: Designator=D3(150060YS75000)
Added Component: Designator=D4(150060YS75000)
Added Component: Designator=D5_Row1(LED)
Added Component: Designator=D5_Row2(LED)
Added Component: Designator=D5_Row3(LED)
Added Component: Designator=D5_Row4(LED)
Added Component: Designator=D5_Row5(LED)
Added Component: Designator=D5_Row6(LED)
Added Component: Designator=D5_Row7(LED)
Added Component: Designator=D6_Row1(LED)
Added Component: Designator=D6_Row2(LED)
Added Component: Designator=D6_Row3(LED)
Added Component: Designator=D6_Row4(LED)
Added Component: Designator=D6_Row5(LED)
Added Component: Designator=D6_Row6(LED)
Added Component: Designator=D6_Row7(LED)
Added Component: Designator=D7_Row1(LED)
Added Component: Designator=D7_Row2(LED)
Added Component: Designator=D7_Row3(LED)
Added Component: Designator=D7_Row4(LED)
Added Component: Designator=D7_Row5(LED)
Added Component: Designator=D7_Row6(LED)
Added Component: Designator=D7_Row7(LED)
Added Component: Designator=D8_Row1(LED)
Added Component: Designator=D8_Row2(LED)
Added Component: Designator=D8_Row3(LED)
Added Component: Designator=D8_Row4(LED)
Added Component: Designator=D8_Row5(LED)
Added Component: Designator=D8_Row6(LED)
Added Component: Designator=D8_Row7(LED)
Added Component: Designator=D9_Row1(LED)
Added Component: Designator=D9_Row2(LED)
Added Component: Designator=D9_Row3(LED)
Added Component: Designator=D9_Row4(LED)
Added Component: Designator=D9_Row5(LED)
Added Component: Designator=D9_Row6(LED)
Added Component: Designator=D9_Row7(LED)
Added Component: Designator=D10_Row1(LED)
Added Component: Designator=D10_Row2(LED)
Added Component: Designator=D10_Row3(LED)
Added Component: Designator=D10_Row4(LED)
Added Component: Designator=D10_Row5(LED)
Added Component: Designator=D10_Row6(LED)
Added Component: Designator=D10_Row7(LED)
Added Component: Designator=D11_Row1(LED)
Added Component: Designator=D11_Row2(LED)
Added Component: Designator=D11_Row3(LED)
Added Component: Designator=D11_Row4(LED)
Added Component: Designator=D11_Row5(LED)
Added Component: Designator=D11_Row6(LED)
Added Component: Designator=D11_Row7(LED)
Added Component: Designator=D12(S1M-E3/5AT)
Added Component: Designator=D13(MB6S-E3/80)
Added Component: Designator=D14(150060YS75000)
Added Component: Designator=D15(SMBJ5.0A)
Added Component: Designator=D16(SMBJ5.0A)
Added Component: Designator=D17_Row1(LED)
Added Component: Designator=D17_Row2(LED)
Added Component: Designator=D17_Row3(LED)
Added Component: Designator=D17_Row4(LED)
Added Component: Designator=D17_Row5(LED)
Added Component: Designator=D17_Row6(LED)
Added Component: Designator=D17_Row7(LED)
Added Component: Designator=D18_Row1(LED)
Added Component: Designator=D18_Row2(LED)
Added Component: Designator=D18_Row3(LED)
Added Component: Designator=D18_Row4(LED)
Added Component: Designator=D18_Row5(LED)
Added Component: Designator=D18_Row6(LED)
Added Component: Designator=D18_Row7(LED)
Added Component: Designator=D19_Row1(LED)
Added Component: Designator=D19_Row2(LED)
Added Component: Designator=D19_Row3(LED)
Added Component: Designator=D19_Row4(LED)
Added Component: Designator=D19_Row5(LED)
Added Component: Designator=D19_Row6(LED)
Added Component: Designator=D19_Row7(LED)
Added Component: Designator=D20_Row1(LED)
Added Component: Designator=D20_Row2(LED)
Added Component: Designator=D20_Row3(LED)
Added Component: Designator=D20_Row4(LED)
Added Component: Designator=D20_Row5(LED)
Added Component: Designator=D20_Row6(LED)
Added Component: Designator=D20_Row7(LED)
Added Component: Designator=D21_Row1(LED)
Added Component: Designator=D21_Row2(LED)
Added Component: Designator=D21_Row3(LED)
Added Component: Designator=D21_Row4(LED)
Added Component: Designator=D21_Row5(LED)
Added Component: Designator=D21_Row6(LED)
Added Component: Designator=D21_Row7(LED)
Added Component: Designator=D22_Row1(LED)
Added Component: Designator=D22_Row2(LED)
Added Component: Designator=D22_Row3(LED)
Added Component: Designator=D22_Row4(LED)
Added Component: Designator=D22_Row5(LED)
Added Component: Designator=D22_Row6(LED)
Added Component: Designator=D22_Row7(LED)
Added Component: Designator=D23_Row1(LED)
Added Component: Designator=D23_Row2(LED)
Added Component: Designator=D23_Row3(LED)
Added Component: Designator=D23_Row4(LED)
Added Component: Designator=D23_Row5(LED)
Added Component: Designator=D23_Row6(LED)
Added Component: Designator=D23_Row7(LED)
Added Component: Designator=D24_Row1(LED)
Added Component: Designator=D24_Row2(LED)
Added Component: Designator=D24_Row3(LED)
Added Component: Designator=D24_Row4(LED)
Added Component: Designator=D24_Row5(LED)
Added Component: Designator=D24_Row6(LED)
Added Component: Designator=D24_Row7(LED)
Added Component: Designator=D25_Row1(LED)
Added Component: Designator=D25_Row2(LED)
Added Component: Designator=D25_Row3(LED)
Added Component: Designator=D25_Row4(LED)
Added Component: Designator=D25_Row5(LED)
Added Component: Designator=D25_Row6(LED)
Added Component: Designator=D25_Row7(LED)
Added Component: Designator=D26_Row1(LED)
Added Component: Designator=D26_Row2(LED)
Added Component: Designator=D26_Row3(LED)
Added Component: Designator=D26_Row4(LED)
Added Component: Designator=D26_Row5(LED)
Added Component: Designator=D26_Row6(LED)
Added Component: Designator=D26_Row7(LED)
Added Component: Designator=D27_Row1(LED)
Added Component: Designator=D27_Row2(LED)
Added Component: Designator=D27_Row3(LED)
Added Component: Designator=D27_Row4(LED)
Added Component: Designator=D27_Row5(LED)
Added Component: Designator=D27_Row6(LED)
Added Component: Designator=D27_Row7(LED)
Added Component: Designator=D28_Row1(LED)
Added Component: Designator=D28_Row2(LED)
Added Component: Designator=D28_Row3(LED)
Added Component: Designator=D28_Row4(LED)
Added Component: Designator=D28_Row5(LED)
Added Component: Designator=D28_Row6(LED)
Added Component: Designator=D28_Row7(LED)
Added Component: Designator=D29_Row1(LED)
Added Component: Designator=D29_Row2(LED)
Added Component: Designator=D29_Row3(LED)
Added Component: Designator=D29_Row4(LED)
Added Component: Designator=D29_Row5(LED)
Added Component: Designator=D29_Row6(LED)
Added Component: Designator=D29_Row7(LED)
Added Component: Designator=D30_Row1(LED)
Added Component: Designator=D30_Row2(LED)
Added Component: Designator=D30_Row3(LED)
Added Component: Designator=D30_Row4(LED)
Added Component: Designator=D30_Row5(LED)
Added Component: Designator=D30_Row6(LED)
Added Component: Designator=D30_Row7(LED)
Added Component: Designator=D31_Row1(LED)
Added Component: Designator=D31_Row2(LED)
Added Component: Designator=D31_Row3(LED)
Added Component: Designator=D31_Row4(LED)
Added Component: Designator=D31_Row5(LED)
Added Component: Designator=D31_Row6(LED)
Added Component: Designator=D31_Row7(LED)
Added Component: Designator=D32_Row1(LED)
Added Component: Designator=D32_Row2(LED)
Added Component: Designator=D32_Row3(LED)
Added Component: Designator=D32_Row4(LED)
Added Component: Designator=D32_Row5(LED)
Added Component: Designator=D32_Row6(LED)
Added Component: Designator=D32_Row7(LED)
Added Component: Designator=D33_Row1(LED)
Added Component: Designator=D33_Row2(LED)
Added Component: Designator=D33_Row3(LED)
Added Component: Designator=D33_Row4(LED)
Added Component: Designator=D33_Row5(LED)
Added Component: Designator=D33_Row6(LED)
Added Component: Designator=D33_Row7(LED)
Added Component: Designator=J1_BUS2(15-43-6233)
Added Component: Designator=J1_BUS3(15-43-6233)
Added Component: Designator=P1(HDR2X3)
Added Component: Designator=Q1_Row1(MJD117)
Added Component: Designator=Q1_Row2(MJD117)
Added Component: Designator=Q1_Row3(MJD117)
Added Component: Designator=Q1_Row4(MJD117)
Added Component: Designator=Q1_Row5(MJD117)
Added Component: Designator=Q1_Row6(MJD117)
Added Component: Designator=Q1_Row7(MJD117)
Added Component: Designator=R1(RES0603)
Added Component: Designator=R2(RES0603)
Added Component: Designator=R3(RES0603)
Added Component: Designator=R4(RES0603)
Added Component: Designator=R5(RES0603)
Added Component: Designator=R6_Row1(RES2512)
Added Component: Designator=R6_Row2(RES2512)
Added Component: Designator=R6_Row3(RES2512)
Added Component: Designator=R6_Row4(RES2512)
Added Component: Designator=R6_Row5(RES2512)
Added Component: Designator=R6_Row6(RES2512)
Added Component: Designator=R6_Row7(RES2512)
Added Component: Designator=R7_Row1(RES2512)
Added Component: Designator=R7_Row2(RES2512)
Added Component: Designator=R7_Row3(RES2512)
Added Component: Designator=R7_Row4(RES2512)
Added Component: Designator=R7_Row5(RES2512)
Added Component: Designator=R7_Row6(RES2512)
Added Component: Designator=R7_Row7(RES2512)
Added Component: Designator=R8(RES0603)
Added Component: Designator=R9(RES2512)
Added Component: Designator=R10(RES2512)
Added Component: Designator=R11(RES2512)
Added Component: Designator=R12(RES2512)
Added Component: Designator=R13(RES2512)
Added Component: Designator=R14(RES2512)
Added Component: Designator=R15(RES2512)
Added Component: Designator=R16(RES2512)
Added Component: Designator=R17(RES2512)
Added Component: Designator=R18(RES2512)
Added Component: Designator=R19(RES2512)
Added Component: Designator=R20(RES2512)
Added Component: Designator=R21(RES2512)
Added Component: Designator=R22(RES2512)
Added Component: Designator=R23(RES2512)
Added Component: Designator=R24(RES2512)
Added Component: Designator=R25(RES2512)
Added Component: Designator=R26(RES2512)
Added Component: Designator=R27(RES2512)
Added Component: Designator=R28(RES2512)
Added Component: Designator=R29(RES2512)
Added Component: Designator=R30(RES2512)
Added Component: Designator=R31(RES2512)
Added Component: Designator=R32(RES2512)
Added Component: Designator=S1(microswitch)
Added Component: Designator=U1(NSO8_N)
Added Component: Designator=U2(44A_N)
Added Component: Designator=U3_TPIC6B5951(NPIC6C595_Q100_SOIC16)
Added Component: Designator=U3_TPIC6B5952(NPIC6C595_Q100_SOIC16)
Added Component: Designator=U3_TPIC6B5953(NPIC6C595_Q100_SOIC16)
Added Component: Designator=U4(MC7805CDTRKG)
Added Component: Designator=U5(SOIC16)
Added Component: Designator=Y1(Crystal20MHz)
Added Pin To Net: NetName=20MHZ_1 Pin=C3-1
Added Pin To Net: NetName=20MHZ_1 Pin=U2-8
Added Pin To Net: NetName=20MHZ_1 Pin=Y1-2
Added Net: Name=20MHZ_1
Added Pin To Net: NetName=20MHZ_2 Pin=C8-1
Added Pin To Net: NetName=20MHZ_2 Pin=U2-7
Added Pin To Net: NetName=20MHZ_2 Pin=Y1-1
Added Net: Name=20MHZ_2
Added Pin To Net: NetName=A Pin=D1-1
Added Pin To Net: NetName=A Pin=J1_BUS2-4
Added Pin To Net: NetName=A Pin=J1_BUS3-4
Added Pin To Net: NetName=A Pin=U1-6
Added Net: Name=A
Added Pin To Net: NetName=B Pin=D1-2
Added Pin To Net: NetName=B Pin=J1_BUS2-6
Added Pin To Net: NetName=B Pin=J1_BUS3-6
Added Pin To Net: NetName=B Pin=U1-7
Added Net: Name=B
Added Pin To Net: NetName=CLK Pin=P1-3
Added Pin To Net: NetName=CLK Pin=U2-3
Added Pin To Net: NetName=CLK Pin=U3_TPIC6B5951-15
Added Pin To Net: NetName=CLK Pin=U3_TPIC6B5952-15
Added Pin To Net: NetName=CLK Pin=U3_TPIC6B5953-15
Added Net: Name=CLK
Added Pin To Net: NetName=COM_485_EN Pin=R1-1
Added Pin To Net: NetName=COM_485_EN Pin=U1-2
Added Pin To Net: NetName=COM_485_EN Pin=U1-3
Added Pin To Net: NetName=COM_485_EN Pin=U2-14
Added Net: Name=COM_485_EN
Added Pin To Net: NetName=DI Pin=R3-2
Added Pin To Net: NetName=DI Pin=U1-4
Added Pin To Net: NetName=DI Pin=U2-10
Added Net: Name=DI
Added Pin To Net: NetName=DOUT0 Pin=U3_TPIC6B5952-2
Added Pin To Net: NetName=DOUT0 Pin=U3_TPIC6B5953-9
Added Net: Name=DOUT0
Added Pin To Net: NetName=DOUT1 Pin=U3_TPIC6B5951-2
Added Pin To Net: NetName=DOUT1 Pin=U3_TPIC6B5952-9
Added Net: Name=DOUT1
Added Pin To Net: NetName=DOUT2 Pin=U3_TPIC6B5951-9
Added Net: Name=DOUT2
Added Pin To Net: NetName=EXTSUPP_Row1 Pin=C10-1
Added Pin To Net: NetName=EXTSUPP_Row1 Pin=C12-1
Added Pin To Net: NetName=EXTSUPP_Row1 Pin=D12-1
Added Pin To Net: NetName=EXTSUPP_Row1 Pin=D13-4
Added Pin To Net: NetName=EXTSUPP_Row1 Pin=D15-1
Added Pin To Net: NetName=EXTSUPP_Row1 Pin=Q1_Row1-3
Added Pin To Net: NetName=EXTSUPP_Row1 Pin=Q1_Row2-3
Added Pin To Net: NetName=EXTSUPP_Row1 Pin=Q1_Row3-3
Added Pin To Net: NetName=EXTSUPP_Row1 Pin=Q1_Row4-3
Added Pin To Net: NetName=EXTSUPP_Row1 Pin=Q1_Row5-3
Added Pin To Net: NetName=EXTSUPP_Row1 Pin=Q1_Row6-3
Added Pin To Net: NetName=EXTSUPP_Row1 Pin=Q1_Row7-3
Added Pin To Net: NetName=EXTSUPP_Row1 Pin=R6_Row1-1
Added Pin To Net: NetName=EXTSUPP_Row1 Pin=R6_Row2-1
Added Pin To Net: NetName=EXTSUPP_Row1 Pin=R6_Row3-1
Added Pin To Net: NetName=EXTSUPP_Row1 Pin=R6_Row4-1
Added Pin To Net: NetName=EXTSUPP_Row1 Pin=R6_Row5-1
Added Pin To Net: NetName=EXTSUPP_Row1 Pin=R6_Row6-1
Added Pin To Net: NetName=EXTSUPP_Row1 Pin=R6_Row7-1
Added Pin To Net: NetName=EXTSUPP_Row1 Pin=U4-1
Added Net: Name=EXTSUPP_Row1
Added Pin To Net: NetName=GND Pin=C1-2
Added Pin To Net: NetName=GND Pin=C2-2
Added Pin To Net: NetName=GND Pin=C3-2
Added Pin To Net: NetName=GND Pin=C4-2
Added Pin To Net: NetName=GND Pin=C5-2
Added Pin To Net: NetName=GND Pin=C6-2
Added Pin To Net: NetName=GND Pin=C7-2
Added Pin To Net: NetName=GND Pin=C8-2
Added Pin To Net: NetName=GND Pin=C9_TPIC6B5951-2
Added Pin To Net: NetName=GND Pin=C9_TPIC6B5952-2
Added Pin To Net: NetName=GND Pin=C9_TPIC6B5953-2
Added Pin To Net: NetName=GND Pin=C10-2
Added Pin To Net: NetName=GND Pin=C11-2
Added Pin To Net: NetName=GND Pin=C12-2
Added Pin To Net: NetName=GND Pin=C13-2
Added Pin To Net: NetName=GND Pin=C14-2
Added Pin To Net: NetName=GND Pin=D1-3
Added Pin To Net: NetName=GND Pin=D13-3
Added Pin To Net: NetName=GND Pin=D15-2
Added Pin To Net: NetName=GND Pin=D16-2
Added Pin To Net: NetName=GND Pin=P1-6
Added Pin To Net: NetName=GND Pin=R1-2
Added Pin To Net: NetName=GND Pin=R8-2
Added Pin To Net: NetName=GND Pin=S1-2
Added Pin To Net: NetName=GND Pin=U1-5
Added Pin To Net: NetName=GND Pin=U2-6
Added Pin To Net: NetName=GND Pin=U2-18
Added Pin To Net: NetName=GND Pin=U2-28
Added Pin To Net: NetName=GND Pin=U2-39
Added Pin To Net: NetName=GND Pin=U3_TPIC6B5951-8
Added Pin To Net: NetName=GND Pin=U3_TPIC6B5951-16
Added Pin To Net: NetName=GND Pin=U3_TPIC6B5952-8
Added Pin To Net: NetName=GND Pin=U3_TPIC6B5952-16
Added Pin To Net: NetName=GND Pin=U3_TPIC6B5953-8
Added Pin To Net: NetName=GND Pin=U3_TPIC6B5953-16
Added Pin To Net: NetName=GND Pin=U4-4
Added Pin To Net: NetName=GND Pin=U5-8
Added Net: Name=GND
Added Pin To Net: NetName=IND Pin=R5-1
Added Pin To Net: NetName=IND Pin=U2-22
Added Net: Name=IND
Added Pin To Net: NetName=INPUT Pin=P1-1
Added Pin To Net: NetName=INPUT Pin=U2-1
Added Pin To Net: NetName=INPUT Pin=U3_TPIC6B5953-2
Added Net: Name=INPUT
Added Pin To Net: NetName=MISO Pin=P1-4
Added Pin To Net: NetName=MISO Pin=U2-2
Added Net: Name=MISO
Added Pin To Net: NetName=NetD2_1 Pin=D2-1
Added Pin To Net: NetName=NetD2_1 Pin=R2-1
Added Net: Name=NetD2_1
Added Pin To Net: NetName=NetD3_1 Pin=D3-1
Added Pin To Net: NetName=NetD3_1 Pin=R3-1
Added Net: Name=NetD3_1
Added Pin To Net: NetName=NetD4_1 Pin=D4-1
Added Pin To Net: NetName=NetD4_1 Pin=R5-2
Added Net: Name=NetD4_1
Added Pin To Net: NetName=NetD14_1 Pin=D14-1
Added Pin To Net: NetName=NetD14_1 Pin=R8-1
Added Net: Name=NetD14_1
Added Pin To Net: NetName=NetQ1_Row1_1 Pin=Q1_Row1-1
Added Pin To Net: NetName=NetQ1_Row1_1 Pin=R7_Row1-2
Added Net: Name=NetQ1_Row1_1
Added Pin To Net: NetName=NetQ1_Row2_1 Pin=Q1_Row2-1
Added Pin To Net: NetName=NetQ1_Row2_1 Pin=R7_Row2-2
Added Net: Name=NetQ1_Row2_1
Added Pin To Net: NetName=NetQ1_Row3_1 Pin=Q1_Row3-1
Added Pin To Net: NetName=NetQ1_Row3_1 Pin=R7_Row3-2
Added Net: Name=NetQ1_Row3_1
Added Pin To Net: NetName=NetQ1_Row4_1 Pin=Q1_Row4-1
Added Pin To Net: NetName=NetQ1_Row4_1 Pin=R7_Row4-2
Added Net: Name=NetQ1_Row4_1
Added Pin To Net: NetName=NetQ1_Row5_1 Pin=Q1_Row5-1
Added Pin To Net: NetName=NetQ1_Row5_1 Pin=R7_Row5-2
Added Net: Name=NetQ1_Row5_1
Added Pin To Net: NetName=NetQ1_Row6_1 Pin=Q1_Row6-1
Added Pin To Net: NetName=NetQ1_Row6_1 Pin=R7_Row6-2
Added Net: Name=NetQ1_Row6_1
Added Pin To Net: NetName=NetQ1_Row7_1 Pin=Q1_Row7-1
Added Pin To Net: NetName=NetQ1_Row7_1 Pin=R7_Row7-2
Added Net: Name=NetQ1_Row7_1
Added Pin To Net: NetName=NetR9_2 Pin=R9-2
Added Pin To Net: NetName=NetR9_2 Pin=U3_TPIC6B5953-3
Added Net: Name=NetR9_2
Added Pin To Net: NetName=NetR10_2 Pin=R10-2
Added Pin To Net: NetName=NetR10_2 Pin=U3_TPIC6B5951-3
Added Net: Name=NetR10_2
Added Pin To Net: NetName=NetR11_2 Pin=R11-2
Added Pin To Net: NetName=NetR11_2 Pin=U3_TPIC6B5953-4
Added Net: Name=NetR11_2
Added Pin To Net: NetName=NetR12_2 Pin=R12-2
Added Pin To Net: NetName=NetR12_2 Pin=U3_TPIC6B5951-4
Added Net: Name=NetR12_2
Added Pin To Net: NetName=NetR13_2 Pin=R13-2
Added Pin To Net: NetName=NetR13_2 Pin=U3_TPIC6B5953-5
Added Net: Name=NetR13_2
Added Pin To Net: NetName=NetR14_2 Pin=R14-2
Added Pin To Net: NetName=NetR14_2 Pin=U3_TPIC6B5951-5
Added Net: Name=NetR14_2
Added Pin To Net: NetName=NetR15_2 Pin=R15-2
Added Pin To Net: NetName=NetR15_2 Pin=U3_TPIC6B5953-6
Added Net: Name=NetR15_2
Added Pin To Net: NetName=NetR16_2 Pin=R16-2
Added Pin To Net: NetName=NetR16_2 Pin=U3_TPIC6B5951-6
Added Net: Name=NetR16_2
Added Pin To Net: NetName=NetR17_2 Pin=R17-2
Added Pin To Net: NetName=NetR17_2 Pin=U3_TPIC6B5953-11
Added Net: Name=NetR17_2
Added Pin To Net: NetName=NetR18_2 Pin=R18-2
Added Pin To Net: NetName=NetR18_2 Pin=U3_TPIC6B5951-11
Added Net: Name=NetR18_2
Added Pin To Net: NetName=NetR19_2 Pin=R19-2
Added Pin To Net: NetName=NetR19_2 Pin=U3_TPIC6B5953-12
Added Net: Name=NetR19_2
Added Pin To Net: NetName=NetR20_2 Pin=R20-2
Added Pin To Net: NetName=NetR20_2 Pin=U3_TPIC6B5951-12
Added Net: Name=NetR20_2
Added Pin To Net: NetName=NetR21_2 Pin=R21-2
Added Pin To Net: NetName=NetR21_2 Pin=U3_TPIC6B5953-13
Added Net: Name=NetR21_2
Added Pin To Net: NetName=NetR22_2 Pin=R22-2
Added Pin To Net: NetName=NetR22_2 Pin=U3_TPIC6B5951-13
Added Net: Name=NetR22_2
Added Pin To Net: NetName=NetR23_2 Pin=R23-2
Added Pin To Net: NetName=NetR23_2 Pin=U3_TPIC6B5953-14
Added Net: Name=NetR23_2
Added Pin To Net: NetName=NetR24_2 Pin=R24-2
Added Pin To Net: NetName=NetR24_2 Pin=U3_TPIC6B5951-14
Added Net: Name=NetR24_2
Added Pin To Net: NetName=NetR25_2 Pin=R25-2
Added Pin To Net: NetName=NetR25_2 Pin=U3_TPIC6B5952-3
Added Net: Name=NetR25_2
Added Pin To Net: NetName=NetR26_2 Pin=R26-2
Added Pin To Net: NetName=NetR26_2 Pin=U3_TPIC6B5952-4
Added Net: Name=NetR26_2
Added Pin To Net: NetName=NetR27_2 Pin=R27-2
Added Pin To Net: NetName=NetR27_2 Pin=U3_TPIC6B5952-5
Added Net: Name=NetR27_2
Added Pin To Net: NetName=NetR28_2 Pin=R28-2
Added Pin To Net: NetName=NetR28_2 Pin=U3_TPIC6B5952-6
Added Net: Name=NetR28_2
Added Pin To Net: NetName=NetR29_2 Pin=R29-2
Added Pin To Net: NetName=NetR29_2 Pin=U3_TPIC6B5952-11
Added Net: Name=NetR29_2
Added Pin To Net: NetName=NetR30_2 Pin=R30-2
Added Pin To Net: NetName=NetR30_2 Pin=U3_TPIC6B5952-12
Added Net: Name=NetR30_2
Added Pin To Net: NetName=NetR31_2 Pin=R31-2
Added Pin To Net: NetName=NetR31_2 Pin=U3_TPIC6B5952-13
Added Net: Name=NetR31_2
Added Pin To Net: NetName=NetR32_2 Pin=R32-2
Added Pin To Net: NetName=NetR32_2 Pin=U3_TPIC6B5952-14
Added Net: Name=NetR32_2
Added Pin To Net: NetName=NetU5_9 Pin=U5-9
Added Net: Name=NetU5_9
Added Net: Name=NetU5_ 10
Added Pin To Net: NetName=NetU5_11 Pin=U5-11
Added Net: Name=NetU5_11
Added Pin To Net: NetName=OUT_Row1 Pin=D5_Row1-A
Added Pin To Net: NetName=OUT_Row1 Pin=D6_Row1-A
Added Pin To Net: NetName=OUT_Row1 Pin=D7_Row1-A
Added Pin To Net: NetName=OUT_Row1 Pin=D8_Row1-A
Added Pin To Net: NetName=OUT_Row1 Pin=D9_Row1-A
Added Pin To Net: NetName=OUT_Row1 Pin=D10_Row1-A
Added Pin To Net: NetName=OUT_Row1 Pin=D11_Row1-A
Added Pin To Net: NetName=OUT_Row1 Pin=D17_Row1-A
Added Pin To Net: NetName=OUT_Row1 Pin=D18_Row1-A
Added Pin To Net: NetName=OUT_Row1 Pin=D19_Row1-A
Added Pin To Net: NetName=OUT_Row1 Pin=D20_Row1-A
Added Pin To Net: NetName=OUT_Row1 Pin=D21_Row1-A
Added Pin To Net: NetName=OUT_Row1 Pin=D22_Row1-A
Added Pin To Net: NetName=OUT_Row1 Pin=D23_Row1-A
Added Pin To Net: NetName=OUT_Row1 Pin=D24_Row1-A
Added Pin To Net: NetName=OUT_Row1 Pin=D25_Row1-A
Added Pin To Net: NetName=OUT_Row1 Pin=D26_Row1-A
Added Pin To Net: NetName=OUT_Row1 Pin=D27_Row1-A
Added Pin To Net: NetName=OUT_Row1 Pin=D28_Row1-A
Added Pin To Net: NetName=OUT_Row1 Pin=D29_Row1-A
Added Pin To Net: NetName=OUT_Row1 Pin=D30_Row1-A
Added Pin To Net: NetName=OUT_Row1 Pin=D31_Row1-A
Added Pin To Net: NetName=OUT_Row1 Pin=D32_Row1-A
Added Pin To Net: NetName=OUT_Row1 Pin=D33_Row1-A
Added Pin To Net: NetName=OUT_Row1 Pin=Q1_Row1-2
Added Net: Name=OUT_Row1
Added Pin To Net: NetName=OUT_Row2 Pin=D5_Row2-A
Added Pin To Net: NetName=OUT_Row2 Pin=D6_Row2-A
Added Pin To Net: NetName=OUT_Row2 Pin=D7_Row2-A
Added Pin To Net: NetName=OUT_Row2 Pin=D8_Row2-A
Added Pin To Net: NetName=OUT_Row2 Pin=D9_Row2-A
Added Pin To Net: NetName=OUT_Row2 Pin=D10_Row2-A
Added Pin To Net: NetName=OUT_Row2 Pin=D11_Row2-A
Added Pin To Net: NetName=OUT_Row2 Pin=D17_Row2-A
Added Pin To Net: NetName=OUT_Row2 Pin=D18_Row2-A
Added Pin To Net: NetName=OUT_Row2 Pin=D19_Row2-A
Added Pin To Net: NetName=OUT_Row2 Pin=D20_Row2-A
Added Pin To Net: NetName=OUT_Row2 Pin=D21_Row2-A
Added Pin To Net: NetName=OUT_Row2 Pin=D22_Row2-A
Added Pin To Net: NetName=OUT_Row2 Pin=D23_Row2-A
Added Pin To Net: NetName=OUT_Row2 Pin=D24_Row2-A
Added Pin To Net: NetName=OUT_Row2 Pin=D25_Row2-A
Added Pin To Net: NetName=OUT_Row2 Pin=D26_Row2-A
Added Pin To Net: NetName=OUT_Row2 Pin=D27_Row2-A
Added Pin To Net: NetName=OUT_Row2 Pin=D28_Row2-A
Added Pin To Net: NetName=OUT_Row2 Pin=D29_Row2-A
Added Pin To Net: NetName=OUT_Row2 Pin=D30_Row2-A
Added Pin To Net: NetName=OUT_Row2 Pin=D31_Row2-A
Added Pin To Net: NetName=OUT_Row2 Pin=D32_Row2-A
Added Pin To Net: NetName=OUT_Row2 Pin=D33_Row2-A
Added Pin To Net: NetName=OUT_Row2 Pin=Q1_Row2-2
Added Net: Name=OUT_Row2
Added Pin To Net: NetName=OUT_Row3 Pin=D5_Row3-A
Added Pin To Net: NetName=OUT_Row3 Pin=D6_Row3-A
Added Pin To Net: NetName=OUT_Row3 Pin=D7_Row3-A
Added Pin To Net: NetName=OUT_Row3 Pin=D8_Row3-A
Added Pin To Net: NetName=OUT_Row3 Pin=D9_Row3-A
Added Pin To Net: NetName=OUT_Row3 Pin=D10_Row3-A
Added Pin To Net: NetName=OUT_Row3 Pin=D11_Row3-A
Added Pin To Net: NetName=OUT_Row3 Pin=D17_Row3-A
Added Pin To Net: NetName=OUT_Row3 Pin=D18_Row3-A
Added Pin To Net: NetName=OUT_Row3 Pin=D19_Row3-A
Added Pin To Net: NetName=OUT_Row3 Pin=D20_Row3-A
Added Pin To Net: NetName=OUT_Row3 Pin=D21_Row3-A
Added Pin To Net: NetName=OUT_Row3 Pin=D22_Row3-A
Added Pin To Net: NetName=OUT_Row3 Pin=D23_Row3-A
Added Pin To Net: NetName=OUT_Row3 Pin=D24_Row3-A
Added Pin To Net: NetName=OUT_Row3 Pin=D25_Row3-A
Added Pin To Net: NetName=OUT_Row3 Pin=D26_Row3-A
Added Pin To Net: NetName=OUT_Row3 Pin=D27_Row3-A
Added Pin To Net: NetName=OUT_Row3 Pin=D28_Row3-A
Added Pin To Net: NetName=OUT_Row3 Pin=D29_Row3-A
Added Pin To Net: NetName=OUT_Row3 Pin=D30_Row3-A
Added Pin To Net: NetName=OUT_Row3 Pin=D31_Row3-A
Added Pin To Net: NetName=OUT_Row3 Pin=D32_Row3-A
Added Pin To Net: NetName=OUT_Row3 Pin=D33_Row3-A
Added Pin To Net: NetName=OUT_Row3 Pin=Q1_Row3-2
Added Net: Name=OUT_Row3
Added Pin To Net: NetName=OUT_Row4 Pin=D5_Row4-A
Added Pin To Net: NetName=OUT_Row4 Pin=D6_Row4-A
Added Pin To Net: NetName=OUT_Row4 Pin=D7_Row4-A
Added Pin To Net: NetName=OUT_Row4 Pin=D8_Row4-A
Added Pin To Net: NetName=OUT_Row4 Pin=D9_Row4-A
Added Pin To Net: NetName=OUT_Row4 Pin=D10_Row4-A
Added Pin To Net: NetName=OUT_Row4 Pin=D11_Row4-A
Added Pin To Net: NetName=OUT_Row4 Pin=D17_Row4-A
Added Pin To Net: NetName=OUT_Row4 Pin=D18_Row4-A
Added Pin To Net: NetName=OUT_Row4 Pin=D19_Row4-A
Added Pin To Net: NetName=OUT_Row4 Pin=D20_Row4-A
Added Pin To Net: NetName=OUT_Row4 Pin=D21_Row4-A
Added Pin To Net: NetName=OUT_Row4 Pin=D22_Row4-A
Added Pin To Net: NetName=OUT_Row4 Pin=D23_Row4-A
Added Pin To Net: NetName=OUT_Row4 Pin=D24_Row4-A
Added Pin To Net: NetName=OUT_Row4 Pin=D25_Row4-A
Added Pin To Net: NetName=OUT_Row4 Pin=D26_Row4-A
Added Pin To Net: NetName=OUT_Row4 Pin=D27_Row4-A
Added Pin To Net: NetName=OUT_Row4 Pin=D28_Row4-A
Added Pin To Net: NetName=OUT_Row4 Pin=D29_Row4-A
Added Pin To Net: NetName=OUT_Row4 Pin=D30_Row4-A
Added Pin To Net: NetName=OUT_Row4 Pin=D31_Row4-A
Added Pin To Net: NetName=OUT_Row4 Pin=D32_Row4-A
Added Pin To Net: NetName=OUT_Row4 Pin=D33_Row4-A
Added Pin To Net: NetName=OUT_Row4 Pin=Q1_Row4-2
Added Net: Name=OUT_Row4
Added Pin To Net: NetName=OUT_Row5 Pin=D5_Row5-A
Added Pin To Net: NetName=OUT_Row5 Pin=D6_Row5-A
Added Pin To Net: NetName=OUT_Row5 Pin=D7_Row5-A
Added Pin To Net: NetName=OUT_Row5 Pin=D8_Row5-A
Added Pin To Net: NetName=OUT_Row5 Pin=D9_Row5-A
Added Pin To Net: NetName=OUT_Row5 Pin=D10_Row5-A
Added Pin To Net: NetName=OUT_Row5 Pin=D11_Row5-A
Added Pin To Net: NetName=OUT_Row5 Pin=D17_Row5-A
Added Pin To Net: NetName=OUT_Row5 Pin=D18_Row5-A
Added Pin To Net: NetName=OUT_Row5 Pin=D19_Row5-A
Added Pin To Net: NetName=OUT_Row5 Pin=D20_Row5-A
Added Pin To Net: NetName=OUT_Row5 Pin=D21_Row5-A
Added Pin To Net: NetName=OUT_Row5 Pin=D22_Row5-A
Added Pin To Net: NetName=OUT_Row5 Pin=D23_Row5-A
Added Pin To Net: NetName=OUT_Row5 Pin=D24_Row5-A
Added Pin To Net: NetName=OUT_Row5 Pin=D25_Row5-A
Added Pin To Net: NetName=OUT_Row5 Pin=D26_Row5-A
Added Pin To Net: NetName=OUT_Row5 Pin=D27_Row5-A
Added Pin To Net: NetName=OUT_Row5 Pin=D28_Row5-A
Added Pin To Net: NetName=OUT_Row5 Pin=D29_Row5-A
Added Pin To Net: NetName=OUT_Row5 Pin=D30_Row5-A
Added Pin To Net: NetName=OUT_Row5 Pin=D31_Row5-A
Added Pin To Net: NetName=OUT_Row5 Pin=D32_Row5-A
Added Pin To Net: NetName=OUT_Row5 Pin=D33_Row5-A
Added Pin To Net: NetName=OUT_Row5 Pin=Q1_Row5-2
Added Net: Name=OUT_Row5
Added Pin To Net: NetName=OUT_Row6 Pin=D5_Row6-A
Added Pin To Net: NetName=OUT_Row6 Pin=D6_Row6-A
Added Pin To Net: NetName=OUT_Row6 Pin=D7_Row6-A
Added Pin To Net: NetName=OUT_Row6 Pin=D8_Row6-A
Added Pin To Net: NetName=OUT_Row6 Pin=D9_Row6-A
Added Pin To Net: NetName=OUT_Row6 Pin=D10_Row6-A
Added Pin To Net: NetName=OUT_Row6 Pin=D11_Row6-A
Added Pin To Net: NetName=OUT_Row6 Pin=D17_Row6-A
Added Pin To Net: NetName=OUT_Row6 Pin=D18_Row6-A
Added Pin To Net: NetName=OUT_Row6 Pin=D19_Row6-A
Added Pin To Net: NetName=OUT_Row6 Pin=D20_Row6-A
Added Pin To Net: NetName=OUT_Row6 Pin=D21_Row6-A
Added Pin To Net: NetName=OUT_Row6 Pin=D22_Row6-A
Added Pin To Net: NetName=OUT_Row6 Pin=D23_Row6-A
Added Pin To Net: NetName=OUT_Row6 Pin=D24_Row6-A
Added Pin To Net: NetName=OUT_Row6 Pin=D25_Row6-A
Added Pin To Net: NetName=OUT_Row6 Pin=D26_Row6-A
Added Pin To Net: NetName=OUT_Row6 Pin=D27_Row6-A
Added Pin To Net: NetName=OUT_Row6 Pin=D28_Row6-A
Added Pin To Net: NetName=OUT_Row6 Pin=D29_Row6-A
Added Pin To Net: NetName=OUT_Row6 Pin=D30_Row6-A
Added Pin To Net: NetName=OUT_Row6 Pin=D31_Row6-A
Added Pin To Net: NetName=OUT_Row6 Pin=D32_Row6-A
Added Pin To Net: NetName=OUT_Row6 Pin=D33_Row6-A
Added Pin To Net: NetName=OUT_Row6 Pin=Q1_Row6-2
Added Net: Name=OUT_Row6
Added Pin To Net: NetName=OUT_Row7 Pin=D5_Row7-A
Added Pin To Net: NetName=OUT_Row7 Pin=D6_Row7-A
Added Pin To Net: NetName=OUT_Row7 Pin=D7_Row7-A
Added Pin To Net: NetName=OUT_Row7 Pin=D8_Row7-A
Added Pin To Net: NetName=OUT_Row7 Pin=D9_Row7-A
Added Pin To Net: NetName=OUT_Row7 Pin=D10_Row7-A
Added Pin To Net: NetName=OUT_Row7 Pin=D11_Row7-A
Added Pin To Net: NetName=OUT_Row7 Pin=D17_Row7-A
Added Pin To Net: NetName=OUT_Row7 Pin=D18_Row7-A
Added Pin To Net: NetName=OUT_Row7 Pin=D19_Row7-A
Added Pin To Net: NetName=OUT_Row7 Pin=D20_Row7-A
Added Pin To Net: NetName=OUT_Row7 Pin=D21_Row7-A
Added Pin To Net: NetName=OUT_Row7 Pin=D22_Row7-A
Added Pin To Net: NetName=OUT_Row7 Pin=D23_Row7-A
Added Pin To Net: NetName=OUT_Row7 Pin=D24_Row7-A
Added Pin To Net: NetName=OUT_Row7 Pin=D25_Row7-A
Added Pin To Net: NetName=OUT_Row7 Pin=D26_Row7-A
Added Pin To Net: NetName=OUT_Row7 Pin=D27_Row7-A
Added Pin To Net: NetName=OUT_Row7 Pin=D28_Row7-A
Added Pin To Net: NetName=OUT_Row7 Pin=D29_Row7-A
Added Pin To Net: NetName=OUT_Row7 Pin=D30_Row7-A
Added Pin To Net: NetName=OUT_Row7 Pin=D31_Row7-A
Added Pin To Net: NetName=OUT_Row7 Pin=D32_Row7-A
Added Pin To Net: NetName=OUT_Row7 Pin=D33_Row7-A
Added Pin To Net: NetName=OUT_Row7 Pin=Q1_Row7-2
Added Net: Name=OUT_Row7
Added Pin To Net: NetName=PIN_A Pin=U2-33
Added Pin To Net: NetName=PIN_A Pin=U5-15
Added Net: Name=PIN_A
Added Pin To Net: NetName=PIN_B Pin=U2-32
Added Pin To Net: NetName=PIN_B Pin=U5-14
Added Net: Name=PIN_B
Added Pin To Net: NetName=PIN_C Pin=U2-31
Added Pin To Net: NetName=PIN_C Pin=U5-13
Added Net: Name=PIN_C
Added Pin To Net: NetName=PIN_D Pin=U2-30
Added Pin To Net: NetName=PIN_D Pin=U5-12
Added Net: Name=PIN_D
Added Pin To Net: NetName=POWER_V+ Pin=D13-1
Added Pin To Net: NetName=POWER_V+ Pin=J1_BUS2-1
Added Pin To Net: NetName=POWER_V+ Pin=J1_BUS2-2
Added Pin To Net: NetName=POWER_V+ Pin=J1_BUS3-1
Added Pin To Net: NetName=POWER_V+ Pin=J1_BUS3-2
Added Net: Name=POWER_V+
Added Pin To Net: NetName=POWER_V- Pin=D13-2
Added Pin To Net: NetName=POWER_V- Pin=J1_BUS2-7
Added Pin To Net: NetName=POWER_V- Pin=J1_BUS2-8
Added Pin To Net: NetName=POWER_V- Pin=J1_BUS3-7
Added Pin To Net: NetName=POWER_V- Pin=J1_BUS3-8
Added Net: Name=POWER_V-
Added Pin To Net: NetName=RCK Pin=U2-37
Added Pin To Net: NetName=RCK Pin=U3_TPIC6B5951-10
Added Pin To Net: NetName=RCK Pin=U3_TPIC6B5952-10
Added Pin To Net: NetName=RCK Pin=U3_TPIC6B5953-10
Added Net: Name=RCK
Added Pin To Net: NetName=RES01 Pin=D5_Row1-K
Added Pin To Net: NetName=RES01 Pin=D5_Row2-K
Added Pin To Net: NetName=RES01 Pin=D5_Row3-K
Added Pin To Net: NetName=RES01 Pin=D5_Row4-K
Added Pin To Net: NetName=RES01 Pin=D5_Row5-K
Added Pin To Net: NetName=RES01 Pin=D5_Row6-K
Added Pin To Net: NetName=RES01 Pin=D5_Row7-K
Added Pin To Net: NetName=RES01 Pin=R9-1
Added Net: Name=RES01
Added Pin To Net: NetName=RES02 Pin=D6_Row1-K
Added Pin To Net: NetName=RES02 Pin=D6_Row2-K
Added Pin To Net: NetName=RES02 Pin=D6_Row3-K
Added Pin To Net: NetName=RES02 Pin=D6_Row4-K
Added Pin To Net: NetName=RES02 Pin=D6_Row5-K
Added Pin To Net: NetName=RES02 Pin=D6_Row6-K
Added Pin To Net: NetName=RES02 Pin=D6_Row7-K
Added Pin To Net: NetName=RES02 Pin=R11-1
Added Net: Name=RES02
Added Pin To Net: NetName=RES03 Pin=D7_Row1-K
Added Pin To Net: NetName=RES03 Pin=D7_Row2-K
Added Pin To Net: NetName=RES03 Pin=D7_Row3-K
Added Pin To Net: NetName=RES03 Pin=D7_Row4-K
Added Pin To Net: NetName=RES03 Pin=D7_Row5-K
Added Pin To Net: NetName=RES03 Pin=D7_Row6-K
Added Pin To Net: NetName=RES03 Pin=D7_Row7-K
Added Pin To Net: NetName=RES03 Pin=R13-1
Added Net: Name=RES03
Added Pin To Net: NetName=RES04 Pin=D8_Row1-K
Added Pin To Net: NetName=RES04 Pin=D8_Row2-K
Added Pin To Net: NetName=RES04 Pin=D8_Row3-K
Added Pin To Net: NetName=RES04 Pin=D8_Row4-K
Added Pin To Net: NetName=RES04 Pin=D8_Row5-K
Added Pin To Net: NetName=RES04 Pin=D8_Row6-K
Added Pin To Net: NetName=RES04 Pin=D8_Row7-K
Added Pin To Net: NetName=RES04 Pin=R15-1
Added Net: Name=RES04
Added Pin To Net: NetName=RES05 Pin=D9_Row1-K
Added Pin To Net: NetName=RES05 Pin=D9_Row2-K
Added Pin To Net: NetName=RES05 Pin=D9_Row3-K
Added Pin To Net: NetName=RES05 Pin=D9_Row4-K
Added Pin To Net: NetName=RES05 Pin=D9_Row5-K
Added Pin To Net: NetName=RES05 Pin=D9_Row6-K
Added Pin To Net: NetName=RES05 Pin=D9_Row7-K
Added Pin To Net: NetName=RES05 Pin=R17-1
Added Net: Name=RES05
Added Pin To Net: NetName=RES06 Pin=D10_Row1-K
Added Pin To Net: NetName=RES06 Pin=D10_Row2-K
Added Pin To Net: NetName=RES06 Pin=D10_Row3-K
Added Pin To Net: NetName=RES06 Pin=D10_Row4-K
Added Pin To Net: NetName=RES06 Pin=D10_Row5-K
Added Pin To Net: NetName=RES06 Pin=D10_Row6-K
Added Pin To Net: NetName=RES06 Pin=D10_Row7-K
Added Pin To Net: NetName=RES06 Pin=R19-1
Added Net: Name=RES06
Added Pin To Net: NetName=RES07 Pin=D11_Row1-K
Added Pin To Net: NetName=RES07 Pin=D11_Row2-K
Added Pin To Net: NetName=RES07 Pin=D11_Row3-K
Added Pin To Net: NetName=RES07 Pin=D11_Row4-K
Added Pin To Net: NetName=RES07 Pin=D11_Row5-K
Added Pin To Net: NetName=RES07 Pin=D11_Row6-K
Added Pin To Net: NetName=RES07 Pin=D11_Row7-K
Added Pin To Net: NetName=RES07 Pin=R21-1
Added Net: Name=RES07
Added Pin To Net: NetName=RES08 Pin=D17_Row1-K
Added Pin To Net: NetName=RES08 Pin=D17_Row2-K
Added Pin To Net: NetName=RES08 Pin=D17_Row3-K
Added Pin To Net: NetName=RES08 Pin=D17_Row4-K
Added Pin To Net: NetName=RES08 Pin=D17_Row5-K
Added Pin To Net: NetName=RES08 Pin=D17_Row6-K
Added Pin To Net: NetName=RES08 Pin=D17_Row7-K
Added Pin To Net: NetName=RES08 Pin=R23-1
Added Net: Name=RES08
Added Pin To Net: NetName=RES11 Pin=D26_Row1-K
Added Pin To Net: NetName=RES11 Pin=D26_Row2-K
Added Pin To Net: NetName=RES11 Pin=D26_Row3-K
Added Pin To Net: NetName=RES11 Pin=D26_Row4-K
Added Pin To Net: NetName=RES11 Pin=D26_Row5-K
Added Pin To Net: NetName=RES11 Pin=D26_Row6-K
Added Pin To Net: NetName=RES11 Pin=D26_Row7-K
Added Pin To Net: NetName=RES11 Pin=R25-1
Added Net: Name=RES11
Added Pin To Net: NetName=RES12 Pin=D27_Row1-K
Added Pin To Net: NetName=RES12 Pin=D27_Row2-K
Added Pin To Net: NetName=RES12 Pin=D27_Row3-K
Added Pin To Net: NetName=RES12 Pin=D27_Row4-K
Added Pin To Net: NetName=RES12 Pin=D27_Row5-K
Added Pin To Net: NetName=RES12 Pin=D27_Row6-K
Added Pin To Net: NetName=RES12 Pin=D27_Row7-K
Added Pin To Net: NetName=RES12 Pin=R26-1
Added Net: Name=RES12
Added Pin To Net: NetName=RES13 Pin=D28_Row1-K
Added Pin To Net: NetName=RES13 Pin=D28_Row2-K
Added Pin To Net: NetName=RES13 Pin=D28_Row3-K
Added Pin To Net: NetName=RES13 Pin=D28_Row4-K
Added Pin To Net: NetName=RES13 Pin=D28_Row5-K
Added Pin To Net: NetName=RES13 Pin=D28_Row6-K
Added Pin To Net: NetName=RES13 Pin=D28_Row7-K
Added Pin To Net: NetName=RES13 Pin=R27-1
Added Net: Name=RES13
Added Pin To Net: NetName=RES14 Pin=D29_Row1-K
Added Pin To Net: NetName=RES14 Pin=D29_Row2-K
Added Pin To Net: NetName=RES14 Pin=D29_Row3-K
Added Pin To Net: NetName=RES14 Pin=D29_Row4-K
Added Pin To Net: NetName=RES14 Pin=D29_Row5-K
Added Pin To Net: NetName=RES14 Pin=D29_Row6-K
Added Pin To Net: NetName=RES14 Pin=D29_Row7-K
Added Pin To Net: NetName=RES14 Pin=R28-1
Added Net: Name=RES14
Added Pin To Net: NetName=RES15 Pin=D30_Row1-K
Added Pin To Net: NetName=RES15 Pin=D30_Row2-K
Added Pin To Net: NetName=RES15 Pin=D30_Row3-K
Added Pin To Net: NetName=RES15 Pin=D30_Row4-K
Added Pin To Net: NetName=RES15 Pin=D30_Row5-K
Added Pin To Net: NetName=RES15 Pin=D30_Row6-K
Added Pin To Net: NetName=RES15 Pin=D30_Row7-K
Added Pin To Net: NetName=RES15 Pin=R29-1
Added Net: Name=RES15
Added Pin To Net: NetName=RES16 Pin=D31_Row1-K
Added Pin To Net: NetName=RES16 Pin=D31_Row2-K
Added Pin To Net: NetName=RES16 Pin=D31_Row3-K
Added Pin To Net: NetName=RES16 Pin=D31_Row4-K
Added Pin To Net: NetName=RES16 Pin=D31_Row5-K
Added Pin To Net: NetName=RES16 Pin=D31_Row6-K
Added Pin To Net: NetName=RES16 Pin=D31_Row7-K
Added Pin To Net: NetName=RES16 Pin=R30-1
Added Net: Name=RES16
Added Pin To Net: NetName=RES17 Pin=D32_Row1-K
Added Pin To Net: NetName=RES17 Pin=D32_Row2-K
Added Pin To Net: NetName=RES17 Pin=D32_Row3-K
Added Pin To Net: NetName=RES17 Pin=D32_Row4-K
Added Pin To Net: NetName=RES17 Pin=D32_Row5-K
Added Pin To Net: NetName=RES17 Pin=D32_Row6-K
Added Pin To Net: NetName=RES17 Pin=D32_Row7-K
Added Pin To Net: NetName=RES17 Pin=R31-1
Added Net: Name=RES17
Added Pin To Net: NetName=RES18 Pin=D33_Row1-K
Added Pin To Net: NetName=RES18 Pin=D33_Row2-K
Added Pin To Net: NetName=RES18 Pin=D33_Row3-K
Added Pin To Net: NetName=RES18 Pin=D33_Row4-K
Added Pin To Net: NetName=RES18 Pin=D33_Row5-K
Added Pin To Net: NetName=RES18 Pin=D33_Row6-K
Added Pin To Net: NetName=RES18 Pin=D33_Row7-K
Added Pin To Net: NetName=RES18 Pin=R32-1
Added Net: Name=RES18
Added Pin To Net: NetName=RES21 Pin=D18_Row1-K
Added Pin To Net: NetName=RES21 Pin=D18_Row2-K
Added Pin To Net: NetName=RES21 Pin=D18_Row3-K
Added Pin To Net: NetName=RES21 Pin=D18_Row4-K
Added Pin To Net: NetName=RES21 Pin=D18_Row5-K
Added Pin To Net: NetName=RES21 Pin=D18_Row6-K
Added Pin To Net: NetName=RES21 Pin=D18_Row7-K
Added Pin To Net: NetName=RES21 Pin=R10-1
Added Net: Name=RES21
Added Pin To Net: NetName=RES22 Pin=D19_Row1-K
Added Pin To Net: NetName=RES22 Pin=D19_Row2-K
Added Pin To Net: NetName=RES22 Pin=D19_Row3-K
Added Pin To Net: NetName=RES22 Pin=D19_Row4-K
Added Pin To Net: NetName=RES22 Pin=D19_Row5-K
Added Pin To Net: NetName=RES22 Pin=D19_Row6-K
Added Pin To Net: NetName=RES22 Pin=D19_Row7-K
Added Pin To Net: NetName=RES22 Pin=R12-1
Added Net: Name=RES22
Added Pin To Net: NetName=RES23 Pin=D20_Row1-K
Added Pin To Net: NetName=RES23 Pin=D20_Row2-K
Added Pin To Net: NetName=RES23 Pin=D20_Row3-K
Added Pin To Net: NetName=RES23 Pin=D20_Row4-K
Added Pin To Net: NetName=RES23 Pin=D20_Row5-K
Added Pin To Net: NetName=RES23 Pin=D20_Row6-K
Added Pin To Net: NetName=RES23 Pin=D20_Row7-K
Added Pin To Net: NetName=RES23 Pin=R14-1
Added Net: Name=RES23
Added Pin To Net: NetName=RES24 Pin=D21_Row1-K
Added Pin To Net: NetName=RES24 Pin=D21_Row2-K
Added Pin To Net: NetName=RES24 Pin=D21_Row3-K
Added Pin To Net: NetName=RES24 Pin=D21_Row4-K
Added Pin To Net: NetName=RES24 Pin=D21_Row5-K
Added Pin To Net: NetName=RES24 Pin=D21_Row6-K
Added Pin To Net: NetName=RES24 Pin=D21_Row7-K
Added Pin To Net: NetName=RES24 Pin=R16-1
Added Net: Name=RES24
Added Pin To Net: NetName=RES25 Pin=D22_Row1-K
Added Pin To Net: NetName=RES25 Pin=D22_Row2-K
Added Pin To Net: NetName=RES25 Pin=D22_Row3-K
Added Pin To Net: NetName=RES25 Pin=D22_Row4-K
Added Pin To Net: NetName=RES25 Pin=D22_Row5-K
Added Pin To Net: NetName=RES25 Pin=D22_Row6-K
Added Pin To Net: NetName=RES25 Pin=D22_Row7-K
Added Pin To Net: NetName=RES25 Pin=R18-1
Added Net: Name=RES25
Added Pin To Net: NetName=RES26 Pin=D23_Row1-K
Added Pin To Net: NetName=RES26 Pin=D23_Row2-K
Added Pin To Net: NetName=RES26 Pin=D23_Row3-K
Added Pin To Net: NetName=RES26 Pin=D23_Row4-K
Added Pin To Net: NetName=RES26 Pin=D23_Row5-K
Added Pin To Net: NetName=RES26 Pin=D23_Row6-K
Added Pin To Net: NetName=RES26 Pin=D23_Row7-K
Added Pin To Net: NetName=RES26 Pin=R20-1
Added Net: Name=RES26
Added Pin To Net: NetName=RES27 Pin=D24_Row1-K
Added Pin To Net: NetName=RES27 Pin=D24_Row2-K
Added Pin To Net: NetName=RES27 Pin=D24_Row3-K
Added Pin To Net: NetName=RES27 Pin=D24_Row4-K
Added Pin To Net: NetName=RES27 Pin=D24_Row5-K
Added Pin To Net: NetName=RES27 Pin=D24_Row6-K
Added Pin To Net: NetName=RES27 Pin=D24_Row7-K
Added Pin To Net: NetName=RES27 Pin=R22-1
Added Net: Name=RES27
Added Pin To Net: NetName=RES28 Pin=D25_Row1-K
Added Pin To Net: NetName=RES28 Pin=D25_Row2-K
Added Pin To Net: NetName=RES28 Pin=D25_Row3-K
Added Pin To Net: NetName=RES28 Pin=D25_Row4-K
Added Pin To Net: NetName=RES28 Pin=D25_Row5-K
Added Pin To Net: NetName=RES28 Pin=D25_Row6-K
Added Pin To Net: NetName=RES28 Pin=D25_Row7-K
Added Pin To Net: NetName=RES28 Pin=R24-1
Added Net: Name=RES28
Added Pin To Net: NetName=RO Pin=R2-2
Added Pin To Net: NetName=RO Pin=U1-1
Added Pin To Net: NetName=RO Pin=U2-9
Added Net: Name=RO
Added Pin To Net: NetName=ROW0 Pin=R6_Row7-2
Added Pin To Net: NetName=ROW0 Pin=R7_Row7-1
Added Pin To Net: NetName=ROW0 Pin=U5-1
Added Net: Name=ROW0
Added Pin To Net: NetName=ROW1 Pin=R6_Row6-2
Added Pin To Net: NetName=ROW1 Pin=R7_Row6-1
Added Pin To Net: NetName=ROW1 Pin=U5-2
Added Net: Name=ROW1
Added Pin To Net: NetName=ROW2 Pin=R6_Row5-2
Added Pin To Net: NetName=ROW2 Pin=R7_Row5-1
Added Pin To Net: NetName=ROW2 Pin=U5-3
Added Net: Name=ROW2
Added Pin To Net: NetName=ROW3 Pin=R6_Row4-2
Added Pin To Net: NetName=ROW3 Pin=R7_Row4-1
Added Pin To Net: NetName=ROW3 Pin=U5-4
Added Net: Name=ROW3
Added Pin To Net: NetName=ROW4 Pin=R6_Row3-2
Added Pin To Net: NetName=ROW4 Pin=R7_Row3-1
Added Pin To Net: NetName=ROW4 Pin=U5-5
Added Net: Name=ROW4
Added Pin To Net: NetName=ROW5 Pin=R6_Row2-2
Added Pin To Net: NetName=ROW5 Pin=R7_Row2-1
Added Pin To Net: NetName=ROW5 Pin=U5-6
Added Net: Name=ROW5
Added Pin To Net: NetName=ROW6 Pin=R6_Row1-2
Added Pin To Net: NetName=ROW6 Pin=R7_Row1-1
Added Pin To Net: NetName=ROW6 Pin=U5-7
Added Net: Name=ROW6
Added Pin To Net: NetName=RST Pin=C2-1
Added Pin To Net: NetName=RST Pin=P1-5
Added Pin To Net: NetName=RST Pin=R4-1
Added Pin To Net: NetName=RST Pin=S1-1
Added Pin To Net: NetName=RST Pin=U2-4
Added Net: Name=RST
Added Pin To Net: NetName=TCP_RESET Pin=U2-13
Added Net: Name=TCP_RESET
Added Pin To Net: NetName=USART1_RX Pin=U2-11
Added Net: Name=USART1_RX
Added Pin To Net: NetName=USART1_TX Pin=U2-12
Added Net: Name=USART1_TX
Added Pin To Net: NetName=VCC Pin=C1-1
Added Pin To Net: NetName=VCC Pin=C4-1
Added Pin To Net: NetName=VCC Pin=C5-1
Added Pin To Net: NetName=VCC Pin=C6-1
Added Pin To Net: NetName=VCC Pin=C7-1
Added Pin To Net: NetName=VCC Pin=C9_TPIC6B5951-1
Added Pin To Net: NetName=VCC Pin=C9_TPIC6B5952-1
Added Pin To Net: NetName=VCC Pin=C9_TPIC6B5953-1
Added Pin To Net: NetName=VCC Pin=C11-1
Added Pin To Net: NetName=VCC Pin=C13-1
Added Pin To Net: NetName=VCC Pin=C14-1
Added Pin To Net: NetName=VCC Pin=D2-2
Added Pin To Net: NetName=VCC Pin=D3-2
Added Pin To Net: NetName=VCC Pin=D4-2
Added Pin To Net: NetName=VCC Pin=D12-2
Added Pin To Net: NetName=VCC Pin=D14-2
Added Pin To Net: NetName=VCC Pin=D16-1
Added Pin To Net: NetName=VCC Pin=P1-2
Added Pin To Net: NetName=VCC Pin=R4-2
Added Pin To Net: NetName=VCC Pin=U1-8
Added Pin To Net: NetName=VCC Pin=U2-5
Added Pin To Net: NetName=VCC Pin=U2-17
Added Pin To Net: NetName=VCC Pin=U2-27
Added Pin To Net: NetName=VCC Pin=U2-38
Added Pin To Net: NetName=VCC Pin=U3_TPIC6B5951-1
Added Pin To Net: NetName=VCC Pin=U3_TPIC6B5951-7
Added Pin To Net: NetName=VCC Pin=U3_TPIC6B5952-1
Added Pin To Net: NetName=VCC Pin=U3_TPIC6B5952-7
Added Pin To Net: NetName=VCC Pin=U3_TPIC6B5953-1
Added Pin To Net: NetName=VCC Pin=U3_TPIC6B5953-7
Added Pin To Net: NetName=VCC Pin=U4-3
Added Pin To Net: NetName=VCC Pin=U5-16
Added Net: Name=VCC
Added Class: Name=BUS2
Added Class: Name=BUS3
Added Class: Name=COM485
Added Class: Name=CPU
Added Class: Name=MATRIX
Added Class: Name=Row1
Added Class: Name=Row2
Added Class: Name=Row3
Added Class: Name=Row4
Added Class: Name=Row5
Added Class: Name=Row6
Added Class: Name=Row7
Added Class: Name=RowCtrl
Added Class: Name=SUPPLY
Added Class: Name=TPIC6B5951
Added Class: Name=TPIC6B5952
Added Class: Name=TPIC6B5953
Added Class: Name=BUSConnector
Added Class: Name=RowDotMatrix
Added Class: Name=TPIC6B595_CommunicationInterface
Added Room: Name=BUS2
Added Room: Name=BUS3
Added Room: Name=COM485
Added Room: Name=CPU
Added Room: Name=MATRIX
Added Room: Name=Row1
Added Room: Name=Row2
Added Room: Name=Row3
Added Room: Name=Row4
Added Room: Name=Row5
Added Room: Name=Row6
Added Room: Name=Row7
Added Room: Name=RowCtrl
Added Room: Name=SUPPLY
Added Room: Name=TPIC6B5951
Added Room: Name=TPIC6B5952
Added Room: Name=TPIC6B5953
