Removed Pin From Net: NetName=OUT_Row6 Pin=D20_Row7-A
Removed Pin From Net: NetName=OUT_Row3 Pin=D28_Row4-A
Removed Pin From Net: NetName=OUT_Row3 Pin=D28_Row5-A
Removed Pin From Net: NetName=OUT_Row3 Pin=D28_Row6-A
Removed Pin From Net: NetName=OUT_Row3 Pin=D28_Row7-A
Removed Pin From Net: NetName=OUT_Row2 Pin=D31_Row3-K
Removed Pin From Net: NetName=OUT_Row2 Pin=D31_Row4-K
Removed Pin From Net: NetName=OUT_Row2 Pin=D31_Row5-K
Removed Pin From Net: NetName=OUT_Row2 Pin=D31_Row6-K
Removed Pin From Net: NetName=OUT_Row2 Pin=D31_Row7-K
Added Pin To Net: NetName=OUT_Row1 Pin=D5_Row1-A
Added Pin To Net: NetName=OUT_Row2 Pin=D5_Row2-A
Added Pin To Net: NetName=OUT_Row3 Pin=D5_Row3-A
Added Pin To Net: NetName=OUT_Row4 Pin=D5_Row4-A
Added Pin To Net: NetName=OUT_Row5 Pin=D5_Row5-A
Added Pin To Net: NetName=OUT_Row6 Pin=D5_Row6-A
Added Pin To Net: NetName=OUT_Row7 Pin=D5_Row7-A
Added Pin To Net: NetName=OUT_Row1 Pin=D6_Row1-A
Added Pin To Net: NetName=RES02 Pin=D6_Row1-K
Added Pin To Net: NetName=OUT_Row2 Pin=D6_Row2-A
Added Pin To Net: NetName=RES02 Pin=D6_Row2-K
Added Pin To Net: NetName=OUT_Row3 Pin=D6_Row3-A
Added Pin To Net: NetName=RES02 Pin=D6_Row3-K
Added Pin To Net: NetName=OUT_Row4 Pin=D6_Row4-A
Added Pin To Net: NetName=RES02 Pin=D6_Row4-K
Added Pin To Net: NetName=OUT_Row5 Pin=D6_Row5-A
Added Pin To Net: NetName=RES02 Pin=D6_Row5-K
Added Pin To Net: NetName=OUT_Row6 Pin=D6_Row6-A
Added Pin To Net: NetName=RES02 Pin=D6_Row6-K
Added Pin To Net: NetName=OUT_Row7 Pin=D6_Row7-A
Added Pin To Net: NetName=RES02 Pin=D6_Row7-K
Added Pin To Net: NetName=OUT_Row1 Pin=D7_Row1-A
Added Pin To Net: NetName=RES03 Pin=D7_Row1-K
Added Pin To Net: NetName=OUT_Row2 Pin=D7_Row2-A
Added Pin To Net: NetName=RES03 Pin=D7_Row2-K
Added Pin To Net: NetName=OUT_Row3 Pin=D7_Row3-A
Added Pin To Net: NetName=RES03 Pin=D7_Row3-K
Added Pin To Net: NetName=OUT_Row4 Pin=D7_Row4-A
Added Pin To Net: NetName=RES03 Pin=D7_Row4-K
Added Pin To Net: NetName=OUT_Row5 Pin=D7_Row5-A
Added Pin To Net: NetName=RES03 Pin=D7_Row5-K
Added Pin To Net: NetName=OUT_Row6 Pin=D7_Row6-A
Added Pin To Net: NetName=RES03 Pin=D7_Row6-K
Added Pin To Net: NetName=OUT_Row7 Pin=D7_Row7-A
Added Pin To Net: NetName=RES03 Pin=D7_Row7-K
Added Pin To Net: NetName=OUT_Row1 Pin=D8_Row1-A
Added Pin To Net: NetName=RES04 Pin=D8_Row1-K
Added Pin To Net: NetName=OUT_Row2 Pin=D8_Row2-A
Added Pin To Net: NetName=RES04 Pin=D8_Row2-K
Added Pin To Net: NetName=OUT_Row3 Pin=D8_Row3-A
Added Pin To Net: NetName=RES04 Pin=D8_Row3-K
Added Pin To Net: NetName=OUT_Row4 Pin=D8_Row4-A
Added Pin To Net: NetName=RES04 Pin=D8_Row4-K
Added Pin To Net: NetName=OUT_Row5 Pin=D8_Row5-A
Added Pin To Net: NetName=RES04 Pin=D8_Row5-K
Added Pin To Net: NetName=OUT_Row6 Pin=D8_Row6-A
Added Pin To Net: NetName=RES04 Pin=D8_Row6-K
Added Pin To Net: NetName=OUT_Row7 Pin=D8_Row7-A
Added Pin To Net: NetName=RES04 Pin=D8_Row7-K
Added Pin To Net: NetName=OUT_Row1 Pin=D9_Row1-A
Added Pin To Net: NetName=RES05 Pin=D9_Row1-K
Added Pin To Net: NetName=OUT_Row2 Pin=D9_Row2-A
Added Pin To Net: NetName=RES05 Pin=D9_Row2-K
Added Pin To Net: NetName=OUT_Row3 Pin=D9_Row3-A
Added Pin To Net: NetName=RES05 Pin=D9_Row3-K
Added Pin To Net: NetName=OUT_Row4 Pin=D9_Row4-A
Added Pin To Net: NetName=RES05 Pin=D9_Row4-K
Added Pin To Net: NetName=OUT_Row5 Pin=D9_Row5-A
Added Pin To Net: NetName=RES05 Pin=D9_Row5-K
Added Pin To Net: NetName=OUT_Row6 Pin=D9_Row6-A
Added Pin To Net: NetName=RES05 Pin=D9_Row6-K
Added Pin To Net: NetName=OUT_Row7 Pin=D9_Row7-A
Added Pin To Net: NetName=RES05 Pin=D9_Row7-K
Added Pin To Net: NetName=OUT_Row1 Pin=D10_Row1-A
Added Pin To Net: NetName=RES06 Pin=D10_Row1-K
Added Pin To Net: NetName=OUT_Row2 Pin=D10_Row2-A
Added Pin To Net: NetName=RES06 Pin=D10_Row2-K
Added Pin To Net: NetName=OUT_Row3 Pin=D10_Row3-A
Added Pin To Net: NetName=RES06 Pin=D10_Row3-K
Added Pin To Net: NetName=OUT_Row4 Pin=D10_Row4-A
Added Pin To Net: NetName=RES06 Pin=D10_Row4-K
Added Pin To Net: NetName=OUT_Row5 Pin=D10_Row5-A
Added Pin To Net: NetName=RES06 Pin=D10_Row5-K
Added Pin To Net: NetName=OUT_Row6 Pin=D10_Row6-A
Added Pin To Net: NetName=RES06 Pin=D10_Row6-K
Added Pin To Net: NetName=OUT_Row7 Pin=D10_Row7-A
Added Pin To Net: NetName=RES06 Pin=D10_Row7-K
Added Pin To Net: NetName=OUT_Row1 Pin=D11_Row1-A
Added Pin To Net: NetName=RES07 Pin=D11_Row1-K
Added Pin To Net: NetName=OUT_Row2 Pin=D11_Row2-A
Added Pin To Net: NetName=RES07 Pin=D11_Row2-K
Added Pin To Net: NetName=OUT_Row3 Pin=D11_Row3-A
Added Pin To Net: NetName=RES07 Pin=D11_Row3-K
Added Pin To Net: NetName=OUT_Row4 Pin=D11_Row4-A
Added Pin To Net: NetName=RES07 Pin=D11_Row4-K
Added Pin To Net: NetName=OUT_Row5 Pin=D11_Row5-A
Added Pin To Net: NetName=RES07 Pin=D11_Row5-K
Added Pin To Net: NetName=OUT_Row6 Pin=D11_Row6-A
Added Pin To Net: NetName=RES07 Pin=D11_Row6-K
Added Pin To Net: NetName=OUT_Row7 Pin=D11_Row7-A
Added Pin To Net: NetName=RES07 Pin=D11_Row7-K
Added Pin To Net: NetName=OUT_Row1 Pin=D17_Row1-A
Added Pin To Net: NetName=RES08 Pin=D17_Row1-K
Added Pin To Net: NetName=OUT_Row2 Pin=D17_Row2-A
Added Pin To Net: NetName=RES08 Pin=D17_Row2-K
Added Pin To Net: NetName=OUT_Row3 Pin=D17_Row3-A
Added Pin To Net: NetName=RES08 Pin=D17_Row3-K
Added Pin To Net: NetName=OUT_Row4 Pin=D17_Row4-A
Added Pin To Net: NetName=RES08 Pin=D17_Row4-K
Added Pin To Net: NetName=OUT_Row5 Pin=D17_Row5-A
Added Pin To Net: NetName=RES08 Pin=D17_Row5-K
Added Pin To Net: NetName=OUT_Row6 Pin=D17_Row6-A
Added Pin To Net: NetName=RES08 Pin=D17_Row6-K
Added Pin To Net: NetName=OUT_Row7 Pin=D17_Row7-A
Added Pin To Net: NetName=RES08 Pin=D17_Row7-K
Added Pin To Net: NetName=OUT_Row1 Pin=D18_Row1-A
Added Pin To Net: NetName=RES21 Pin=D18_Row1-K
Added Pin To Net: NetName=OUT_Row2 Pin=D18_Row2-A
Added Pin To Net: NetName=RES21 Pin=D18_Row2-K
Added Pin To Net: NetName=OUT_Row3 Pin=D18_Row3-A
Added Pin To Net: NetName=RES21 Pin=D18_Row3-K
Added Pin To Net: NetName=OUT_Row4 Pin=D18_Row4-A
Added Pin To Net: NetName=RES21 Pin=D18_Row4-K
Added Pin To Net: NetName=OUT_Row5 Pin=D18_Row5-A
Added Pin To Net: NetName=RES21 Pin=D18_Row5-K
Added Pin To Net: NetName=OUT_Row6 Pin=D18_Row6-A
Added Pin To Net: NetName=RES21 Pin=D18_Row6-K
Added Pin To Net: NetName=OUT_Row7 Pin=D18_Row7-A
Added Pin To Net: NetName=RES21 Pin=D18_Row7-K
Added Pin To Net: NetName=OUT_Row1 Pin=D19_Row1-A
Added Pin To Net: NetName=RES22 Pin=D19_Row1-K
Added Pin To Net: NetName=OUT_Row2 Pin=D19_Row2-A
Added Pin To Net: NetName=RES22 Pin=D19_Row2-K
Added Pin To Net: NetName=OUT_Row3 Pin=D19_Row3-A
Added Pin To Net: NetName=RES22 Pin=D19_Row3-K
Added Pin To Net: NetName=OUT_Row4 Pin=D19_Row4-A
Added Pin To Net: NetName=RES22 Pin=D19_Row4-K
Added Pin To Net: NetName=OUT_Row5 Pin=D19_Row5-A
Added Pin To Net: NetName=RES22 Pin=D19_Row5-K
Added Pin To Net: NetName=OUT_Row6 Pin=D19_Row6-A
Added Pin To Net: NetName=RES22 Pin=D19_Row6-K
Added Pin To Net: NetName=OUT_Row7 Pin=D19_Row7-A
Added Pin To Net: NetName=RES22 Pin=D19_Row7-K
Added Pin To Net: NetName=OUT_Row1 Pin=D20_Row1-A
Added Pin To Net: NetName=RES23 Pin=D20_Row1-K
Added Pin To Net: NetName=OUT_Row2 Pin=D20_Row2-A
Added Pin To Net: NetName=RES23 Pin=D20_Row2-K
Added Pin To Net: NetName=OUT_Row3 Pin=D20_Row3-A
Added Pin To Net: NetName=RES23 Pin=D20_Row3-K
Added Pin To Net: NetName=OUT_Row4 Pin=D20_Row4-A
Added Pin To Net: NetName=RES23 Pin=D20_Row4-K
Added Pin To Net: NetName=OUT_Row5 Pin=D20_Row5-A
Added Pin To Net: NetName=RES23 Pin=D20_Row5-K
Added Pin To Net: NetName=OUT_Row6 Pin=D20_Row6-A
Added Pin To Net: NetName=RES23 Pin=D20_Row6-K
Added Pin To Net: NetName=OUT_Row7 Pin=D20_Row7-A
Added Pin To Net: NetName=RES23 Pin=D20_Row7-K
Added Pin To Net: NetName=OUT_Row1 Pin=D21_Row1-A
Added Pin To Net: NetName=RES24 Pin=D21_Row1-K
Added Pin To Net: NetName=OUT_Row2 Pin=D21_Row2-A
Added Pin To Net: NetName=RES24 Pin=D21_Row2-K
Added Pin To Net: NetName=OUT_Row3 Pin=D21_Row3-A
Added Pin To Net: NetName=RES24 Pin=D21_Row3-K
Added Pin To Net: NetName=OUT_Row4 Pin=D21_Row4-A
Added Pin To Net: NetName=RES24 Pin=D21_Row4-K
Added Pin To Net: NetName=OUT_Row5 Pin=D21_Row5-A
Added Pin To Net: NetName=RES24 Pin=D21_Row5-K
Added Pin To Net: NetName=OUT_Row6 Pin=D21_Row6-A
Added Pin To Net: NetName=RES24 Pin=D21_Row6-K
Added Pin To Net: NetName=OUT_Row7 Pin=D21_Row7-A
Added Pin To Net: NetName=RES24 Pin=D21_Row7-K
Added Pin To Net: NetName=OUT_Row1 Pin=D22_Row1-A
Added Pin To Net: NetName=RES25 Pin=D22_Row1-K
Added Pin To Net: NetName=OUT_Row2 Pin=D22_Row2-A
Added Pin To Net: NetName=RES25 Pin=D22_Row2-K
Added Pin To Net: NetName=OUT_Row3 Pin=D22_Row3-A
Added Pin To Net: NetName=RES25 Pin=D22_Row3-K
Added Pin To Net: NetName=OUT_Row4 Pin=D22_Row4-A
Added Pin To Net: NetName=RES25 Pin=D22_Row4-K
Added Pin To Net: NetName=OUT_Row5 Pin=D22_Row5-A
Added Pin To Net: NetName=RES25 Pin=D22_Row5-K
Added Pin To Net: NetName=OUT_Row6 Pin=D22_Row6-A
Added Pin To Net: NetName=RES25 Pin=D22_Row6-K
Added Pin To Net: NetName=OUT_Row7 Pin=D22_Row7-A
Added Pin To Net: NetName=RES25 Pin=D22_Row7-K
Added Pin To Net: NetName=OUT_Row1 Pin=D23_Row1-A
Added Pin To Net: NetName=RES26 Pin=D23_Row1-K
Added Pin To Net: NetName=OUT_Row2 Pin=D23_Row2-A
Added Pin To Net: NetName=RES26 Pin=D23_Row2-K
Added Pin To Net: NetName=OUT_Row3 Pin=D23_Row3-A
Added Pin To Net: NetName=RES26 Pin=D23_Row3-K
Added Pin To Net: NetName=OUT_Row4 Pin=D23_Row4-A
Added Pin To Net: NetName=RES26 Pin=D23_Row4-K
Added Pin To Net: NetName=OUT_Row5 Pin=D23_Row5-A
Added Pin To Net: NetName=RES26 Pin=D23_Row5-K
Added Pin To Net: NetName=OUT_Row6 Pin=D23_Row6-A
Added Pin To Net: NetName=RES26 Pin=D23_Row6-K
Added Pin To Net: NetName=OUT_Row7 Pin=D23_Row7-A
Added Pin To Net: NetName=RES26 Pin=D23_Row7-K
Added Pin To Net: NetName=OUT_Row1 Pin=D24_Row1-A
Added Pin To Net: NetName=RES27 Pin=D24_Row1-K
Added Pin To Net: NetName=OUT_Row2 Pin=D24_Row2-A
Added Pin To Net: NetName=RES27 Pin=D24_Row2-K
Added Pin To Net: NetName=OUT_Row3 Pin=D24_Row3-A
Added Pin To Net: NetName=RES27 Pin=D24_Row3-K
Added Pin To Net: NetName=OUT_Row4 Pin=D24_Row4-A
Added Pin To Net: NetName=RES27 Pin=D24_Row4-K
Added Pin To Net: NetName=OUT_Row5 Pin=D24_Row5-A
Added Pin To Net: NetName=RES27 Pin=D24_Row5-K
Added Pin To Net: NetName=OUT_Row6 Pin=D24_Row6-A
Added Pin To Net: NetName=RES27 Pin=D24_Row6-K
Added Pin To Net: NetName=OUT_Row7 Pin=D24_Row7-A
Added Pin To Net: NetName=RES27 Pin=D24_Row7-K
Added Pin To Net: NetName=OUT_Row1 Pin=D25_Row1-A
Added Pin To Net: NetName=RES28 Pin=D25_Row1-K
Added Pin To Net: NetName=OUT_Row2 Pin=D25_Row2-A
Added Pin To Net: NetName=RES28 Pin=D25_Row2-K
Added Pin To Net: NetName=OUT_Row3 Pin=D25_Row3-A
Added Pin To Net: NetName=RES28 Pin=D25_Row3-K
Added Pin To Net: NetName=OUT_Row4 Pin=D25_Row4-A
Added Pin To Net: NetName=RES28 Pin=D25_Row4-K
Added Pin To Net: NetName=OUT_Row5 Pin=D25_Row5-A
Added Pin To Net: NetName=RES28 Pin=D25_Row5-K
Added Pin To Net: NetName=OUT_Row6 Pin=D25_Row6-A
Added Pin To Net: NetName=RES28 Pin=D25_Row6-K
Added Pin To Net: NetName=OUT_Row7 Pin=D25_Row7-A
Added Pin To Net: NetName=RES28 Pin=D25_Row7-K
Added Pin To Net: NetName=OUT_Row1 Pin=D26_Row1-A
Added Pin To Net: NetName=RES11 Pin=D26_Row1-K
Added Pin To Net: NetName=OUT_Row2 Pin=D26_Row2-A
Added Pin To Net: NetName=RES11 Pin=D26_Row2-K
Added Pin To Net: NetName=OUT_Row3 Pin=D26_Row3-A
Added Pin To Net: NetName=RES11 Pin=D26_Row3-K
Added Pin To Net: NetName=OUT_Row4 Pin=D26_Row4-A
Added Pin To Net: NetName=RES11 Pin=D26_Row4-K
Added Pin To Net: NetName=OUT_Row5 Pin=D26_Row5-A
Added Pin To Net: NetName=RES11 Pin=D26_Row5-K
Added Pin To Net: NetName=OUT_Row6 Pin=D26_Row6-A
Added Pin To Net: NetName=RES11 Pin=D26_Row6-K
Added Pin To Net: NetName=OUT_Row7 Pin=D26_Row7-A
Added Pin To Net: NetName=RES11 Pin=D26_Row7-K
Added Pin To Net: NetName=OUT_Row1 Pin=D27_Row1-A
Added Pin To Net: NetName=RES12 Pin=D27_Row1-K
Added Pin To Net: NetName=OUT_Row2 Pin=D27_Row2-A
Added Pin To Net: NetName=RES12 Pin=D27_Row2-K
Added Pin To Net: NetName=OUT_Row3 Pin=D27_Row3-A
Added Pin To Net: NetName=RES12 Pin=D27_Row3-K
Added Pin To Net: NetName=OUT_Row4 Pin=D27_Row4-A
Added Pin To Net: NetName=RES12 Pin=D27_Row4-K
Added Pin To Net: NetName=OUT_Row5 Pin=D27_Row5-A
Added Pin To Net: NetName=RES12 Pin=D27_Row5-K
Added Pin To Net: NetName=OUT_Row6 Pin=D27_Row6-A
Added Pin To Net: NetName=RES12 Pin=D27_Row6-K
Added Pin To Net: NetName=OUT_Row7 Pin=D27_Row7-A
Added Pin To Net: NetName=RES12 Pin=D27_Row7-K
Added Pin To Net: NetName=OUT_Row1 Pin=D28_Row1-A
Added Pin To Net: NetName=RES13 Pin=D28_Row1-K
Added Pin To Net: NetName=OUT_Row2 Pin=D28_Row2-A
Added Pin To Net: NetName=RES13 Pin=D28_Row2-K
Added Pin To Net: NetName=OUT_Row3 Pin=D28_Row3-A
Added Pin To Net: NetName=RES13 Pin=D28_Row3-K
Added Pin To Net: NetName=OUT_Row4 Pin=D28_Row4-A
Added Pin To Net: NetName=RES13 Pin=D28_Row4-K
Added Pin To Net: NetName=OUT_Row5 Pin=D28_Row5-A
Added Pin To Net: NetName=RES13 Pin=D28_Row5-K
Added Pin To Net: NetName=OUT_Row6 Pin=D28_Row6-A
Added Pin To Net: NetName=RES13 Pin=D28_Row6-K
Added Pin To Net: NetName=OUT_Row7 Pin=D28_Row7-A
Added Pin To Net: NetName=RES13 Pin=D28_Row7-K
Added Pin To Net: NetName=OUT_Row1 Pin=D29_Row1-A
Added Pin To Net: NetName=RES14 Pin=D29_Row1-K
Added Pin To Net: NetName=OUT_Row2 Pin=D29_Row2-A
Added Pin To Net: NetName=RES14 Pin=D29_Row2-K
Added Pin To Net: NetName=OUT_Row3 Pin=D29_Row3-A
Added Pin To Net: NetName=RES14 Pin=D29_Row3-K
Added Pin To Net: NetName=OUT_Row4 Pin=D29_Row4-A
Added Pin To Net: NetName=RES14 Pin=D29_Row4-K
Added Pin To Net: NetName=OUT_Row5 Pin=D29_Row5-A
Added Pin To Net: NetName=RES14 Pin=D29_Row5-K
Added Pin To Net: NetName=OUT_Row6 Pin=D29_Row6-A
Added Pin To Net: NetName=RES14 Pin=D29_Row6-K
Added Pin To Net: NetName=OUT_Row7 Pin=D29_Row7-A
Added Pin To Net: NetName=RES14 Pin=D29_Row7-K
Added Pin To Net: NetName=OUT_Row1 Pin=D30_Row1-A
Added Pin To Net: NetName=RES15 Pin=D30_Row1-K
Added Pin To Net: NetName=OUT_Row2 Pin=D30_Row2-A
Added Pin To Net: NetName=RES15 Pin=D30_Row2-K
Added Pin To Net: NetName=OUT_Row3 Pin=D30_Row3-A
Added Pin To Net: NetName=RES15 Pin=D30_Row3-K
Added Pin To Net: NetName=OUT_Row4 Pin=D30_Row4-A
Added Pin To Net: NetName=RES15 Pin=D30_Row4-K
Added Pin To Net: NetName=OUT_Row5 Pin=D30_Row5-A
Added Pin To Net: NetName=RES15 Pin=D30_Row5-K
Added Pin To Net: NetName=OUT_Row6 Pin=D30_Row6-A
Added Pin To Net: NetName=RES15 Pin=D30_Row6-K
Added Pin To Net: NetName=OUT_Row7 Pin=D30_Row7-A
Added Pin To Net: NetName=RES15 Pin=D30_Row7-K
Added Pin To Net: NetName=OUT_Row1 Pin=D31_Row1-A
Added Pin To Net: NetName=RES16 Pin=D31_Row1-K
Added Pin To Net: NetName=OUT_Row2 Pin=D31_Row2-A
Added Pin To Net: NetName=RES16 Pin=D31_Row2-K
Added Pin To Net: NetName=OUT_Row3 Pin=D31_Row3-A
Added Pin To Net: NetName=RES16 Pin=D31_Row3-K
Added Pin To Net: NetName=OUT_Row4 Pin=D31_Row4-A
Added Pin To Net: NetName=RES16 Pin=D31_Row4-K
Added Pin To Net: NetName=OUT_Row5 Pin=D31_Row5-A
Added Pin To Net: NetName=RES16 Pin=D31_Row5-K
Added Pin To Net: NetName=OUT_Row6 Pin=D31_Row6-A
Added Pin To Net: NetName=RES16 Pin=D31_Row6-K
Added Pin To Net: NetName=OUT_Row7 Pin=D31_Row7-A
Added Pin To Net: NetName=RES16 Pin=D31_Row7-K
Added Pin To Net: NetName=OUT_Row1 Pin=D32_Row1-A
Added Pin To Net: NetName=RES17 Pin=D32_Row1-K
Added Pin To Net: NetName=OUT_Row2 Pin=D32_Row2-A
Added Pin To Net: NetName=RES17 Pin=D32_Row2-K
Added Pin To Net: NetName=OUT_Row3 Pin=D32_Row3-A
Added Pin To Net: NetName=RES17 Pin=D32_Row3-K
Added Pin To Net: NetName=OUT_Row4 Pin=D32_Row4-A
Added Pin To Net: NetName=RES17 Pin=D32_Row4-K
Added Pin To Net: NetName=OUT_Row5 Pin=D32_Row5-A
Added Pin To Net: NetName=RES17 Pin=D32_Row5-K
Added Pin To Net: NetName=OUT_Row6 Pin=D32_Row6-A
Added Pin To Net: NetName=RES17 Pin=D32_Row6-K
Added Pin To Net: NetName=OUT_Row7 Pin=D32_Row7-A
Added Pin To Net: NetName=RES17 Pin=D32_Row7-K
Added Pin To Net: NetName=OUT_Row1 Pin=D33_Row1-A
Added Pin To Net: NetName=RES18 Pin=D33_Row1-K
Added Pin To Net: NetName=OUT_Row2 Pin=D33_Row2-A
Added Pin To Net: NetName=RES18 Pin=D33_Row2-K
Added Pin To Net: NetName=OUT_Row3 Pin=D33_Row3-A
Added Pin To Net: NetName=RES18 Pin=D33_Row3-K
Added Pin To Net: NetName=OUT_Row4 Pin=D33_Row4-A
Added Pin To Net: NetName=RES18 Pin=D33_Row4-K
Added Pin To Net: NetName=OUT_Row5 Pin=D33_Row5-A
Added Pin To Net: NetName=RES18 Pin=D33_Row5-K
Added Pin To Net: NetName=OUT_Row6 Pin=D33_Row6-A
Added Pin To Net: NetName=RES18 Pin=D33_Row6-K
Added Pin To Net: NetName=OUT_Row7 Pin=D33_Row7-A
Added Pin To Net: NetName=RES18 Pin=D33_Row7-K
Added Pin To Net: NetName=NetQ1_Row7_1 Pin=Q1_Row7-1
Added Pin To Net: NetName=ROW6 Pin=R6_Row7-2
Added Pin To Net: NetName=ROW6 Pin=R7_Row7-1
Added Pin To Net: NetName=NetQ1_Row7_1 Pin=R7_Row7-2
Added Pin To Net: NetName=NetR11_2 Pin=R11-2
Added Pin To Net: NetName=RES03 Pin=R13-1
Added Pin To Net: NetName=NetR13_2 Pin=R13-2
Added Pin To Net: NetName=RES04 Pin=R15-1
Added Pin To Net: NetName=NetR15_2 Pin=R15-2
Added Pin To Net: NetName=RES06 Pin=R19-1
Added Pin To Net: NetName=NetR19_2 Pin=R19-2
Added Pin To Net: NetName=NetR21_2 Pin=R21-2
Added Pin To Net: NetName=NetR23_2 Pin=R23-2
Removed Pin From Net: NetName=RES04 Pin=R17-1
Added Pin To Net: NetName=RES05 Pin=R17-1
Removed Pin From Net: NetName=NetR15_2 Pin=R17-2
Added Pin To Net: NetName=NetR17_2 Pin=R17-2
Removed Pin From Net: NetName=GND Pin=R21-1
Added Pin To Net: NetName=RES07 Pin=R21-1
Removed Pin From Net: NetName=RES06 Pin=R23-1
Added Pin To Net: NetName=RES08 Pin=R23-1
