Removed Pin From Net: NetName=OUT_Row7 Pin=Q1_Row1-2
Removed Pin From Net: NetName=OUT_Row6 Pin=Q1_Row2-2
Removed Pin From Net: NetName=OUT_Row5 Pin=Q1_Row3-2
Removed Pin From Net: NetName=OUT_Row3 Pin=Q1_Row5-2
Removed Pin From Net: NetName=OUT_Row2 Pin=Q1_Row6-2
Removed Pin From Net: NetName=OUT_Row1 Pin=Q1_Row7-2
Removed Pin From Net: NetName=ROW0 Pin=R6_Row1-2
Removed Pin From Net: NetName=ROW1 Pin=R6_Row2-2
Removed Pin From Net: NetName=ROW2 Pin=R6_Row3-2
Removed Pin From Net: NetName=ROW4 Pin=R6_Row5-2
Removed Pin From Net: NetName=ROW5 Pin=R6_Row6-2
Removed Pin From Net: NetName=ROW6 Pin=R6_Row7-2
Removed Pin From Net: NetName=ROW0 Pin=R7_Row1-1
Removed Pin From Net: NetName=ROW1 Pin=R7_Row2-1
Removed Pin From Net: NetName=ROW2 Pin=R7_Row3-1
Removed Pin From Net: NetName=ROW4 Pin=R7_Row5-1
Removed Pin From Net: NetName=ROW5 Pin=R7_Row6-1
Removed Pin From Net: NetName=ROW6 Pin=R7_Row7-1
Added Pin To Net: NetName=OUT_Row1 Pin=Q1_Row1-2
Added Pin To Net: NetName=OUT_Row2 Pin=Q1_Row2-2
Added Pin To Net: NetName=OUT_Row3 Pin=Q1_Row3-2
Added Pin To Net: NetName=OUT_Row5 Pin=Q1_Row5-2
Added Pin To Net: NetName=OUT_Row6 Pin=Q1_Row6-2
Added Pin To Net: NetName=OUT_Row7 Pin=Q1_Row7-2
Added Pin To Net: NetName=ROW6 Pin=R6_Row1-2
Added Pin To Net: NetName=ROW5 Pin=R6_Row2-2
Added Pin To Net: NetName=ROW4 Pin=R6_Row3-2
Added Pin To Net: NetName=ROW2 Pin=R6_Row5-2
Added Pin To Net: NetName=ROW1 Pin=R6_Row6-2
Added Pin To Net: NetName=ROW0 Pin=R6_Row7-2
Added Pin To Net: NetName=ROW6 Pin=R7_Row1-1
Added Pin To Net: NetName=ROW5 Pin=R7_Row2-1
Added Pin To Net: NetName=ROW4 Pin=R7_Row3-1
Added Pin To Net: NetName=ROW2 Pin=R7_Row5-1
Added Pin To Net: NetName=ROW1 Pin=R7_Row6-1
Added Pin To Net: NetName=ROW0 Pin=R7_Row7-1
Change Net Name : Old Net Name=NetQ1_Row1_1 New Net Name=NetQ1_Row7_1
Change Net Name : Old Net Name=NetQ1_Row2_1 New Net Name=NetQ1_Row6_1
Change Net Name : Old Net Name=NetQ1_Row3_1 New Net Name=NetQ1_Row5_1
Change Net Name : Old Net Name=NetQ1_Row5_1 New Net Name=NetQ1_Row3_1
Change Net Name : Old Net Name=NetQ1_Row6_1 New Net Name=NetQ1_Row2_1
Change Net Name : Old Net Name=NetQ1_Row7_1 New Net Name=NetQ1_Row1_1
