Added Pin To Net: NetName=GND Pin=C15-2
Added Pin To Net: NetName=+3.3V Pin=R6-1
Added Pin To Net: NetName=UART0_TX_A Pin=R6-2
Added Pin To Net: NetName=+3.3V Pin=R7-1
Added Pin To Net: NetName=UART0_RX_Y Pin=R7-2
Added Pin To Net: NetName=+3.3V Pin=R11-1
Added Pin To Net: NetName=RESET_Y Pin=R11-2
Added Pin To Net: NetName=VCC Pin=R12-1
Added Pin To Net: NetName=UART0_TX_Y Pin=R12-2
Added Pin To Net: NetName=VCC Pin=R13-1
Added Pin To Net: NetName=UART0_RX_A Pin=R13-2
Added Pin To Net: NetName=VCC Pin=R16-1
Added Pin To Net: NetName=RESET_A Pin=R16-2
Added Pin To Net: NetName=UART0_TX_A Pin=U5-1
Added Pin To Net: NetName=UART0_TX_Y Pin=U5-2
Added Pin To Net: NetName=UART0_RX_A Pin=U5-3
Added Pin To Net: NetName=UART0_RX_Y Pin=U5-4
Added Pin To Net: NetName=RESET_A Pin=U5-5
Added Pin To Net: NetName=RESET_Y Pin=U5-6
Added Pin To Net: NetName=GND Pin=U5-7
