Added Pin To Net: NetName=VCC Pin=C1-1
Added Pin To Net: NetName=GND Pin=C1-2
Added Pin To Net: NetName=RST Pin=C2-1
Added Pin To Net: NetName=GND Pin=C2-2
Added Pin To Net: NetName=20MHZ_1 Pin=C3-1
Added Pin To Net: NetName=GND Pin=C3-2
Added Pin To Net: NetName=VCC Pin=C4-1
Added Pin To Net: NetName=GND Pin=C4-2
Added Pin To Net: NetName=VCC Pin=C5-1
Added Pin To Net: NetName=GND Pin=C5-2
Added Pin To Net: NetName=VCC Pin=C6-1
Added Pin To Net: NetName=GND Pin=C6-2
Added Pin To Net: NetName=VCC Pin=C7-1
Added Pin To Net: NetName=GND Pin=C7-2
Added Pin To Net: NetName=20MHZ_2 Pin=C8-1
Added Pin To Net: NetName=GND Pin=C8-2
Added Pin To Net: NetName=POWER_OUT Pin=C10-1
Added Pin To Net: NetName=GND Pin=C10-2
Added Pin To Net: NetName=VCC Pin=C11-1
Added Pin To Net: NetName=GND Pin=C11-2
Added Pin To Net: NetName=POWER_OUT Pin=C12-1
Added Pin To Net: NetName=GND Pin=C12-2
Added Pin To Net: NetName=VCC Pin=C13-1
Added Pin To Net: NetName=GND Pin=C13-2
Added Pin To Net: NetName=A Pin=D1-1
Added Pin To Net: NetName=B Pin=D1-2
Added Pin To Net: NetName=GND Pin=D1-3
Added Pin To Net: NetName=NetD2_1 Pin=D2-1
Added Pin To Net: NetName=VCC Pin=D2-2
Added Pin To Net: NetName=NetD3_1 Pin=D3-1
Added Pin To Net: NetName=VCC Pin=D3-2
Added Pin To Net: NetName=NetD4_1 Pin=D4-1
Added Pin To Net: NetName=VCC Pin=D4-2
Added Pin To Net: NetName=POWER_OUT Pin=D12-1
Added Pin To Net: NetName=VCC Pin=D12-2
Added Pin To Net: NetName=POWER_V+ Pin=D13-1
Added Pin To Net: NetName=POWER_V- Pin=D13-2
Added Pin To Net: NetName=GND Pin=D13-3
Added Pin To Net: NetName=POWER_OUT Pin=D13-4
Added Pin To Net: NetName=NetD14_1 Pin=D14-1
Added Pin To Net: NetName=VCC Pin=D14-2
Added Pin To Net: NetName=POWER_OUT Pin=D15-1
Added Pin To Net: NetName=GND Pin=D15-2
Added Pin To Net: NetName=VCC Pin=D16-1
Added Pin To Net: NetName=GND Pin=D16-2
Added Pin To Net: NetName=POWER_V+ Pin=J1_BUS2-1
Added Pin To Net: NetName=POWER_V+ Pin=J1_BUS2-2
Added Pin To Net: NetName=A Pin=J1_BUS2-4
Added Pin To Net: NetName=B Pin=J1_BUS2-6
Added Pin To Net: NetName=POWER_V- Pin=J1_BUS2-7
Added Pin To Net: NetName=POWER_V- Pin=J1_BUS2-8
Added Pin To Net: NetName=POWER_V+ Pin=J1_BUS3-1
Added Pin To Net: NetName=POWER_V+ Pin=J1_BUS3-2
Added Pin To Net: NetName=A Pin=J1_BUS3-4
Added Pin To Net: NetName=B Pin=J1_BUS3-6
Added Pin To Net: NetName=POWER_V- Pin=J1_BUS3-7
Added Pin To Net: NetName=POWER_V- Pin=J1_BUS3-8
Added Pin To Net: NetName=MOSI Pin=P1-1
Added Pin To Net: NetName=VCC Pin=P1-2
Added Pin To Net: NetName=SCK Pin=P1-3
Added Pin To Net: NetName=MISO Pin=P1-4
Added Pin To Net: NetName=RST Pin=P1-5
Added Pin To Net: NetName=GND Pin=P1-6
Added Pin To Net: NetName=COM_485_EN Pin=R1-1
Added Pin To Net: NetName=GND Pin=R1-2
Added Pin To Net: NetName=NetD2_1 Pin=R2-1
Added Pin To Net: NetName=RO Pin=R2-2
Added Pin To Net: NetName=NetD3_1 Pin=R3-1
Added Pin To Net: NetName=DI Pin=R3-2
Added Pin To Net: NetName=RST Pin=R4-1
Added Pin To Net: NetName=VCC Pin=R4-2
Added Pin To Net: NetName=IND Pin=R5-1
Added Pin To Net: NetName=NetD4_1 Pin=R5-2
Added Pin To Net: NetName=NetD14_1 Pin=R8-1
Added Pin To Net: NetName=GND Pin=R8-2
Added Pin To Net: NetName=RST Pin=S1-1
Added Pin To Net: NetName=GND Pin=S1-2
Added Pin To Net: NetName=RO Pin=U1-1
Added Pin To Net: NetName=COM_485_EN Pin=U1-2
Added Pin To Net: NetName=COM_485_EN Pin=U1-3
Added Pin To Net: NetName=DI Pin=U1-4
Added Pin To Net: NetName=GND Pin=U1-5
Added Pin To Net: NetName=A Pin=U1-6
Added Pin To Net: NetName=B Pin=U1-7
Added Pin To Net: NetName=VCC Pin=U1-8
Added Pin To Net: NetName=MOSI Pin=U2-1
Added Pin To Net: NetName=MISO Pin=U2-2
Added Pin To Net: NetName=SCK Pin=U2-3
Added Pin To Net: NetName=RST Pin=U2-4
Added Pin To Net: NetName=VCC Pin=U2-5
Added Pin To Net: NetName=GND Pin=U2-6
Added Pin To Net: NetName=20MHZ_2 Pin=U2-7
Added Pin To Net: NetName=20MHZ_1 Pin=U2-8
Added Pin To Net: NetName=RO Pin=U2-9
Added Pin To Net: NetName=DI Pin=U2-10
Added Pin To Net: NetName=UART0_TX_Y Pin=U2-11
Added Pin To Net: NetName=UART0_RX_A Pin=U2-12
Added Pin To Net: NetName=RESET_A Pin=U2-13
Added Pin To Net: NetName=COM_485_EN Pin=U2-14
Added Pin To Net: NetName=VCC Pin=U2-17
Added Pin To Net: NetName=GND Pin=U2-18
Added Pin To Net: NetName=IND Pin=U2-22
Added Pin To Net: NetName=VCC Pin=U2-27
Added Pin To Net: NetName=GND Pin=U2-28
Added Pin To Net: NetName=PIN_A Pin=U2-30
Added Pin To Net: NetName=PIN_B Pin=U2-31
Added Pin To Net: NetName=PIN_C Pin=U2-32
Added Pin To Net: NetName=PIN_D Pin=U2-33
Added Pin To Net: NetName=RCK Pin=U2-37
Added Pin To Net: NetName=VCC Pin=U2-38
Added Pin To Net: NetName=GND Pin=U2-39
Added Pin To Net: NetName=POWER_OUT Pin=U4-1
Added Pin To Net: NetName=VCC Pin=U4-3
Added Pin To Net: NetName=GND Pin=U4-4
Added Pin To Net: NetName=20MHZ_2 Pin=Y1-1
Added Pin To Net: NetName=20MHZ_1 Pin=Y1-2
Added Room: Name=BUS2
Added Room: Name=BUS3
Added Room: Name=COM485
Added Room: Name=CPU
Added Room: Name=POWER
Added Room: Name=SUPPLY
